#-----------------------------------------------------------
# Vivado v2018.3 (64-bit)
# SW Build 2405991 on Thu Dec  6 23:38:27 MST 2018
# IP Build 2404404 on Fri Dec  7 01:43:56 MST 2018
# Start of session at: Sun Jun 14 15:10:26 2020
# Process ID: 1836
# Current directory: C:/Users/Administrator/Desktop/K7325/DEMO/k717_ddr3_axi_read_write
# Command line: vivado.exe -gui_launcher_event rodinguilauncherevent3052 C:\Users\Administrator\Desktop\K7325\DEMO\k717_ddr3_axi_read_write\k717_ddr3_axi_read_write.xpr
# Log file: C:/Users/Administrator/Desktop/K7325/DEMO/k717_ddr3_axi_read_write/vivado.log
# Journal file: C:/Users/Administrator/Desktop/K7325/DEMO/k717_ddr3_axi_read_write\vivado.jou
#-----------------------------------------------------------
start_gui
open_project C:/Users/Administrator/Desktop/K7325/DEMO/k717_ddr3_axi_read_write/k717_ddr3_axi_read_write.xpr
CRITICAL WARNING: [Project 1-19] Could not find the file 'C:/Users/Administrator/Desktop/K7325/DEMO/k717_ddr3_axi_read_write/k717_ddr3_axi_read_write.srcs/sources_1/new/axi_master.v'.
Scanning sources...
Finished scanning sources
CRITICAL WARNING: [Project 1-192] Failed to load run synth_1. Strategy Vivado Synthesis Defaults (Vivado Synthesis 2019) not recognized by Vivado. 

CRITICAL WARNING: [Project 1-192] Failed to load run clk_wiz_0_synth_1. Strategy Vivado Synthesis Defaults (Vivado Synthesis 2019) not recognized by Vivado. 

CRITICAL WARNING: [Project 1-192] Failed to load run synth_2. Strategy Vivado Synthesis Defaults (Vivado Synthesis 2019) not recognized by Vivado. 

CRITICAL WARNING: [Project 1-192] Failed to load run impl_1. Strategy Vivado Implementation Defaults (Vivado Implementation 2019) not recognized by Vivado. 

CRITICAL WARNING: [Project 1-192] Failed to load run clk_wiz_0_impl_1. Strategy Vivado Implementation Defaults (Vivado Implementation 2019) not recognized by Vivado. 

CRITICAL WARNING: [Project 1-192] Failed to load run impl_2. Strategy Vivado Implementation Defaults (Vivado Implementation 2019) not recognized by Vivado. 

CRITICAL WARNING: [Project 1-505] Unrecognized Option Name DcpsUptoDate
INFO: [IP_Flow 19-234] Refreshing IP repositories
INFO: [IP_Flow 19-1704] No user IP repositories specified
INFO: [IP_Flow 19-2313] Loaded Vivado IP repository 'C:/Xilinx/2018.3/Vivado/2018.3/data/ip'.
WARNING: [IP_Flow 19-2162] IP 'mig_7series_0' is locked:
* Project containing IP 'mig_7series_0' is read-only.
* IP definition 'Memory Interface Generator (MIG 7 Series) (4.2)' for IP 'mig_7series_0' (customized with software release 2019.2) has a different revision in the IP Catalog.
Please select 'Report IP Status' from the 'Tools/Report' menu or run Tcl command 'report_ip_status' for more information.
WARNING: [IP_Flow 19-2162] IP 'clk_wiz_0' is locked:
* Project containing IP 'clk_wiz_0' is read-only.
* IP definition 'Clocking Wizard (6.0)' for IP 'clk_wiz_0' (customized with software release 2019.2) has a different revision in the IP Catalog.
Please select 'Report IP Status' from the 'Tools/Report' menu or run Tcl command 'report_ip_status' for more information.
WARNING: [Project 1-231] Project 'k717_ddr3_axi_read_write.xpr' was created with a future version and may or may not perform reliably with this version of Vivado. It has been opened in read-only mode for the protection of unrecognized data. Use 'File | Save Project As...' if you wish to alter a copy of the project.
open_project: Time (s): cpu = 00:00:12 ; elapsed = 00:00:07 . Memory (MB): peak = 798.156 ; gain = 157.852
update_compile_order -fileset sources_1
update_compile_order -fileset sources_1
exit
INFO: [Common 17-206] Exiting Vivado at Sun Jun 14 15:11:47 2020...
