#-----------------------------------------------------------
# Vivado v2019.2 (64-bit)
# SW Build 2708876 on Wed Nov  6 21:40:23 MST 2019
# IP Build 2700528 on Thu Nov  7 00:09:20 MST 2019
# Start of session at: Fri Jul 10 12:12:41 2020
# Process ID: 1080
# Current directory: C:/Users/Administrator/Desktop/K7325/DEMO/k717_ddr3_axi_read_write
# Command line: vivado.exe -gui_launcher_event rodinguilauncherevent17904 C:\Users\Administrator\Desktop\K7325\DEMO\k717_ddr3_axi_read_write\k717_ddr3_axi_read_write.xpr
# Log file: C:/Users/Administrator/Desktop/K7325/DEMO/k717_ddr3_axi_read_write/vivado.log
# Journal file: C:/Users/Administrator/Desktop/K7325/DEMO/k717_ddr3_axi_read_write\vivado.jou
#-----------------------------------------------------------
start_gui
open_project C:/Users/Administrator/Desktop/K7325/DEMO/k717_ddr3_axi_read_write/k717_ddr3_axi_read_write.xpr
Scanning sources...
Finished scanning sources
INFO: [IP_Flow 19-234] Refreshing IP repositories
INFO: [IP_Flow 19-1704] No user IP repositories specified
INFO: [IP_Flow 19-2313] Loaded Vivado IP repository 'C:/Xilinx/Vivado/2019.2/data/ip'.
open_project: Time (s): cpu = 00:00:20 ; elapsed = 00:00:10 . Memory (MB): peak = 959.531 ; gain = 307.801
update_compile_order -fileset sources_1
exit
INFO: [Common 17-206] Exiting Vivado at Fri Jul 10 13:33:52 2020...
