
*** Running vivado
    with args -log blk_mem_gen_0.vds -m64 -product Vivado -mode batch -messageDb vivado.pb -notrace -source blk_mem_gen_0.tcl


****** Vivado v2019.2 (64-bit)
  **** SW Build 2708876 on Wed Nov  6 21:40:23 MST 2019
  **** IP Build 2700528 on Thu Nov  7 00:09:20 MST 2019
    ** Copyright 1986-2019 Xilinx, Inc. All Rights Reserved.

source blk_mem_gen_0.tcl -notrace
Command: synth_design -top blk_mem_gen_0 -part xc7k325tffg676-2 -mode out_of_context
Starting synth_design
Attempting to get a license for feature 'Synthesis' and/or device 'xc7k325t'
INFO: [Common 17-349] Got license for feature 'Synthesis' and/or device 'xc7k325t'
INFO: [Device 21-403] Loading part xc7k325tffg676-2
INFO: Launching helper process for spawning children vivado processes
INFO: Helper process launched with PID 17140 
---------------------------------------------------------------------------------
Starting RTL Elaboration : Time (s): cpu = 00:00:06 ; elapsed = 00:00:06 . Memory (MB): peak = 1045.516 ; gain = 233.910
---------------------------------------------------------------------------------
INFO: [Synth 8-638] synthesizing module 'blk_mem_gen_0' [c:/Users/Administrator/Desktop/K7325/DEMO/k711_ov5640_capture_to_ram/k711_ov5640_capture_to_ram.srcs/sources_1/ip/blk_mem_gen_0/synth/blk_mem_gen_0.vhd:73]
	Parameter C_FAMILY bound to: kintex7 - type: string 
	Parameter C_XDEVICEFAMILY bound to: kintex7 - type: string 
	Parameter C_ELABORATION_DIR bound to: ./ - type: string 
	Parameter C_INTERFACE_TYPE bound to: 0 - type: integer 
	Parameter C_AXI_TYPE bound to: 1 - type: integer 
	Parameter C_AXI_SLAVE_TYPE bound to: 0 - type: integer 
	Parameter C_USE_BRAM_BLOCK bound to: 0 - type: integer 
	Parameter C_ENABLE_32BIT_ADDRESS bound to: 0 - type: integer 
	Parameter C_CTRL_ECC_ALGO bound to: NONE - type: string 
	Parameter C_HAS_AXI_ID bound to: 0 - type: integer 
	Parameter C_AXI_ID_WIDTH bound to: 4 - type: integer 
	Parameter C_MEM_TYPE bound to: 1 - type: integer 
	Parameter C_BYTE_SIZE bound to: 9 - type: integer 
	Parameter C_ALGORITHM bound to: 1 - type: integer 
	Parameter C_PRIM_TYPE bound to: 1 - type: integer 
	Parameter C_LOAD_INIT_FILE bound to: 0 - type: integer 
	Parameter C_INIT_FILE_NAME bound to: no_coe_file_loaded - type: string 
	Parameter C_INIT_FILE bound to: blk_mem_gen_0.mem - type: string 
	Parameter C_USE_DEFAULT_DATA bound to: 0 - type: integer 
	Parameter C_DEFAULT_DATA bound to: 0 - type: string 
	Parameter C_HAS_RSTA bound to: 0 - type: integer 
	Parameter C_RST_PRIORITY_A bound to: CE - type: string 
	Parameter C_RSTRAM_A bound to: 0 - type: integer 
	Parameter C_INITA_VAL bound to: 0 - type: string 
	Parameter C_HAS_ENA bound to: 1 - type: integer 
	Parameter C_HAS_REGCEA bound to: 0 - type: integer 
	Parameter C_USE_BYTE_WEA bound to: 0 - type: integer 
	Parameter C_WEA_WIDTH bound to: 1 - type: integer 
	Parameter C_WRITE_MODE_A bound to: NO_CHANGE - type: string 
	Parameter C_WRITE_WIDTH_A bound to: 16 - type: integer 
	Parameter C_READ_WIDTH_A bound to: 16 - type: integer 
	Parameter C_WRITE_DEPTH_A bound to: 737280 - type: integer 
	Parameter C_READ_DEPTH_A bound to: 737280 - type: integer 
	Parameter C_ADDRA_WIDTH bound to: 20 - type: integer 
	Parameter C_HAS_RSTB bound to: 0 - type: integer 
	Parameter C_RST_PRIORITY_B bound to: CE - type: string 
	Parameter C_RSTRAM_B bound to: 0 - type: integer 
	Parameter C_INITB_VAL bound to: 0 - type: string 
	Parameter C_HAS_ENB bound to: 1 - type: integer 
	Parameter C_HAS_REGCEB bound to: 0 - type: integer 
	Parameter C_USE_BYTE_WEB bound to: 0 - type: integer 
	Parameter C_WEB_WIDTH bound to: 1 - type: integer 
	Parameter C_WRITE_MODE_B bound to: WRITE_FIRST - type: string 
	Parameter C_WRITE_WIDTH_B bound to: 16 - type: integer 
	Parameter C_READ_WIDTH_B bound to: 16 - type: integer 
	Parameter C_WRITE_DEPTH_B bound to: 737280 - type: integer 
	Parameter C_READ_DEPTH_B bound to: 737280 - type: integer 
	Parameter C_ADDRB_WIDTH bound to: 20 - type: integer 
	Parameter C_HAS_MEM_OUTPUT_REGS_A bound to: 0 - type: integer 
	Parameter C_HAS_MEM_OUTPUT_REGS_B bound to: 0 - type: integer 
	Parameter C_HAS_MUX_OUTPUT_REGS_A bound to: 0 - type: integer 
	Parameter C_HAS_MUX_OUTPUT_REGS_B bound to: 0 - type: integer 
	Parameter C_MUX_PIPELINE_STAGES bound to: 0 - type: integer 
	Parameter C_HAS_SOFTECC_INPUT_REGS_A bound to: 0 - type: integer 
	Parameter C_HAS_SOFTECC_OUTPUT_REGS_B bound to: 0 - type: integer 
	Parameter C_USE_SOFTECC bound to: 0 - type: integer 
	Parameter C_USE_ECC bound to: 0 - type: integer 
	Parameter C_EN_ECC_PIPE bound to: 0 - type: integer 
	Parameter C_READ_LATENCY_A bound to: 1 - type: integer 
	Parameter C_READ_LATENCY_B bound to: 1 - type: integer 
	Parameter C_HAS_INJECTERR bound to: 0 - type: integer 
	Parameter C_SIM_COLLISION_CHECK bound to: ALL - type: string 
	Parameter C_COMMON_CLK bound to: 0 - type: integer 
	Parameter C_DISABLE_WARN_BHV_COLL bound to: 0 - type: integer 
	Parameter C_EN_SLEEP_PIN bound to: 0 - type: integer 
	Parameter C_USE_URAM bound to: 0 - type: integer 
	Parameter C_EN_RDADDRA_CHG bound to: 0 - type: integer 
	Parameter C_EN_RDADDRB_CHG bound to: 0 - type: integer 
	Parameter C_EN_DEEPSLEEP_PIN bound to: 0 - type: integer 
	Parameter C_EN_SHUTDOWN_PIN bound to: 0 - type: integer 
	Parameter C_EN_SAFETY_CKT bound to: 0 - type: integer 
	Parameter C_DISABLE_WARN_BHV_RANGE bound to: 0 - type: integer 
	Parameter C_COUNT_36K_BRAM bound to: 337 - type: string 
	Parameter C_COUNT_18K_BRAM bound to: 1 - type: string 
	Parameter C_EST_POWER_SUMMARY bound to: Estimated Power for IP     :     33.430136 mW - type: string 
INFO: [Synth 8-3491] module 'blk_mem_gen_v8_4_4' declared at 'c:/Users/Administrator/Desktop/K7325/DEMO/k711_ov5640_capture_to_ram/k711_ov5640_capture_to_ram.srcs/sources_1/ip/blk_mem_gen_0/hdl/blk_mem_gen_v8_4_vhsyn_rfs.vhd:195321' bound to instance 'U0' of component 'blk_mem_gen_v8_4_4' [c:/Users/Administrator/Desktop/K7325/DEMO/k711_ov5640_capture_to_ram/k711_ov5640_capture_to_ram.srcs/sources_1/ip/blk_mem_gen_0/synth/blk_mem_gen_0.vhd:243]
INFO: [Synth 8-256] done synthesizing module 'blk_mem_gen_0' (11#1) [c:/Users/Administrator/Desktop/K7325/DEMO/k711_ov5640_capture_to_ram/k711_ov5640_capture_to_ram.srcs/sources_1/ip/blk_mem_gen_0/synth/blk_mem_gen_0.vhd:73]
WARNING: [Synth 8-3331] design blk_mem_output_block has unconnected port CLKB
WARNING: [Synth 8-3331] design blk_mem_output_block has unconnected port DOUTA_I[15]
WARNING: [Synth 8-3331] design blk_mem_output_block has unconnected port DOUTA_I[14]
WARNING: [Synth 8-3331] design blk_mem_output_block has unconnected port DOUTA_I[13]
WARNING: [Synth 8-3331] design blk_mem_output_block has unconnected port DOUTA_I[12]
WARNING: [Synth 8-3331] design blk_mem_output_block has unconnected port DOUTA_I[11]
WARNING: [Synth 8-3331] design blk_mem_output_block has unconnected port DOUTA_I[10]
WARNING: [Synth 8-3331] design blk_mem_output_block has unconnected port DOUTA_I[9]
WARNING: [Synth 8-3331] design blk_mem_output_block has unconnected port DOUTA_I[8]
WARNING: [Synth 8-3331] design blk_mem_output_block has unconnected port DOUTA_I[7]
WARNING: [Synth 8-3331] design blk_mem_output_block has unconnected port DOUTA_I[6]
WARNING: [Synth 8-3331] design blk_mem_output_block has unconnected port DOUTA_I[5]
WARNING: [Synth 8-3331] design blk_mem_output_block has unconnected port DOUTA_I[4]
WARNING: [Synth 8-3331] design blk_mem_output_block has unconnected port DOUTA_I[3]
WARNING: [Synth 8-3331] design blk_mem_output_block has unconnected port DOUTA_I[2]
WARNING: [Synth 8-3331] design blk_mem_output_block has unconnected port DOUTA_I[1]
WARNING: [Synth 8-3331] design blk_mem_output_block has unconnected port DOUTA_I[0]
WARNING: [Synth 8-3331] design blk_mem_output_block has unconnected port SBITERR_I
WARNING: [Synth 8-3331] design blk_mem_output_block has unconnected port DBITERR_I
WARNING: [Synth 8-3331] design blk_mem_output_block has unconnected port RDADDRECC_I[19]
WARNING: [Synth 8-3331] design blk_mem_output_block has unconnected port RDADDRECC_I[18]
WARNING: [Synth 8-3331] design blk_mem_output_block has unconnected port RDADDRECC_I[17]
WARNING: [Synth 8-3331] design blk_mem_output_block has unconnected port RDADDRECC_I[16]
WARNING: [Synth 8-3331] design blk_mem_output_block has unconnected port RDADDRECC_I[15]
WARNING: [Synth 8-3331] design blk_mem_output_block has unconnected port RDADDRECC_I[14]
WARNING: [Synth 8-3331] design blk_mem_output_block has unconnected port RDADDRECC_I[13]
WARNING: [Synth 8-3331] design blk_mem_output_block has unconnected port RDADDRECC_I[12]
WARNING: [Synth 8-3331] design blk_mem_output_block has unconnected port RDADDRECC_I[11]
WARNING: [Synth 8-3331] design blk_mem_output_block has unconnected port RDADDRECC_I[10]
WARNING: [Synth 8-3331] design blk_mem_output_block has unconnected port RDADDRECC_I[9]
WARNING: [Synth 8-3331] design blk_mem_output_block has unconnected port RDADDRECC_I[8]
WARNING: [Synth 8-3331] design blk_mem_output_block has unconnected port RDADDRECC_I[7]
WARNING: [Synth 8-3331] design blk_mem_output_block has unconnected port RDADDRECC_I[6]
WARNING: [Synth 8-3331] design blk_mem_output_block has unconnected port RDADDRECC_I[5]
WARNING: [Synth 8-3331] design blk_mem_output_block has unconnected port RDADDRECC_I[4]
WARNING: [Synth 8-3331] design blk_mem_output_block has unconnected port RDADDRECC_I[3]
WARNING: [Synth 8-3331] design blk_mem_output_block has unconnected port RDADDRECC_I[2]
WARNING: [Synth 8-3331] design blk_mem_output_block has unconnected port RDADDRECC_I[1]
WARNING: [Synth 8-3331] design blk_mem_output_block has unconnected port RDADDRECC_I[0]
WARNING: [Synth 8-3331] design blk_mem_gen_prim_wrapper__parameterized259 has unconnected port DOUTA[8]
WARNING: [Synth 8-3331] design blk_mem_gen_prim_wrapper__parameterized259 has unconnected port DOUTA[7]
WARNING: [Synth 8-3331] design blk_mem_gen_prim_wrapper__parameterized259 has unconnected port DOUTA[6]
WARNING: [Synth 8-3331] design blk_mem_gen_prim_wrapper__parameterized259 has unconnected port DOUTA[5]
WARNING: [Synth 8-3331] design blk_mem_gen_prim_wrapper__parameterized259 has unconnected port DOUTA[4]
WARNING: [Synth 8-3331] design blk_mem_gen_prim_wrapper__parameterized259 has unconnected port DOUTA[3]
WARNING: [Synth 8-3331] design blk_mem_gen_prim_wrapper__parameterized259 has unconnected port DOUTA[2]
WARNING: [Synth 8-3331] design blk_mem_gen_prim_wrapper__parameterized259 has unconnected port DOUTA[1]
WARNING: [Synth 8-3331] design blk_mem_gen_prim_wrapper__parameterized259 has unconnected port DOUTA[0]
WARNING: [Synth 8-3331] design blk_mem_gen_prim_wrapper__parameterized259 has unconnected port SBITERR
WARNING: [Synth 8-3331] design blk_mem_gen_prim_wrapper__parameterized259 has unconnected port DBITERR
WARNING: [Synth 8-3331] design blk_mem_gen_prim_wrapper__parameterized259 has unconnected port SSRA
WARNING: [Synth 8-3331] design blk_mem_gen_prim_wrapper__parameterized259 has unconnected port REGCEA
WARNING: [Synth 8-3331] design blk_mem_gen_prim_wrapper__parameterized259 has unconnected port SSRB
WARNING: [Synth 8-3331] design blk_mem_gen_prim_wrapper__parameterized259 has unconnected port WEB[0]
WARNING: [Synth 8-3331] design blk_mem_gen_prim_wrapper__parameterized259 has unconnected port DINB[8]
WARNING: [Synth 8-3331] design blk_mem_gen_prim_wrapper__parameterized259 has unconnected port DINB[7]
WARNING: [Synth 8-3331] design blk_mem_gen_prim_wrapper__parameterized259 has unconnected port DINB[6]
WARNING: [Synth 8-3331] design blk_mem_gen_prim_wrapper__parameterized259 has unconnected port DINB[5]
WARNING: [Synth 8-3331] design blk_mem_gen_prim_wrapper__parameterized259 has unconnected port DINB[4]
WARNING: [Synth 8-3331] design blk_mem_gen_prim_wrapper__parameterized259 has unconnected port DINB[3]
WARNING: [Synth 8-3331] design blk_mem_gen_prim_wrapper__parameterized259 has unconnected port DINB[2]
WARNING: [Synth 8-3331] design blk_mem_gen_prim_wrapper__parameterized259 has unconnected port DINB[1]
WARNING: [Synth 8-3331] design blk_mem_gen_prim_wrapper__parameterized259 has unconnected port DINB[0]
WARNING: [Synth 8-3331] design blk_mem_gen_prim_wrapper__parameterized259 has unconnected port SLEEP
WARNING: [Synth 8-3331] design blk_mem_gen_prim_wrapper__parameterized259 has unconnected port INJECTSBITERR
WARNING: [Synth 8-3331] design blk_mem_gen_prim_wrapper__parameterized259 has unconnected port INJECTDBITERR
WARNING: [Synth 8-3331] design blk_mem_gen_prim_wrapper__parameterized259 has unconnected port ECCPIPECE
WARNING: [Synth 8-3331] design blk_mem_gen_prim_wrapper__parameterized258 has unconnected port DOUTA[8]
WARNING: [Synth 8-3331] design blk_mem_gen_prim_wrapper__parameterized258 has unconnected port DOUTA[7]
WARNING: [Synth 8-3331] design blk_mem_gen_prim_wrapper__parameterized258 has unconnected port DOUTA[6]
WARNING: [Synth 8-3331] design blk_mem_gen_prim_wrapper__parameterized258 has unconnected port DOUTA[5]
WARNING: [Synth 8-3331] design blk_mem_gen_prim_wrapper__parameterized258 has unconnected port DOUTA[4]
WARNING: [Synth 8-3331] design blk_mem_gen_prim_wrapper__parameterized258 has unconnected port DOUTA[3]
WARNING: [Synth 8-3331] design blk_mem_gen_prim_wrapper__parameterized258 has unconnected port DOUTA[2]
WARNING: [Synth 8-3331] design blk_mem_gen_prim_wrapper__parameterized258 has unconnected port DOUTA[1]
WARNING: [Synth 8-3331] design blk_mem_gen_prim_wrapper__parameterized258 has unconnected port DOUTA[0]
WARNING: [Synth 8-3331] design blk_mem_gen_prim_wrapper__parameterized258 has unconnected port SBITERR
WARNING: [Synth 8-3331] design blk_mem_gen_prim_wrapper__parameterized258 has unconnected port DBITERR
WARNING: [Synth 8-3331] design blk_mem_gen_prim_wrapper__parameterized258 has unconnected port SSRA
WARNING: [Synth 8-3331] design blk_mem_gen_prim_wrapper__parameterized258 has unconnected port REGCEA
WARNING: [Synth 8-3331] design blk_mem_gen_prim_wrapper__parameterized258 has unconnected port SSRB
WARNING: [Synth 8-3331] design blk_mem_gen_prim_wrapper__parameterized258 has unconnected port WEB[0]
WARNING: [Synth 8-3331] design blk_mem_gen_prim_wrapper__parameterized258 has unconnected port DINB[8]
WARNING: [Synth 8-3331] design blk_mem_gen_prim_wrapper__parameterized258 has unconnected port DINB[7]
WARNING: [Synth 8-3331] design blk_mem_gen_prim_wrapper__parameterized258 has unconnected port DINB[6]
WARNING: [Synth 8-3331] design blk_mem_gen_prim_wrapper__parameterized258 has unconnected port DINB[5]
WARNING: [Synth 8-3331] design blk_mem_gen_prim_wrapper__parameterized258 has unconnected port DINB[4]
WARNING: [Synth 8-3331] design blk_mem_gen_prim_wrapper__parameterized258 has unconnected port DINB[3]
WARNING: [Synth 8-3331] design blk_mem_gen_prim_wrapper__parameterized258 has unconnected port DINB[2]
WARNING: [Synth 8-3331] design blk_mem_gen_prim_wrapper__parameterized258 has unconnected port DINB[1]
WARNING: [Synth 8-3331] design blk_mem_gen_prim_wrapper__parameterized258 has unconnected port DINB[0]
WARNING: [Synth 8-3331] design blk_mem_gen_prim_wrapper__parameterized258 has unconnected port SLEEP
WARNING: [Synth 8-3331] design blk_mem_gen_prim_wrapper__parameterized258 has unconnected port INJECTSBITERR
WARNING: [Synth 8-3331] design blk_mem_gen_prim_wrapper__parameterized258 has unconnected port INJECTDBITERR
WARNING: [Synth 8-3331] design blk_mem_gen_prim_wrapper__parameterized258 has unconnected port ECCPIPECE
WARNING: [Synth 8-3331] design blk_mem_gen_prim_wrapper__parameterized257 has unconnected port DOUTA[8]
WARNING: [Synth 8-3331] design blk_mem_gen_prim_wrapper__parameterized257 has unconnected port DOUTA[7]
WARNING: [Synth 8-3331] design blk_mem_gen_prim_wrapper__parameterized257 has unconnected port DOUTA[6]
WARNING: [Synth 8-3331] design blk_mem_gen_prim_wrapper__parameterized257 has unconnected port DOUTA[5]
WARNING: [Synth 8-3331] design blk_mem_gen_prim_wrapper__parameterized257 has unconnected port DOUTA[4]
INFO: [Common 17-14] Message 'Synth 8-3331' appears 100 times and further instances of the messages will be disabled. Use the Tcl command set_msg_config to change the current settings.
---------------------------------------------------------------------------------
Finished RTL Elaboration : Time (s): cpu = 00:01:02 ; elapsed = 00:01:03 . Memory (MB): peak = 1592.313 ; gain = 780.707
---------------------------------------------------------------------------------

Report Check Netlist: 
+------+------------------+-------+---------+-------+------------------+
|      |Item              |Errors |Warnings |Status |Description       |
+------+------------------+-------+---------+-------+------------------+
|1     |multi_driven_nets |      0|        0|Passed |Multi driven nets |
+------+------------------+-------+---------+-------+------------------+
---------------------------------------------------------------------------------
Start Handling Custom Attributes
---------------------------------------------------------------------------------
---------------------------------------------------------------------------------
Finished Handling Custom Attributes : Time (s): cpu = 00:01:03 ; elapsed = 00:01:05 . Memory (MB): peak = 1592.313 ; gain = 780.707
---------------------------------------------------------------------------------
---------------------------------------------------------------------------------
Finished RTL Optimization Phase 1 : Time (s): cpu = 00:01:03 ; elapsed = 00:01:05 . Memory (MB): peak = 1592.313 ; gain = 780.707
---------------------------------------------------------------------------------
Netlist sorting complete. Time (s): cpu = 00:00:00 ; elapsed = 00:00:00.287 . Memory (MB): peak = 1592.313 ; gain = 0.000
INFO: [Netlist 29-17] Analyzing 338 Unisim elements for replacement
INFO: [Netlist 29-28] Unisim Transformation completed in 0 CPU seconds
INFO: [Project 1-570] Preparing netlist for logic optimization

Processing XDC Constraints
Initializing timing engine
Parsing XDC File [c:/Users/Administrator/Desktop/K7325/DEMO/k711_ov5640_capture_to_ram/k711_ov5640_capture_to_ram.srcs/sources_1/ip/blk_mem_gen_0/blk_mem_gen_0_ooc.xdc] for cell 'U0'
Finished Parsing XDC File [c:/Users/Administrator/Desktop/K7325/DEMO/k711_ov5640_capture_to_ram/k711_ov5640_capture_to_ram.srcs/sources_1/ip/blk_mem_gen_0/blk_mem_gen_0_ooc.xdc] for cell 'U0'
Parsing XDC File [C:/Users/Administrator/Desktop/K7325/DEMO/k711_ov5640_capture_to_ram/k711_ov5640_capture_to_ram.runs/blk_mem_gen_0_synth_1/dont_touch.xdc]
Finished Parsing XDC File [C:/Users/Administrator/Desktop/K7325/DEMO/k711_ov5640_capture_to_ram/k711_ov5640_capture_to_ram.runs/blk_mem_gen_0_synth_1/dont_touch.xdc]
Completed Processing XDC Constraints

Netlist sorting complete. Time (s): cpu = 00:00:00 ; elapsed = 00:00:00.004 . Memory (MB): peak = 1647.707 ; gain = 0.000
INFO: [Project 1-111] Unisim Transformation Summary:
No Unisim elements were transformed.

Constraint Validation Runtime : Time (s): cpu = 00:00:00 ; elapsed = 00:00:00.400 . Memory (MB): peak = 1650.563 ; gain = 2.855
---------------------------------------------------------------------------------
Finished Constraint Validation : Time (s): cpu = 00:01:15 ; elapsed = 00:01:17 . Memory (MB): peak = 1650.563 ; gain = 838.957
---------------------------------------------------------------------------------
---------------------------------------------------------------------------------
Start Loading Part and Timing Information
---------------------------------------------------------------------------------
Loading part: xc7k325tffg676-2
---------------------------------------------------------------------------------
Finished Loading Part and Timing Information : Time (s): cpu = 00:01:15 ; elapsed = 00:01:17 . Memory (MB): peak = 1650.563 ; gain = 838.957
---------------------------------------------------------------------------------
---------------------------------------------------------------------------------
Start Applying 'set_property' XDC Constraints
---------------------------------------------------------------------------------
Applied set_property DONT_TOUCH = true for U0. (constraint file  C:/Users/Administrator/Desktop/K7325/DEMO/k711_ov5640_capture_to_ram/k711_ov5640_capture_to_ram.runs/blk_mem_gen_0_synth_1/dont_touch.xdc, line 9).
---------------------------------------------------------------------------------
Finished applying 'set_property' XDC Constraints : Time (s): cpu = 00:01:15 ; elapsed = 00:01:17 . Memory (MB): peak = 1650.563 ; gain = 838.957
---------------------------------------------------------------------------------
---------------------------------------------------------------------------------
Finished RTL Optimization Phase 2 : Time (s): cpu = 00:01:20 ; elapsed = 00:01:24 . Memory (MB): peak = 1650.563 ; gain = 838.957
---------------------------------------------------------------------------------

Report RTL Partitions: 
+-+--------------+------------+----------+
| |RTL Partition |Replication |Instances |
+-+--------------+------------+----------+
+-+--------------+------------+----------+
---------------------------------------------------------------------------------
Start RTL Component Statistics 
---------------------------------------------------------------------------------
Detailed RTL Component Info : 
+---Registers : 
	                8 Bit    Registers := 2     
+---Muxes : 
	   2 Input      1 Bit        Muxes := 270   
---------------------------------------------------------------------------------
Finished RTL Component Statistics 
---------------------------------------------------------------------------------
---------------------------------------------------------------------------------
Start RTL Hierarchical Component Statistics 
---------------------------------------------------------------------------------
Hierarchical RTL Component report 
Module bindec 
Detailed RTL Component Info : 
+---Muxes : 
	   2 Input      1 Bit        Muxes := 135   
Module blk_mem_gen_mux 
Detailed RTL Component Info : 
+---Registers : 
	                8 Bit    Registers := 1     
Module blk_mem_gen_mux__parameterized0 
Detailed RTL Component Info : 
+---Registers : 
	                8 Bit    Registers := 1     
---------------------------------------------------------------------------------
Finished RTL Hierarchical Component Statistics
---------------------------------------------------------------------------------
---------------------------------------------------------------------------------
Start Part Resource Summary
---------------------------------------------------------------------------------
Part Resources:
DSPs: 840 (col length:140)
BRAMs: 890 (col length: RAMB18 140 RAMB36 70)
---------------------------------------------------------------------------------
Finished Part Resource Summary
---------------------------------------------------------------------------------
---------------------------------------------------------------------------------
Start Cross Boundary and Area Optimization
---------------------------------------------------------------------------------
Warning: Parallel synthesis criteria is not met 
---------------------------------------------------------------------------------
Finished Cross Boundary and Area Optimization : Time (s): cpu = 00:01:28 ; elapsed = 00:01:33 . Memory (MB): peak = 1650.563 ; gain = 838.957
---------------------------------------------------------------------------------

Report RTL Partitions: 
+-+--------------+------------+----------+
| |RTL Partition |Replication |Instances |
+-+--------------+------------+----------+
+-+--------------+------------+----------+
---------------------------------------------------------------------------------
Start Applying XDC Timing Constraints
---------------------------------------------------------------------------------
---------------------------------------------------------------------------------
Finished Applying XDC Timing Constraints : Time (s): cpu = 00:01:35 ; elapsed = 00:01:40 . Memory (MB): peak = 1650.563 ; gain = 838.957
---------------------------------------------------------------------------------
---------------------------------------------------------------------------------
Start Timing Optimization
---------------------------------------------------------------------------------
---------------------------------------------------------------------------------
Finished Timing Optimization : Time (s): cpu = 00:01:35 ; elapsed = 00:01:41 . Memory (MB): peak = 1650.563 ; gain = 838.957
---------------------------------------------------------------------------------

Report RTL Partitions: 
+-+--------------+------------+----------+
| |RTL Partition |Replication |Instances |
+-+--------------+------------+----------+
+-+--------------+------------+----------+
---------------------------------------------------------------------------------
Start Technology Mapping
---------------------------------------------------------------------------------
---------------------------------------------------------------------------------
Finished Technology Mapping : Time (s): cpu = 00:01:36 ; elapsed = 00:01:42 . Memory (MB): peak = 1650.563 ; gain = 838.957
---------------------------------------------------------------------------------

Report RTL Partitions: 
+-+--------------+------------+----------+
| |RTL Partition |Replication |Instances |
+-+--------------+------------+----------+
+-+--------------+------------+----------+
---------------------------------------------------------------------------------
Start IO Insertion
---------------------------------------------------------------------------------
---------------------------------------------------------------------------------
Start Flattening Before IO Insertion
---------------------------------------------------------------------------------
---------------------------------------------------------------------------------
Finished Flattening Before IO Insertion
---------------------------------------------------------------------------------
---------------------------------------------------------------------------------
Start Final Netlist Cleanup
---------------------------------------------------------------------------------
---------------------------------------------------------------------------------
Finished Final Netlist Cleanup
---------------------------------------------------------------------------------
---------------------------------------------------------------------------------
Finished IO Insertion : Time (s): cpu = 00:01:40 ; elapsed = 00:01:45 . Memory (MB): peak = 1650.563 ; gain = 838.957
---------------------------------------------------------------------------------
---------------------------------------------------------------------------------
Start Renaming Generated Instances
---------------------------------------------------------------------------------
---------------------------------------------------------------------------------
Finished Renaming Generated Instances : Time (s): cpu = 00:01:40 ; elapsed = 00:01:45 . Memory (MB): peak = 1650.563 ; gain = 838.957
---------------------------------------------------------------------------------

Report RTL Partitions: 
+-+--------------+------------+----------+
| |RTL Partition |Replication |Instances |
+-+--------------+------------+----------+
+-+--------------+------------+----------+

Report Check Netlist: 
+------+------------------+-------+---------+-------+------------------+
|      |Item              |Errors |Warnings |Status |Description       |
+------+------------------+-------+---------+-------+------------------+
|1     |multi_driven_nets |      0|        0|Passed |Multi driven nets |
+------+------------------+-------+---------+-------+------------------+
---------------------------------------------------------------------------------
Start Rebuilding User Hierarchy
---------------------------------------------------------------------------------
---------------------------------------------------------------------------------
Finished Rebuilding User Hierarchy : Time (s): cpu = 00:01:40 ; elapsed = 00:01:46 . Memory (MB): peak = 1650.563 ; gain = 838.957
---------------------------------------------------------------------------------
---------------------------------------------------------------------------------
Start Renaming Generated Ports
---------------------------------------------------------------------------------
---------------------------------------------------------------------------------
Finished Renaming Generated Ports : Time (s): cpu = 00:01:40 ; elapsed = 00:01:46 . Memory (MB): peak = 1650.563 ; gain = 838.957
---------------------------------------------------------------------------------
---------------------------------------------------------------------------------
Start Handling Custom Attributes
---------------------------------------------------------------------------------
---------------------------------------------------------------------------------
Finished Handling Custom Attributes : Time (s): cpu = 00:01:41 ; elapsed = 00:01:46 . Memory (MB): peak = 1650.563 ; gain = 838.957
---------------------------------------------------------------------------------
---------------------------------------------------------------------------------
Start Renaming Generated Nets
---------------------------------------------------------------------------------
---------------------------------------------------------------------------------
Finished Renaming Generated Nets : Time (s): cpu = 00:01:41 ; elapsed = 00:01:46 . Memory (MB): peak = 1650.563 ; gain = 838.957
---------------------------------------------------------------------------------
---------------------------------------------------------------------------------
Start Writing Synthesis Report
---------------------------------------------------------------------------------

Report BlackBoxes: 
+-+--------------+----------+
| |BlackBox name |Instances |
+-+--------------+----------+
+-+--------------+----------+

Report Cell Usage: 
+------+-----------+------+
|      |Cell       |Count |
+------+-----------+------+
|1     |LUT3       |    22|
|2     |LUT4       |    20|
|3     |LUT5       |   369|
|4     |LUT6       |   502|
|5     |MUXF7      |   207|
|6     |MUXF8      |    72|
|7     |RAMB18E1   |     1|
|8     |RAMB36E1   |    77|
|9     |RAMB36E1_1 |    77|
|10    |RAMB36E1_2 |     3|
|11    |RAMB36E1_3 |   180|
|12    |FDRE       |    13|
+------+-----------+------+

Report Instance Areas: 
+------+---------------------------------------------+-------------------------------------------+------+
|      |Instance                                     |Module                                     |Cells |
+------+---------------------------------------------+-------------------------------------------+------+
|1     |top                                          |                                           |  1543|
|2     |  U0                                         |blk_mem_gen_v8_4_4                         |  1543|
|3     |    inst_blk_mem_gen                         |blk_mem_gen_v8_4_4_synth                   |  1543|
|4     |      \gnbram.gnativebmg.native_blk_mem_gen  |blk_mem_gen_top                            |  1543|
|5     |        \valid.cstr                          |blk_mem_gen_generic_cstr                   |  1543|
|6     |          \has_mux_b.B                       |blk_mem_gen_mux__parameterized0            |   777|
|7     |          \ramloop[0].ram.r                  |blk_mem_gen_prim_width                     |     2|
|8     |            \prim_noinit.ram                 |blk_mem_gen_prim_wrapper                   |     2|
|9     |          \ramloop[100].ram.r                |blk_mem_gen_prim_width__parameterized99    |     3|
|10    |            \prim_noinit.ram                 |blk_mem_gen_prim_wrapper__parameterized99  |     3|
|11    |          \ramloop[101].ram.r                |blk_mem_gen_prim_width__parameterized100   |     3|
|12    |            \prim_noinit.ram                 |blk_mem_gen_prim_wrapper__parameterized100 |     3|
|13    |          \ramloop[102].ram.r                |blk_mem_gen_prim_width__parameterized101   |     3|
|14    |            \prim_noinit.ram                 |blk_mem_gen_prim_wrapper__parameterized101 |     3|
|15    |          \ramloop[103].ram.r                |blk_mem_gen_prim_width__parameterized102   |     3|
|16    |            \prim_noinit.ram                 |blk_mem_gen_prim_wrapper__parameterized102 |     3|
|17    |          \ramloop[104].ram.r                |blk_mem_gen_prim_width__parameterized103   |     3|
|18    |            \prim_noinit.ram                 |blk_mem_gen_prim_wrapper__parameterized103 |     3|
|19    |          \ramloop[105].ram.r                |blk_mem_gen_prim_width__parameterized104   |     3|
|20    |            \prim_noinit.ram                 |blk_mem_gen_prim_wrapper__parameterized104 |     3|
|21    |          \ramloop[106].ram.r                |blk_mem_gen_prim_width__parameterized105   |     3|
|22    |            \prim_noinit.ram                 |blk_mem_gen_prim_wrapper__parameterized105 |     3|
|23    |          \ramloop[107].ram.r                |blk_mem_gen_prim_width__parameterized106   |     3|
|24    |            \prim_noinit.ram                 |blk_mem_gen_prim_wrapper__parameterized106 |     3|
|25    |          \ramloop[108].ram.r                |blk_mem_gen_prim_width__parameterized107   |     3|
|26    |            \prim_noinit.ram                 |blk_mem_gen_prim_wrapper__parameterized107 |     3|
|27    |          \ramloop[109].ram.r                |blk_mem_gen_prim_width__parameterized108   |     3|
|28    |            \prim_noinit.ram                 |blk_mem_gen_prim_wrapper__parameterized108 |     3|
|29    |          \ramloop[10].ram.r                 |blk_mem_gen_prim_width__parameterized9     |     2|
|30    |            \prim_noinit.ram                 |blk_mem_gen_prim_wrapper__parameterized9   |     2|
|31    |          \ramloop[110].ram.r                |blk_mem_gen_prim_width__parameterized109   |     3|
|32    |            \prim_noinit.ram                 |blk_mem_gen_prim_wrapper__parameterized109 |     3|
|33    |          \ramloop[111].ram.r                |blk_mem_gen_prim_width__parameterized110   |     3|
|34    |            \prim_noinit.ram                 |blk_mem_gen_prim_wrapper__parameterized110 |     3|
|35    |          \ramloop[112].ram.r                |blk_mem_gen_prim_width__parameterized111   |     3|
|36    |            \prim_noinit.ram                 |blk_mem_gen_prim_wrapper__parameterized111 |     3|
|37    |          \ramloop[113].ram.r                |blk_mem_gen_prim_width__parameterized112   |     3|
|38    |            \prim_noinit.ram                 |blk_mem_gen_prim_wrapper__parameterized112 |     3|
|39    |          \ramloop[114].ram.r                |blk_mem_gen_prim_width__parameterized113   |     3|
|40    |            \prim_noinit.ram                 |blk_mem_gen_prim_wrapper__parameterized113 |     3|
|41    |          \ramloop[115].ram.r                |blk_mem_gen_prim_width__parameterized114   |     3|
|42    |            \prim_noinit.ram                 |blk_mem_gen_prim_wrapper__parameterized114 |     3|
|43    |          \ramloop[116].ram.r                |blk_mem_gen_prim_width__parameterized115   |     3|
|44    |            \prim_noinit.ram                 |blk_mem_gen_prim_wrapper__parameterized115 |     3|
|45    |          \ramloop[117].ram.r                |blk_mem_gen_prim_width__parameterized116   |     3|
|46    |            \prim_noinit.ram                 |blk_mem_gen_prim_wrapper__parameterized116 |     3|
|47    |          \ramloop[118].ram.r                |blk_mem_gen_prim_width__parameterized117   |     3|
|48    |            \prim_noinit.ram                 |blk_mem_gen_prim_wrapper__parameterized117 |     3|
|49    |          \ramloop[119].ram.r                |blk_mem_gen_prim_width__parameterized118   |     3|
|50    |            \prim_noinit.ram                 |blk_mem_gen_prim_wrapper__parameterized118 |     3|
|51    |          \ramloop[11].ram.r                 |blk_mem_gen_prim_width__parameterized10    |     1|
|52    |            \prim_noinit.ram                 |blk_mem_gen_prim_wrapper__parameterized10  |     1|
|53    |          \ramloop[120].ram.r                |blk_mem_gen_prim_width__parameterized119   |     3|
|54    |            \prim_noinit.ram                 |blk_mem_gen_prim_wrapper__parameterized119 |     3|
|55    |          \ramloop[121].ram.r                |blk_mem_gen_prim_width__parameterized120   |     3|
|56    |            \prim_noinit.ram                 |blk_mem_gen_prim_wrapper__parameterized120 |     3|
|57    |          \ramloop[122].ram.r                |blk_mem_gen_prim_width__parameterized121   |     3|
|58    |            \prim_noinit.ram                 |blk_mem_gen_prim_wrapper__parameterized121 |     3|
|59    |          \ramloop[123].ram.r                |blk_mem_gen_prim_width__parameterized122   |     3|
|60    |            \prim_noinit.ram                 |blk_mem_gen_prim_wrapper__parameterized122 |     3|
|61    |          \ramloop[124].ram.r                |blk_mem_gen_prim_width__parameterized123   |     3|
|62    |            \prim_noinit.ram                 |blk_mem_gen_prim_wrapper__parameterized123 |     3|
|63    |          \ramloop[125].ram.r                |blk_mem_gen_prim_width__parameterized124   |     3|
|64    |            \prim_noinit.ram                 |blk_mem_gen_prim_wrapper__parameterized124 |     3|
|65    |          \ramloop[126].ram.r                |blk_mem_gen_prim_width__parameterized125   |     3|
|66    |            \prim_noinit.ram                 |blk_mem_gen_prim_wrapper__parameterized125 |     3|
|67    |          \ramloop[127].ram.r                |blk_mem_gen_prim_width__parameterized126   |     3|
|68    |            \prim_noinit.ram                 |blk_mem_gen_prim_wrapper__parameterized126 |     3|
|69    |          \ramloop[128].ram.r                |blk_mem_gen_prim_width__parameterized127   |     3|
|70    |            \prim_noinit.ram                 |blk_mem_gen_prim_wrapper__parameterized127 |     3|
|71    |          \ramloop[129].ram.r                |blk_mem_gen_prim_width__parameterized128   |     3|
|72    |            \prim_noinit.ram                 |blk_mem_gen_prim_wrapper__parameterized128 |     3|
|73    |          \ramloop[12].ram.r                 |blk_mem_gen_prim_width__parameterized11    |     2|
|74    |            \prim_noinit.ram                 |blk_mem_gen_prim_wrapper__parameterized11  |     2|
|75    |          \ramloop[130].ram.r                |blk_mem_gen_prim_width__parameterized129   |     3|
|76    |            \prim_noinit.ram                 |blk_mem_gen_prim_wrapper__parameterized129 |     3|
|77    |          \ramloop[131].ram.r                |blk_mem_gen_prim_width__parameterized130   |     3|
|78    |            \prim_noinit.ram                 |blk_mem_gen_prim_wrapper__parameterized130 |     3|
|79    |          \ramloop[132].ram.r                |blk_mem_gen_prim_width__parameterized131   |     3|
|80    |            \prim_noinit.ram                 |blk_mem_gen_prim_wrapper__parameterized131 |     3|
|81    |          \ramloop[133].ram.r                |blk_mem_gen_prim_width__parameterized132   |     3|
|82    |            \prim_noinit.ram                 |blk_mem_gen_prim_wrapper__parameterized132 |     3|
|83    |          \ramloop[134].ram.r                |blk_mem_gen_prim_width__parameterized133   |     3|
|84    |            \prim_noinit.ram                 |blk_mem_gen_prim_wrapper__parameterized133 |     3|
|85    |          \ramloop[135].ram.r                |blk_mem_gen_prim_width__parameterized134   |     3|
|86    |            \prim_noinit.ram                 |blk_mem_gen_prim_wrapper__parameterized134 |     3|
|87    |          \ramloop[136].ram.r                |blk_mem_gen_prim_width__parameterized135   |     3|
|88    |            \prim_noinit.ram                 |blk_mem_gen_prim_wrapper__parameterized135 |     3|
|89    |          \ramloop[137].ram.r                |blk_mem_gen_prim_width__parameterized136   |     3|
|90    |            \prim_noinit.ram                 |blk_mem_gen_prim_wrapper__parameterized136 |     3|
|91    |          \ramloop[138].ram.r                |blk_mem_gen_prim_width__parameterized137   |     3|
|92    |            \prim_noinit.ram                 |blk_mem_gen_prim_wrapper__parameterized137 |     3|
|93    |          \ramloop[139].ram.r                |blk_mem_gen_prim_width__parameterized138   |     3|
|94    |            \prim_noinit.ram                 |blk_mem_gen_prim_wrapper__parameterized138 |     3|
|95    |          \ramloop[13].ram.r                 |blk_mem_gen_prim_width__parameterized12    |     2|
|96    |            \prim_noinit.ram                 |blk_mem_gen_prim_wrapper__parameterized12  |     2|
|97    |          \ramloop[140].ram.r                |blk_mem_gen_prim_width__parameterized139   |     3|
|98    |            \prim_noinit.ram                 |blk_mem_gen_prim_wrapper__parameterized139 |     3|
|99    |          \ramloop[141].ram.r                |blk_mem_gen_prim_width__parameterized140   |     3|
|100   |            \prim_noinit.ram                 |blk_mem_gen_prim_wrapper__parameterized140 |     3|
|101   |          \ramloop[142].ram.r                |blk_mem_gen_prim_width__parameterized141   |     3|
|102   |            \prim_noinit.ram                 |blk_mem_gen_prim_wrapper__parameterized141 |     3|
|103   |          \ramloop[143].ram.r                |blk_mem_gen_prim_width__parameterized142   |     3|
|104   |            \prim_noinit.ram                 |blk_mem_gen_prim_wrapper__parameterized142 |     3|
|105   |          \ramloop[144].ram.r                |blk_mem_gen_prim_width__parameterized143   |     3|
|106   |            \prim_noinit.ram                 |blk_mem_gen_prim_wrapper__parameterized143 |     3|
|107   |          \ramloop[145].ram.r                |blk_mem_gen_prim_width__parameterized144   |     3|
|108   |            \prim_noinit.ram                 |blk_mem_gen_prim_wrapper__parameterized144 |     3|
|109   |          \ramloop[146].ram.r                |blk_mem_gen_prim_width__parameterized145   |     3|
|110   |            \prim_noinit.ram                 |blk_mem_gen_prim_wrapper__parameterized145 |     3|
|111   |          \ramloop[147].ram.r                |blk_mem_gen_prim_width__parameterized146   |     3|
|112   |            \prim_noinit.ram                 |blk_mem_gen_prim_wrapper__parameterized146 |     3|
|113   |          \ramloop[148].ram.r                |blk_mem_gen_prim_width__parameterized147   |     3|
|114   |            \prim_noinit.ram                 |blk_mem_gen_prim_wrapper__parameterized147 |     3|
|115   |          \ramloop[149].ram.r                |blk_mem_gen_prim_width__parameterized148   |     3|
|116   |            \prim_noinit.ram                 |blk_mem_gen_prim_wrapper__parameterized148 |     3|
|117   |          \ramloop[14].ram.r                 |blk_mem_gen_prim_width__parameterized13    |     2|
|118   |            \prim_noinit.ram                 |blk_mem_gen_prim_wrapper__parameterized13  |     2|
|119   |          \ramloop[150].ram.r                |blk_mem_gen_prim_width__parameterized149   |     3|
|120   |            \prim_noinit.ram                 |blk_mem_gen_prim_wrapper__parameterized149 |     3|
|121   |          \ramloop[151].ram.r                |blk_mem_gen_prim_width__parameterized150   |     3|
|122   |            \prim_noinit.ram                 |blk_mem_gen_prim_wrapper__parameterized150 |     3|
|123   |          \ramloop[152].ram.r                |blk_mem_gen_prim_width__parameterized151   |     3|
|124   |            \prim_noinit.ram                 |blk_mem_gen_prim_wrapper__parameterized151 |     3|
|125   |          \ramloop[153].ram.r                |blk_mem_gen_prim_width__parameterized152   |     3|
|126   |            \prim_noinit.ram                 |blk_mem_gen_prim_wrapper__parameterized152 |     3|
|127   |          \ramloop[154].ram.r                |blk_mem_gen_prim_width__parameterized153   |     3|
|128   |            \prim_noinit.ram                 |blk_mem_gen_prim_wrapper__parameterized153 |     3|
|129   |          \ramloop[155].ram.r                |blk_mem_gen_prim_width__parameterized154   |     3|
|130   |            \prim_noinit.ram                 |blk_mem_gen_prim_wrapper__parameterized154 |     3|
|131   |          \ramloop[156].ram.r                |blk_mem_gen_prim_width__parameterized155   |     3|
|132   |            \prim_noinit.ram                 |blk_mem_gen_prim_wrapper__parameterized155 |     3|
|133   |          \ramloop[157].ram.r                |blk_mem_gen_prim_width__parameterized156   |     3|
|134   |            \prim_noinit.ram                 |blk_mem_gen_prim_wrapper__parameterized156 |     3|
|135   |          \ramloop[158].ram.r                |blk_mem_gen_prim_width__parameterized157   |     3|
|136   |            \prim_noinit.ram                 |blk_mem_gen_prim_wrapper__parameterized157 |     3|
|137   |          \ramloop[159].ram.r                |blk_mem_gen_prim_width__parameterized158   |     3|
|138   |            \prim_noinit.ram                 |blk_mem_gen_prim_wrapper__parameterized158 |     3|
|139   |          \ramloop[15].ram.r                 |blk_mem_gen_prim_width__parameterized14    |     2|
|140   |            \prim_noinit.ram                 |blk_mem_gen_prim_wrapper__parameterized14  |     2|
|141   |          \ramloop[160].ram.r                |blk_mem_gen_prim_width__parameterized159   |     3|
|142   |            \prim_noinit.ram                 |blk_mem_gen_prim_wrapper__parameterized159 |     3|
|143   |          \ramloop[161].ram.r                |blk_mem_gen_prim_width__parameterized160   |     3|
|144   |            \prim_noinit.ram                 |blk_mem_gen_prim_wrapper__parameterized160 |     3|
|145   |          \ramloop[162].ram.r                |blk_mem_gen_prim_width__parameterized161   |     3|
|146   |            \prim_noinit.ram                 |blk_mem_gen_prim_wrapper__parameterized161 |     3|
|147   |          \ramloop[163].ram.r                |blk_mem_gen_prim_width__parameterized162   |     3|
|148   |            \prim_noinit.ram                 |blk_mem_gen_prim_wrapper__parameterized162 |     3|
|149   |          \ramloop[164].ram.r                |blk_mem_gen_prim_width__parameterized163   |     3|
|150   |            \prim_noinit.ram                 |blk_mem_gen_prim_wrapper__parameterized163 |     3|
|151   |          \ramloop[165].ram.r                |blk_mem_gen_prim_width__parameterized164   |     3|
|152   |            \prim_noinit.ram                 |blk_mem_gen_prim_wrapper__parameterized164 |     3|
|153   |          \ramloop[166].ram.r                |blk_mem_gen_prim_width__parameterized165   |     3|
|154   |            \prim_noinit.ram                 |blk_mem_gen_prim_wrapper__parameterized165 |     3|
|155   |          \ramloop[167].ram.r                |blk_mem_gen_prim_width__parameterized166   |     3|
|156   |            \prim_noinit.ram                 |blk_mem_gen_prim_wrapper__parameterized166 |     3|
|157   |          \ramloop[168].ram.r                |blk_mem_gen_prim_width__parameterized167   |     3|
|158   |            \prim_noinit.ram                 |blk_mem_gen_prim_wrapper__parameterized167 |     3|
|159   |          \ramloop[169].ram.r                |blk_mem_gen_prim_width__parameterized168   |     3|
|160   |            \prim_noinit.ram                 |blk_mem_gen_prim_wrapper__parameterized168 |     3|
|161   |          \ramloop[16].ram.r                 |blk_mem_gen_prim_width__parameterized15    |     2|
|162   |            \prim_noinit.ram                 |blk_mem_gen_prim_wrapper__parameterized15  |     2|
|163   |          \ramloop[170].ram.r                |blk_mem_gen_prim_width__parameterized169   |     3|
|164   |            \prim_noinit.ram                 |blk_mem_gen_prim_wrapper__parameterized169 |     3|
|165   |          \ramloop[171].ram.r                |blk_mem_gen_prim_width__parameterized170   |     3|
|166   |            \prim_noinit.ram                 |blk_mem_gen_prim_wrapper__parameterized170 |     3|
|167   |          \ramloop[172].ram.r                |blk_mem_gen_prim_width__parameterized171   |     3|
|168   |            \prim_noinit.ram                 |blk_mem_gen_prim_wrapper__parameterized171 |     3|
|169   |          \ramloop[173].ram.r                |blk_mem_gen_prim_width__parameterized172   |     3|
|170   |            \prim_noinit.ram                 |blk_mem_gen_prim_wrapper__parameterized172 |     3|
|171   |          \ramloop[174].ram.r                |blk_mem_gen_prim_width__parameterized173   |     3|
|172   |            \prim_noinit.ram                 |blk_mem_gen_prim_wrapper__parameterized173 |     3|
|173   |          \ramloop[175].ram.r                |blk_mem_gen_prim_width__parameterized174   |     3|
|174   |            \prim_noinit.ram                 |blk_mem_gen_prim_wrapper__parameterized174 |     3|
|175   |          \ramloop[176].ram.r                |blk_mem_gen_prim_width__parameterized175   |     3|
|176   |            \prim_noinit.ram                 |blk_mem_gen_prim_wrapper__parameterized175 |     3|
|177   |          \ramloop[177].ram.r                |blk_mem_gen_prim_width__parameterized176   |     3|
|178   |            \prim_noinit.ram                 |blk_mem_gen_prim_wrapper__parameterized176 |     3|
|179   |          \ramloop[178].ram.r                |blk_mem_gen_prim_width__parameterized177   |     3|
|180   |            \prim_noinit.ram                 |blk_mem_gen_prim_wrapper__parameterized177 |     3|
|181   |          \ramloop[179].ram.r                |blk_mem_gen_prim_width__parameterized178   |     3|
|182   |            \prim_noinit.ram                 |blk_mem_gen_prim_wrapper__parameterized178 |     3|
|183   |          \ramloop[17].ram.r                 |blk_mem_gen_prim_width__parameterized16    |     2|
|184   |            \prim_noinit.ram                 |blk_mem_gen_prim_wrapper__parameterized16  |     2|
|185   |          \ramloop[180].ram.r                |blk_mem_gen_prim_width__parameterized179   |     3|
|186   |            \prim_noinit.ram                 |blk_mem_gen_prim_wrapper__parameterized179 |     3|
|187   |          \ramloop[181].ram.r                |blk_mem_gen_prim_width__parameterized180   |     3|
|188   |            \prim_noinit.ram                 |blk_mem_gen_prim_wrapper__parameterized180 |     3|
|189   |          \ramloop[182].ram.r                |blk_mem_gen_prim_width__parameterized181   |     3|
|190   |            \prim_noinit.ram                 |blk_mem_gen_prim_wrapper__parameterized181 |     3|
|191   |          \ramloop[183].ram.r                |blk_mem_gen_prim_width__parameterized182   |     3|
|192   |            \prim_noinit.ram                 |blk_mem_gen_prim_wrapper__parameterized182 |     3|
|193   |          \ramloop[184].ram.r                |blk_mem_gen_prim_width__parameterized183   |     3|
|194   |            \prim_noinit.ram                 |blk_mem_gen_prim_wrapper__parameterized183 |     3|
|195   |          \ramloop[185].ram.r                |blk_mem_gen_prim_width__parameterized184   |     3|
|196   |            \prim_noinit.ram                 |blk_mem_gen_prim_wrapper__parameterized184 |     3|
|197   |          \ramloop[186].ram.r                |blk_mem_gen_prim_width__parameterized185   |     3|
|198   |            \prim_noinit.ram                 |blk_mem_gen_prim_wrapper__parameterized185 |     3|
|199   |          \ramloop[187].ram.r                |blk_mem_gen_prim_width__parameterized186   |     3|
|200   |            \prim_noinit.ram                 |blk_mem_gen_prim_wrapper__parameterized186 |     3|
|201   |          \ramloop[188].ram.r                |blk_mem_gen_prim_width__parameterized187   |     3|
|202   |            \prim_noinit.ram                 |blk_mem_gen_prim_wrapper__parameterized187 |     3|
|203   |          \ramloop[189].ram.r                |blk_mem_gen_prim_width__parameterized188   |     3|
|204   |            \prim_noinit.ram                 |blk_mem_gen_prim_wrapper__parameterized188 |     3|
|205   |          \ramloop[18].ram.r                 |blk_mem_gen_prim_width__parameterized17    |     2|
|206   |            \prim_noinit.ram                 |blk_mem_gen_prim_wrapper__parameterized17  |     2|
|207   |          \ramloop[190].ram.r                |blk_mem_gen_prim_width__parameterized189   |     3|
|208   |            \prim_noinit.ram                 |blk_mem_gen_prim_wrapper__parameterized189 |     3|
|209   |          \ramloop[191].ram.r                |blk_mem_gen_prim_width__parameterized190   |     3|
|210   |            \prim_noinit.ram                 |blk_mem_gen_prim_wrapper__parameterized190 |     3|
|211   |          \ramloop[192].ram.r                |blk_mem_gen_prim_width__parameterized191   |     3|
|212   |            \prim_noinit.ram                 |blk_mem_gen_prim_wrapper__parameterized191 |     3|
|213   |          \ramloop[193].ram.r                |blk_mem_gen_prim_width__parameterized192   |     3|
|214   |            \prim_noinit.ram                 |blk_mem_gen_prim_wrapper__parameterized192 |     3|
|215   |          \ramloop[194].ram.r                |blk_mem_gen_prim_width__parameterized193   |     3|
|216   |            \prim_noinit.ram                 |blk_mem_gen_prim_wrapper__parameterized193 |     3|
|217   |          \ramloop[195].ram.r                |blk_mem_gen_prim_width__parameterized194   |     3|
|218   |            \prim_noinit.ram                 |blk_mem_gen_prim_wrapper__parameterized194 |     3|
|219   |          \ramloop[196].ram.r                |blk_mem_gen_prim_width__parameterized195   |     3|
|220   |            \prim_noinit.ram                 |blk_mem_gen_prim_wrapper__parameterized195 |     3|
|221   |          \ramloop[197].ram.r                |blk_mem_gen_prim_width__parameterized196   |     3|
|222   |            \prim_noinit.ram                 |blk_mem_gen_prim_wrapper__parameterized196 |     3|
|223   |          \ramloop[198].ram.r                |blk_mem_gen_prim_width__parameterized197   |     3|
|224   |            \prim_noinit.ram                 |blk_mem_gen_prim_wrapper__parameterized197 |     3|
|225   |          \ramloop[199].ram.r                |blk_mem_gen_prim_width__parameterized198   |     3|
|226   |            \prim_noinit.ram                 |blk_mem_gen_prim_wrapper__parameterized198 |     3|
|227   |          \ramloop[19].ram.r                 |blk_mem_gen_prim_width__parameterized18    |     2|
|228   |            \prim_noinit.ram                 |blk_mem_gen_prim_wrapper__parameterized18  |     2|
|229   |          \ramloop[1].ram.r                  |blk_mem_gen_prim_width__parameterized0     |     2|
|230   |            \prim_noinit.ram                 |blk_mem_gen_prim_wrapper__parameterized0   |     2|
|231   |          \ramloop[200].ram.r                |blk_mem_gen_prim_width__parameterized199   |     3|
|232   |            \prim_noinit.ram                 |blk_mem_gen_prim_wrapper__parameterized199 |     3|
|233   |          \ramloop[201].ram.r                |blk_mem_gen_prim_width__parameterized200   |     3|
|234   |            \prim_noinit.ram                 |blk_mem_gen_prim_wrapper__parameterized200 |     3|
|235   |          \ramloop[202].ram.r                |blk_mem_gen_prim_width__parameterized201   |     3|
|236   |            \prim_noinit.ram                 |blk_mem_gen_prim_wrapper__parameterized201 |     3|
|237   |          \ramloop[203].ram.r                |blk_mem_gen_prim_width__parameterized202   |     3|
|238   |            \prim_noinit.ram                 |blk_mem_gen_prim_wrapper__parameterized202 |     3|
|239   |          \ramloop[204].ram.r                |blk_mem_gen_prim_width__parameterized203   |     3|
|240   |            \prim_noinit.ram                 |blk_mem_gen_prim_wrapper__parameterized203 |     3|
|241   |          \ramloop[205].ram.r                |blk_mem_gen_prim_width__parameterized204   |     3|
|242   |            \prim_noinit.ram                 |blk_mem_gen_prim_wrapper__parameterized204 |     3|
|243   |          \ramloop[206].ram.r                |blk_mem_gen_prim_width__parameterized205   |     3|
|244   |            \prim_noinit.ram                 |blk_mem_gen_prim_wrapper__parameterized205 |     3|
|245   |          \ramloop[207].ram.r                |blk_mem_gen_prim_width__parameterized206   |     3|
|246   |            \prim_noinit.ram                 |blk_mem_gen_prim_wrapper__parameterized206 |     3|
|247   |          \ramloop[208].ram.r                |blk_mem_gen_prim_width__parameterized207   |     3|
|248   |            \prim_noinit.ram                 |blk_mem_gen_prim_wrapper__parameterized207 |     3|
|249   |          \ramloop[209].ram.r                |blk_mem_gen_prim_width__parameterized208   |     3|
|250   |            \prim_noinit.ram                 |blk_mem_gen_prim_wrapper__parameterized208 |     3|
|251   |          \ramloop[20].ram.r                 |blk_mem_gen_prim_width__parameterized19    |     2|
|252   |            \prim_noinit.ram                 |blk_mem_gen_prim_wrapper__parameterized19  |     2|
|253   |          \ramloop[210].ram.r                |blk_mem_gen_prim_width__parameterized209   |     3|
|254   |            \prim_noinit.ram                 |blk_mem_gen_prim_wrapper__parameterized209 |     3|
|255   |          \ramloop[211].ram.r                |blk_mem_gen_prim_width__parameterized210   |     3|
|256   |            \prim_noinit.ram                 |blk_mem_gen_prim_wrapper__parameterized210 |     3|
|257   |          \ramloop[212].ram.r                |blk_mem_gen_prim_width__parameterized211   |     3|
|258   |            \prim_noinit.ram                 |blk_mem_gen_prim_wrapper__parameterized211 |     3|
|259   |          \ramloop[213].ram.r                |blk_mem_gen_prim_width__parameterized212   |     3|
|260   |            \prim_noinit.ram                 |blk_mem_gen_prim_wrapper__parameterized212 |     3|
|261   |          \ramloop[214].ram.r                |blk_mem_gen_prim_width__parameterized213   |     3|
|262   |            \prim_noinit.ram                 |blk_mem_gen_prim_wrapper__parameterized213 |     3|
|263   |          \ramloop[215].ram.r                |blk_mem_gen_prim_width__parameterized214   |     3|
|264   |            \prim_noinit.ram                 |blk_mem_gen_prim_wrapper__parameterized214 |     3|
|265   |          \ramloop[216].ram.r                |blk_mem_gen_prim_width__parameterized215   |     3|
|266   |            \prim_noinit.ram                 |blk_mem_gen_prim_wrapper__parameterized215 |     3|
|267   |          \ramloop[217].ram.r                |blk_mem_gen_prim_width__parameterized216   |     3|
|268   |            \prim_noinit.ram                 |blk_mem_gen_prim_wrapper__parameterized216 |     3|
|269   |          \ramloop[218].ram.r                |blk_mem_gen_prim_width__parameterized217   |     3|
|270   |            \prim_noinit.ram                 |blk_mem_gen_prim_wrapper__parameterized217 |     3|
|271   |          \ramloop[219].ram.r                |blk_mem_gen_prim_width__parameterized218   |     3|
|272   |            \prim_noinit.ram                 |blk_mem_gen_prim_wrapper__parameterized218 |     3|
|273   |          \ramloop[21].ram.r                 |blk_mem_gen_prim_width__parameterized20    |     2|
|274   |            \prim_noinit.ram                 |blk_mem_gen_prim_wrapper__parameterized20  |     2|
|275   |          \ramloop[220].ram.r                |blk_mem_gen_prim_width__parameterized219   |     3|
|276   |            \prim_noinit.ram                 |blk_mem_gen_prim_wrapper__parameterized219 |     3|
|277   |          \ramloop[221].ram.r                |blk_mem_gen_prim_width__parameterized220   |     3|
|278   |            \prim_noinit.ram                 |blk_mem_gen_prim_wrapper__parameterized220 |     3|
|279   |          \ramloop[222].ram.r                |blk_mem_gen_prim_width__parameterized221   |     3|
|280   |            \prim_noinit.ram                 |blk_mem_gen_prim_wrapper__parameterized221 |     3|
|281   |          \ramloop[223].ram.r                |blk_mem_gen_prim_width__parameterized222   |     3|
|282   |            \prim_noinit.ram                 |blk_mem_gen_prim_wrapper__parameterized222 |     3|
|283   |          \ramloop[224].ram.r                |blk_mem_gen_prim_width__parameterized223   |     3|
|284   |            \prim_noinit.ram                 |blk_mem_gen_prim_wrapper__parameterized223 |     3|
|285   |          \ramloop[225].ram.r                |blk_mem_gen_prim_width__parameterized224   |     3|
|286   |            \prim_noinit.ram                 |blk_mem_gen_prim_wrapper__parameterized224 |     3|
|287   |          \ramloop[226].ram.r                |blk_mem_gen_prim_width__parameterized225   |     5|
|288   |            \prim_noinit.ram                 |blk_mem_gen_prim_wrapper__parameterized225 |     5|
|289   |          \ramloop[227].ram.r                |blk_mem_gen_prim_width__parameterized226   |     3|
|290   |            \prim_noinit.ram                 |blk_mem_gen_prim_wrapper__parameterized226 |     3|
|291   |          \ramloop[228].ram.r                |blk_mem_gen_prim_width__parameterized227   |     5|
|292   |            \prim_noinit.ram                 |blk_mem_gen_prim_wrapper__parameterized227 |     5|
|293   |          \ramloop[229].ram.r                |blk_mem_gen_prim_width__parameterized228   |     3|
|294   |            \prim_noinit.ram                 |blk_mem_gen_prim_wrapper__parameterized228 |     3|
|295   |          \ramloop[22].ram.r                 |blk_mem_gen_prim_width__parameterized21    |     2|
|296   |            \prim_noinit.ram                 |blk_mem_gen_prim_wrapper__parameterized21  |     2|
|297   |          \ramloop[230].ram.r                |blk_mem_gen_prim_width__parameterized229   |     5|
|298   |            \prim_noinit.ram                 |blk_mem_gen_prim_wrapper__parameterized229 |     5|
|299   |          \ramloop[231].ram.r                |blk_mem_gen_prim_width__parameterized230   |     3|
|300   |            \prim_noinit.ram                 |blk_mem_gen_prim_wrapper__parameterized230 |     3|
|301   |          \ramloop[232].ram.r                |blk_mem_gen_prim_width__parameterized231   |     5|
|302   |            \prim_noinit.ram                 |blk_mem_gen_prim_wrapper__parameterized231 |     5|
|303   |          \ramloop[233].ram.r                |blk_mem_gen_prim_width__parameterized232   |     3|
|304   |            \prim_noinit.ram                 |blk_mem_gen_prim_wrapper__parameterized232 |     3|
|305   |          \ramloop[234].ram.r                |blk_mem_gen_prim_width__parameterized233   |     5|
|306   |            \prim_noinit.ram                 |blk_mem_gen_prim_wrapper__parameterized233 |     5|
|307   |          \ramloop[235].ram.r                |blk_mem_gen_prim_width__parameterized234   |     3|
|308   |            \prim_noinit.ram                 |blk_mem_gen_prim_wrapper__parameterized234 |     3|
|309   |          \ramloop[236].ram.r                |blk_mem_gen_prim_width__parameterized235   |     5|
|310   |            \prim_noinit.ram                 |blk_mem_gen_prim_wrapper__parameterized235 |     5|
|311   |          \ramloop[237].ram.r                |blk_mem_gen_prim_width__parameterized236   |     3|
|312   |            \prim_noinit.ram                 |blk_mem_gen_prim_wrapper__parameterized236 |     3|
|313   |          \ramloop[238].ram.r                |blk_mem_gen_prim_width__parameterized237   |     5|
|314   |            \prim_noinit.ram                 |blk_mem_gen_prim_wrapper__parameterized237 |     5|
|315   |          \ramloop[239].ram.r                |blk_mem_gen_prim_width__parameterized238   |     3|
|316   |            \prim_noinit.ram                 |blk_mem_gen_prim_wrapper__parameterized238 |     3|
|317   |          \ramloop[23].ram.r                 |blk_mem_gen_prim_width__parameterized22    |     1|
|318   |            \prim_noinit.ram                 |blk_mem_gen_prim_wrapper__parameterized22  |     1|
|319   |          \ramloop[240].ram.r                |blk_mem_gen_prim_width__parameterized239   |     5|
|320   |            \prim_noinit.ram                 |blk_mem_gen_prim_wrapper__parameterized239 |     5|
|321   |          \ramloop[241].ram.r                |blk_mem_gen_prim_width__parameterized240   |     3|
|322   |            \prim_noinit.ram                 |blk_mem_gen_prim_wrapper__parameterized240 |     3|
|323   |          \ramloop[242].ram.r                |blk_mem_gen_prim_width__parameterized241   |     3|
|324   |            \prim_noinit.ram                 |blk_mem_gen_prim_wrapper__parameterized241 |     3|
|325   |          \ramloop[243].ram.r                |blk_mem_gen_prim_width__parameterized242   |     3|
|326   |            \prim_noinit.ram                 |blk_mem_gen_prim_wrapper__parameterized242 |     3|
|327   |          \ramloop[244].ram.r                |blk_mem_gen_prim_width__parameterized243   |     3|
|328   |            \prim_noinit.ram                 |blk_mem_gen_prim_wrapper__parameterized243 |     3|
|329   |          \ramloop[245].ram.r                |blk_mem_gen_prim_width__parameterized244   |     3|
|330   |            \prim_noinit.ram                 |blk_mem_gen_prim_wrapper__parameterized244 |     3|
|331   |          \ramloop[246].ram.r                |blk_mem_gen_prim_width__parameterized245   |     3|
|332   |            \prim_noinit.ram                 |blk_mem_gen_prim_wrapper__parameterized245 |     3|
|333   |          \ramloop[247].ram.r                |blk_mem_gen_prim_width__parameterized246   |     3|
|334   |            \prim_noinit.ram                 |blk_mem_gen_prim_wrapper__parameterized246 |     3|
|335   |          \ramloop[248].ram.r                |blk_mem_gen_prim_width__parameterized247   |     3|
|336   |            \prim_noinit.ram                 |blk_mem_gen_prim_wrapper__parameterized247 |     3|
|337   |          \ramloop[249].ram.r                |blk_mem_gen_prim_width__parameterized248   |     3|
|338   |            \prim_noinit.ram                 |blk_mem_gen_prim_wrapper__parameterized248 |     3|
|339   |          \ramloop[24].ram.r                 |blk_mem_gen_prim_width__parameterized23    |     2|
|340   |            \prim_noinit.ram                 |blk_mem_gen_prim_wrapper__parameterized23  |     2|
|341   |          \ramloop[250].ram.r                |blk_mem_gen_prim_width__parameterized249   |     3|
|342   |            \prim_noinit.ram                 |blk_mem_gen_prim_wrapper__parameterized249 |     3|
|343   |          \ramloop[251].ram.r                |blk_mem_gen_prim_width__parameterized250   |     3|
|344   |            \prim_noinit.ram                 |blk_mem_gen_prim_wrapper__parameterized250 |     3|
|345   |          \ramloop[252].ram.r                |blk_mem_gen_prim_width__parameterized251   |     3|
|346   |            \prim_noinit.ram                 |blk_mem_gen_prim_wrapper__parameterized251 |     3|
|347   |          \ramloop[253].ram.r                |blk_mem_gen_prim_width__parameterized252   |     3|
|348   |            \prim_noinit.ram                 |blk_mem_gen_prim_wrapper__parameterized252 |     3|
|349   |          \ramloop[254].ram.r                |blk_mem_gen_prim_width__parameterized253   |     3|
|350   |            \prim_noinit.ram                 |blk_mem_gen_prim_wrapper__parameterized253 |     3|
|351   |          \ramloop[255].ram.r                |blk_mem_gen_prim_width__parameterized254   |     3|
|352   |            \prim_noinit.ram                 |blk_mem_gen_prim_wrapper__parameterized254 |     3|
|353   |          \ramloop[256].ram.r                |blk_mem_gen_prim_width__parameterized255   |     3|
|354   |            \prim_noinit.ram                 |blk_mem_gen_prim_wrapper__parameterized255 |     3|
|355   |          \ramloop[257].ram.r                |blk_mem_gen_prim_width__parameterized256   |     3|
|356   |            \prim_noinit.ram                 |blk_mem_gen_prim_wrapper__parameterized256 |     3|
|357   |          \ramloop[258].ram.r                |blk_mem_gen_prim_width__parameterized257   |     5|
|358   |            \prim_noinit.ram                 |blk_mem_gen_prim_wrapper__parameterized257 |     5|
|359   |          \ramloop[259].ram.r                |blk_mem_gen_prim_width__parameterized258   |     3|
|360   |            \prim_noinit.ram                 |blk_mem_gen_prim_wrapper__parameterized258 |     3|
|361   |          \ramloop[25].ram.r                 |blk_mem_gen_prim_width__parameterized24    |     2|
|362   |            \prim_noinit.ram                 |blk_mem_gen_prim_wrapper__parameterized24  |     2|
|363   |          \ramloop[260].ram.r                |blk_mem_gen_prim_width__parameterized259   |     5|
|364   |            \prim_noinit.ram                 |blk_mem_gen_prim_wrapper__parameterized259 |     5|
|365   |          \ramloop[26].ram.r                 |blk_mem_gen_prim_width__parameterized25    |     2|
|366   |            \prim_noinit.ram                 |blk_mem_gen_prim_wrapper__parameterized25  |     2|
|367   |          \ramloop[27].ram.r                 |blk_mem_gen_prim_width__parameterized26    |     2|
|368   |            \prim_noinit.ram                 |blk_mem_gen_prim_wrapper__parameterized26  |     2|
|369   |          \ramloop[28].ram.r                 |blk_mem_gen_prim_width__parameterized27    |     2|
|370   |            \prim_noinit.ram                 |blk_mem_gen_prim_wrapper__parameterized27  |     2|
|371   |          \ramloop[29].ram.r                 |blk_mem_gen_prim_width__parameterized28    |     2|
|372   |            \prim_noinit.ram                 |blk_mem_gen_prim_wrapper__parameterized28  |     2|
|373   |          \ramloop[2].ram.r                  |blk_mem_gen_prim_width__parameterized1     |     2|
|374   |            \prim_noinit.ram                 |blk_mem_gen_prim_wrapper__parameterized1   |     2|
|375   |          \ramloop[30].ram.r                 |blk_mem_gen_prim_width__parameterized29    |     2|
|376   |            \prim_noinit.ram                 |blk_mem_gen_prim_wrapper__parameterized29  |     2|
|377   |          \ramloop[31].ram.r                 |blk_mem_gen_prim_width__parameterized30    |     2|
|378   |            \prim_noinit.ram                 |blk_mem_gen_prim_wrapper__parameterized30  |     2|
|379   |          \ramloop[32].ram.r                 |blk_mem_gen_prim_width__parameterized31    |     2|
|380   |            \prim_noinit.ram                 |blk_mem_gen_prim_wrapper__parameterized31  |     2|
|381   |          \ramloop[33].ram.r                 |blk_mem_gen_prim_width__parameterized32    |     2|
|382   |            \prim_noinit.ram                 |blk_mem_gen_prim_wrapper__parameterized32  |     2|
|383   |          \ramloop[34].ram.r                 |blk_mem_gen_prim_width__parameterized33    |     2|
|384   |            \prim_noinit.ram                 |blk_mem_gen_prim_wrapper__parameterized33  |     2|
|385   |          \ramloop[35].ram.r                 |blk_mem_gen_prim_width__parameterized34    |     2|
|386   |            \prim_noinit.ram                 |blk_mem_gen_prim_wrapper__parameterized34  |     2|
|387   |          \ramloop[36].ram.r                 |blk_mem_gen_prim_width__parameterized35    |     2|
|388   |            \prim_noinit.ram                 |blk_mem_gen_prim_wrapper__parameterized35  |     2|
|389   |          \ramloop[37].ram.r                 |blk_mem_gen_prim_width__parameterized36    |     2|
|390   |            \prim_noinit.ram                 |blk_mem_gen_prim_wrapper__parameterized36  |     2|
|391   |          \ramloop[38].ram.r                 |blk_mem_gen_prim_width__parameterized37    |     2|
|392   |            \prim_noinit.ram                 |blk_mem_gen_prim_wrapper__parameterized37  |     2|
|393   |          \ramloop[39].ram.r                 |blk_mem_gen_prim_width__parameterized38    |     2|
|394   |            \prim_noinit.ram                 |blk_mem_gen_prim_wrapper__parameterized38  |     2|
|395   |          \ramloop[3].ram.r                  |blk_mem_gen_prim_width__parameterized2     |     2|
|396   |            \prim_noinit.ram                 |blk_mem_gen_prim_wrapper__parameterized2   |     2|
|397   |          \ramloop[40].ram.r                 |blk_mem_gen_prim_width__parameterized39    |     2|
|398   |            \prim_noinit.ram                 |blk_mem_gen_prim_wrapper__parameterized39  |     2|
|399   |          \ramloop[41].ram.r                 |blk_mem_gen_prim_width__parameterized40    |     2|
|400   |            \prim_noinit.ram                 |blk_mem_gen_prim_wrapper__parameterized40  |     2|
|401   |          \ramloop[42].ram.r                 |blk_mem_gen_prim_width__parameterized41    |     2|
|402   |            \prim_noinit.ram                 |blk_mem_gen_prim_wrapper__parameterized41  |     2|
|403   |          \ramloop[43].ram.r                 |blk_mem_gen_prim_width__parameterized42    |     2|
|404   |            \prim_noinit.ram                 |blk_mem_gen_prim_wrapper__parameterized42  |     2|
|405   |          \ramloop[44].ram.r                 |blk_mem_gen_prim_width__parameterized43    |     2|
|406   |            \prim_noinit.ram                 |blk_mem_gen_prim_wrapper__parameterized43  |     2|
|407   |          \ramloop[45].ram.r                 |blk_mem_gen_prim_width__parameterized44    |     2|
|408   |            \prim_noinit.ram                 |blk_mem_gen_prim_wrapper__parameterized44  |     2|
|409   |          \ramloop[46].ram.r                 |blk_mem_gen_prim_width__parameterized45    |     5|
|410   |            \prim_noinit.ram                 |blk_mem_gen_prim_wrapper__parameterized45  |     5|
|411   |          \ramloop[47].ram.r                 |blk_mem_gen_prim_width__parameterized46    |     2|
|412   |            \prim_noinit.ram                 |blk_mem_gen_prim_wrapper__parameterized46  |     2|
|413   |          \ramloop[48].ram.r                 |blk_mem_gen_prim_width__parameterized47    |     2|
|414   |            \prim_noinit.ram                 |blk_mem_gen_prim_wrapper__parameterized47  |     2|
|415   |          \ramloop[49].ram.r                 |blk_mem_gen_prim_width__parameterized48    |     2|
|416   |            \prim_noinit.ram                 |blk_mem_gen_prim_wrapper__parameterized48  |     2|
|417   |          \ramloop[4].ram.r                  |blk_mem_gen_prim_width__parameterized3     |     2|
|418   |            \prim_noinit.ram                 |blk_mem_gen_prim_wrapper__parameterized3   |     2|
|419   |          \ramloop[50].ram.r                 |blk_mem_gen_prim_width__parameterized49    |     2|
|420   |            \prim_noinit.ram                 |blk_mem_gen_prim_wrapper__parameterized49  |     2|
|421   |          \ramloop[51].ram.r                 |blk_mem_gen_prim_width__parameterized50    |     2|
|422   |            \prim_noinit.ram                 |blk_mem_gen_prim_wrapper__parameterized50  |     2|
|423   |          \ramloop[52].ram.r                 |blk_mem_gen_prim_width__parameterized51    |     2|
|424   |            \prim_noinit.ram                 |blk_mem_gen_prim_wrapper__parameterized51  |     2|
|425   |          \ramloop[53].ram.r                 |blk_mem_gen_prim_width__parameterized52    |     2|
|426   |            \prim_noinit.ram                 |blk_mem_gen_prim_wrapper__parameterized52  |     2|
|427   |          \ramloop[54].ram.r                 |blk_mem_gen_prim_width__parameterized53    |     2|
|428   |            \prim_noinit.ram                 |blk_mem_gen_prim_wrapper__parameterized53  |     2|
|429   |          \ramloop[55].ram.r                 |blk_mem_gen_prim_width__parameterized54    |     2|
|430   |            \prim_noinit.ram                 |blk_mem_gen_prim_wrapper__parameterized54  |     2|
|431   |          \ramloop[56].ram.r                 |blk_mem_gen_prim_width__parameterized55    |     2|
|432   |            \prim_noinit.ram                 |blk_mem_gen_prim_wrapper__parameterized55  |     2|
|433   |          \ramloop[57].ram.r                 |blk_mem_gen_prim_width__parameterized56    |     2|
|434   |            \prim_noinit.ram                 |blk_mem_gen_prim_wrapper__parameterized56  |     2|
|435   |          \ramloop[58].ram.r                 |blk_mem_gen_prim_width__parameterized57    |     2|
|436   |            \prim_noinit.ram                 |blk_mem_gen_prim_wrapper__parameterized57  |     2|
|437   |          \ramloop[59].ram.r                 |blk_mem_gen_prim_width__parameterized58    |     2|
|438   |            \prim_noinit.ram                 |blk_mem_gen_prim_wrapper__parameterized58  |     2|
|439   |          \ramloop[5].ram.r                  |blk_mem_gen_prim_width__parameterized4     |     2|
|440   |            \prim_noinit.ram                 |blk_mem_gen_prim_wrapper__parameterized4   |     2|
|441   |          \ramloop[60].ram.r                 |blk_mem_gen_prim_width__parameterized59    |     6|
|442   |            \prim_noinit.ram                 |blk_mem_gen_prim_wrapper__parameterized59  |     6|
|443   |          \ramloop[61].ram.r                 |blk_mem_gen_prim_width__parameterized60    |     6|
|444   |            \prim_noinit.ram                 |blk_mem_gen_prim_wrapper__parameterized60  |     6|
|445   |          \ramloop[62].ram.r                 |blk_mem_gen_prim_width__parameterized61    |     2|
|446   |            \prim_noinit.ram                 |blk_mem_gen_prim_wrapper__parameterized61  |     2|
|447   |          \ramloop[63].ram.r                 |blk_mem_gen_prim_width__parameterized62    |     2|
|448   |            \prim_noinit.ram                 |blk_mem_gen_prim_wrapper__parameterized62  |     2|
|449   |          \ramloop[64].ram.r                 |blk_mem_gen_prim_width__parameterized63    |     6|
|450   |            \prim_noinit.ram                 |blk_mem_gen_prim_wrapper__parameterized63  |     6|
|451   |          \ramloop[65].ram.r                 |blk_mem_gen_prim_width__parameterized64    |     6|
|452   |            \prim_noinit.ram                 |blk_mem_gen_prim_wrapper__parameterized64  |     6|
|453   |          \ramloop[66].ram.r                 |blk_mem_gen_prim_width__parameterized65    |     2|
|454   |            \prim_noinit.ram                 |blk_mem_gen_prim_wrapper__parameterized65  |     2|
|455   |          \ramloop[67].ram.r                 |blk_mem_gen_prim_width__parameterized66    |     2|
|456   |            \prim_noinit.ram                 |blk_mem_gen_prim_wrapper__parameterized66  |     2|
|457   |          \ramloop[68].ram.r                 |blk_mem_gen_prim_width__parameterized67    |     6|
|458   |            \prim_noinit.ram                 |blk_mem_gen_prim_wrapper__parameterized67  |     6|
|459   |          \ramloop[69].ram.r                 |blk_mem_gen_prim_width__parameterized68    |     1|
|460   |            \prim_noinit.ram                 |blk_mem_gen_prim_wrapper__parameterized68  |     1|
|461   |          \ramloop[6].ram.r                  |blk_mem_gen_prim_width__parameterized5     |     2|
|462   |            \prim_noinit.ram                 |blk_mem_gen_prim_wrapper__parameterized5   |     2|
|463   |          \ramloop[70].ram.r                 |blk_mem_gen_prim_width__parameterized69    |     2|
|464   |            \prim_noinit.ram                 |blk_mem_gen_prim_wrapper__parameterized69  |     2|
|465   |          \ramloop[71].ram.r                 |blk_mem_gen_prim_width__parameterized70    |     2|
|466   |            \prim_noinit.ram                 |blk_mem_gen_prim_wrapper__parameterized70  |     2|
|467   |          \ramloop[72].ram.r                 |blk_mem_gen_prim_width__parameterized71    |     2|
|468   |            \prim_noinit.ram                 |blk_mem_gen_prim_wrapper__parameterized71  |     2|
|469   |          \ramloop[73].ram.r                 |blk_mem_gen_prim_width__parameterized72    |     2|
|470   |            \prim_noinit.ram                 |blk_mem_gen_prim_wrapper__parameterized72  |     2|
|471   |          \ramloop[74].ram.r                 |blk_mem_gen_prim_width__parameterized73    |     2|
|472   |            \prim_noinit.ram                 |blk_mem_gen_prim_wrapper__parameterized73  |     2|
|473   |          \ramloop[75].ram.r                 |blk_mem_gen_prim_width__parameterized74    |     2|
|474   |            \prim_noinit.ram                 |blk_mem_gen_prim_wrapper__parameterized74  |     2|
|475   |          \ramloop[76].ram.r                 |blk_mem_gen_prim_width__parameterized75    |     2|
|476   |            \prim_noinit.ram                 |blk_mem_gen_prim_wrapper__parameterized75  |     2|
|477   |          \ramloop[77].ram.r                 |blk_mem_gen_prim_width__parameterized76    |     2|
|478   |            \prim_noinit.ram                 |blk_mem_gen_prim_wrapper__parameterized76  |     2|
|479   |          \ramloop[78].ram.r                 |blk_mem_gen_prim_width__parameterized77    |     2|
|480   |            \prim_noinit.ram                 |blk_mem_gen_prim_wrapper__parameterized77  |     2|
|481   |          \ramloop[79].ram.r                 |blk_mem_gen_prim_width__parameterized78    |     2|
|482   |            \prim_noinit.ram                 |blk_mem_gen_prim_wrapper__parameterized78  |     2|
|483   |          \ramloop[7].ram.r                  |blk_mem_gen_prim_width__parameterized6     |     2|
|484   |            \prim_noinit.ram                 |blk_mem_gen_prim_wrapper__parameterized6   |     2|
|485   |          \ramloop[80].ram.r                 |blk_mem_gen_prim_width__parameterized79    |     2|
|486   |            \prim_noinit.ram                 |blk_mem_gen_prim_wrapper__parameterized79  |     2|
|487   |          \ramloop[81].ram.r                 |blk_mem_gen_prim_width__parameterized80    |     3|
|488   |            \prim_noinit.ram                 |blk_mem_gen_prim_wrapper__parameterized80  |     3|
|489   |          \ramloop[82].ram.r                 |blk_mem_gen_prim_width__parameterized81    |     3|
|490   |            \prim_noinit.ram                 |blk_mem_gen_prim_wrapper__parameterized81  |     3|
|491   |          \ramloop[83].ram.r                 |blk_mem_gen_prim_width__parameterized82    |     3|
|492   |            \prim_noinit.ram                 |blk_mem_gen_prim_wrapper__parameterized82  |     3|
|493   |          \ramloop[84].ram.r                 |blk_mem_gen_prim_width__parameterized83    |     3|
|494   |            \prim_noinit.ram                 |blk_mem_gen_prim_wrapper__parameterized83  |     3|
|495   |          \ramloop[85].ram.r                 |blk_mem_gen_prim_width__parameterized84    |     3|
|496   |            \prim_noinit.ram                 |blk_mem_gen_prim_wrapper__parameterized84  |     3|
|497   |          \ramloop[86].ram.r                 |blk_mem_gen_prim_width__parameterized85    |     3|
|498   |            \prim_noinit.ram                 |blk_mem_gen_prim_wrapper__parameterized85  |     3|
|499   |          \ramloop[87].ram.r                 |blk_mem_gen_prim_width__parameterized86    |     3|
|500   |            \prim_noinit.ram                 |blk_mem_gen_prim_wrapper__parameterized86  |     3|
|501   |          \ramloop[88].ram.r                 |blk_mem_gen_prim_width__parameterized87    |     3|
|502   |            \prim_noinit.ram                 |blk_mem_gen_prim_wrapper__parameterized87  |     3|
|503   |          \ramloop[89].ram.r                 |blk_mem_gen_prim_width__parameterized88    |     3|
|504   |            \prim_noinit.ram                 |blk_mem_gen_prim_wrapper__parameterized88  |     3|
|505   |          \ramloop[8].ram.r                  |blk_mem_gen_prim_width__parameterized7     |     2|
|506   |            \prim_noinit.ram                 |blk_mem_gen_prim_wrapper__parameterized7   |     2|
|507   |          \ramloop[90].ram.r                 |blk_mem_gen_prim_width__parameterized89    |     3|
|508   |            \prim_noinit.ram                 |blk_mem_gen_prim_wrapper__parameterized89  |     3|
|509   |          \ramloop[91].ram.r                 |blk_mem_gen_prim_width__parameterized90    |     3|
|510   |            \prim_noinit.ram                 |blk_mem_gen_prim_wrapper__parameterized90  |     3|
|511   |          \ramloop[92].ram.r                 |blk_mem_gen_prim_width__parameterized91    |     3|
|512   |            \prim_noinit.ram                 |blk_mem_gen_prim_wrapper__parameterized91  |     3|
|513   |          \ramloop[93].ram.r                 |blk_mem_gen_prim_width__parameterized92    |     3|
|514   |            \prim_noinit.ram                 |blk_mem_gen_prim_wrapper__parameterized92  |     3|
|515   |          \ramloop[94].ram.r                 |blk_mem_gen_prim_width__parameterized93    |     3|
|516   |            \prim_noinit.ram                 |blk_mem_gen_prim_wrapper__parameterized93  |     3|
|517   |          \ramloop[95].ram.r                 |blk_mem_gen_prim_width__parameterized94    |     3|
|518   |            \prim_noinit.ram                 |blk_mem_gen_prim_wrapper__parameterized94  |     3|
|519   |          \ramloop[96].ram.r                 |blk_mem_gen_prim_width__parameterized95    |     3|
|520   |            \prim_noinit.ram                 |blk_mem_gen_prim_wrapper__parameterized95  |     3|
|521   |          \ramloop[97].ram.r                 |blk_mem_gen_prim_width__parameterized96    |     3|
|522   |            \prim_noinit.ram                 |blk_mem_gen_prim_wrapper__parameterized96  |     3|
|523   |          \ramloop[98].ram.r                 |blk_mem_gen_prim_width__parameterized97    |     3|
|524   |            \prim_noinit.ram                 |blk_mem_gen_prim_wrapper__parameterized97  |     3|
|525   |          \ramloop[99].ram.r                 |blk_mem_gen_prim_width__parameterized98    |     3|
|526   |            \prim_noinit.ram                 |blk_mem_gen_prim_wrapper__parameterized98  |     3|
|527   |          \ramloop[9].ram.r                  |blk_mem_gen_prim_width__parameterized8     |     2|
|528   |            \prim_noinit.ram                 |blk_mem_gen_prim_wrapper__parameterized8   |     2|
+------+---------------------------------------------+-------------------------------------------+------+
---------------------------------------------------------------------------------
Finished Writing Synthesis Report : Time (s): cpu = 00:01:41 ; elapsed = 00:01:46 . Memory (MB): peak = 1650.563 ; gain = 838.957
---------------------------------------------------------------------------------
Synthesis finished with 0 errors, 0 critical warnings and 16604 warnings.
Synthesis Optimization Runtime : Time (s): cpu = 00:00:30 ; elapsed = 00:01:39 . Memory (MB): peak = 1650.563 ; gain = 780.707
Synthesis Optimization Complete : Time (s): cpu = 00:01:41 ; elapsed = 00:01:46 . Memory (MB): peak = 1650.563 ; gain = 838.957
INFO: [Project 1-571] Translating synthesized netlist
Netlist sorting complete. Time (s): cpu = 00:00:00 ; elapsed = 00:00:00.148 . Memory (MB): peak = 1650.563 ; gain = 0.000
INFO: [Netlist 29-17] Analyzing 617 Unisim elements for replacement
INFO: [Netlist 29-28] Unisim Transformation completed in 0 CPU seconds
INFO: [Project 1-570] Preparing netlist for logic optimization
INFO: [Opt 31-138] Pushed 0 inverter(s) to 0 load pin(s).
Netlist sorting complete. Time (s): cpu = 00:00:00 ; elapsed = 00:00:00.004 . Memory (MB): peak = 1650.563 ; gain = 0.000
INFO: [Project 1-111] Unisim Transformation Summary:
No Unisim elements were transformed.

INFO: [Common 17-83] Releasing license: Synthesis
17 Infos, 100 Warnings, 0 Critical Warnings and 0 Errors encountered.
synth_design completed successfully
synth_design: Time (s): cpu = 00:01:48 ; elapsed = 00:01:55 . Memory (MB): peak = 1650.563 ; gain = 1168.152
INFO: [Common 17-600] The following parameters have non-default value.
tcl.collectionResultDisplayLimit
Netlist sorting complete. Time (s): cpu = 00:00:00 ; elapsed = 00:00:00.004 . Memory (MB): peak = 1650.563 ; gain = 0.000
WARNING: [Constraints 18-5210] No constraints selected for write.
Resolution: This message can indicate that there are no constraints for the design, or it can indicate that the used_in flags are set such that the constraints are ignored. This later case is used when running synth_design to not write synthesis constraints to the resulting checkpoint. Instead, project constraints are read when the synthesized design is opened.
INFO: [Common 17-1381] The checkpoint 'C:/Users/Administrator/Desktop/K7325/DEMO/k711_ov5640_capture_to_ram/k711_ov5640_capture_to_ram.runs/blk_mem_gen_0_synth_1/blk_mem_gen_0.dcp' has been generated.
WARNING: [Common 17-576] 'use_project_ipc' is deprecated. This option is deprecated and no longer used.
INFO: [Coretcl 2-1648] Added synthesis output to IP cache for IP blk_mem_gen_0, cache-ID = 0504d25886b768b5
INFO: [Coretcl 2-1174] Renamed 527 cell refs.
Netlist sorting complete. Time (s): cpu = 00:00:00 ; elapsed = 00:00:00.005 . Memory (MB): peak = 1650.563 ; gain = 0.000
WARNING: [Constraints 18-5210] No constraints selected for write.
Resolution: This message can indicate that there are no constraints for the design, or it can indicate that the used_in flags are set such that the constraints are ignored. This later case is used when running synth_design to not write synthesis constraints to the resulting checkpoint. Instead, project constraints are read when the synthesized design is opened.
INFO: [Common 17-1381] The checkpoint 'C:/Users/Administrator/Desktop/K7325/DEMO/k711_ov5640_capture_to_ram/k711_ov5640_capture_to_ram.runs/blk_mem_gen_0_synth_1/blk_mem_gen_0.dcp' has been generated.
INFO: [runtcl-4] Executing : report_utilization -file blk_mem_gen_0_utilization_synth.rpt -pb blk_mem_gen_0_utilization_synth.pb
INFO: [Common 17-206] Exiting Vivado at Tue Mar 24 22:07:53 2020...
