

================================================================
== Vivado HLS Report for 'k731_hls_led_stream_ip'
================================================================
* Date:           Mon Jun 29 20:57:28 2020

* Version:        2019.2 (Build 2704478 on Wed Nov 06 22:10:23 MST 2019)
* Project:        k731_hls_led_stream_ip
* Solution:       solution1
* Product family: kintex7
* Target device:  xc7k325t-ffg676-2


================================================================
== Performance Estimates
================================================================
+ Timing: 
    * Summary: 
    +--------+----------+----------+------------+
    |  Clock |  Target  | Estimated| Uncertainty|
    +--------+----------+----------+------------+
    |ap_clk  | 10.00 ns | 4.167 ns |   1.25 ns  |
    +--------+----------+----------+------------+

+ Latency: 
    * Summary: 
    +---------+---------+----------+----------+-----+-----+---------+
    |  Latency (cycles) |  Latency (absolute) |  Interval | Pipeline|
    |   min   |   max   |    min   |    max   | min | max |   Type  |
    +---------+---------+----------+----------+-----+-----+---------+
    |        0|        0|   0 ns   |   0 ns   |    0|    0|   none  |
    +---------+---------+----------+----------+-----+-----+---------+

    + Detail: 
        * Instance: 
        N/A

        * Loop: 
        N/A



================================================================
== Utilization Estimates
================================================================
* Summary: 
+-----------------+---------+-------+--------+--------+-----+
|       Name      | BRAM_18K| DSP48E|   FF   |   LUT  | URAM|
+-----------------+---------+-------+--------+--------+-----+
|DSP              |        -|      -|       -|       -|    -|
|Expression       |        -|      -|       0|     222|    -|
|FIFO             |        -|      -|       -|       -|    -|
|Instance         |        -|      -|       -|       -|    -|
|Memory           |        -|      -|       -|       -|    -|
|Multiplexer      |        -|      -|       -|      43|    -|
|Register         |        -|      -|      65|       -|    -|
+-----------------+---------+-------+--------+--------+-----+
|Total            |        0|      0|      65|     265|    0|
+-----------------+---------+-------+--------+--------+-----+
|Available        |      890|    840|  407600|  203800|    0|
+-----------------+---------+-------+--------+--------+-----+
|Utilization (%)  |        0|      0|   ~0   |   ~0   |    0|
+-----------------+---------+-------+--------+--------+-----+

+ Detail: 
    * Instance: 
    N/A

    * DSP48E: 
    N/A

    * Memory: 
    N/A

    * FIFO: 
    N/A

    * Expression: 
    +----------------------+----------+-------+---+----+------------+------------+
    |     Variable Name    | Operation| DSP48E| FF| LUT| Bitwidth P0| Bitwidth P1|
    +----------------------+----------+-------+---+----+------------+------------+
    |add_ln10_fu_108_p2    |     +    |      0|  0|  39|          32|           1|
    |add_ln14_fu_87_p2     |     +    |      0|  0|  39|          32|           1|
    |ap_condition_44       |    and   |      0|  0|   2|           1|           1|
    |ap_condition_48       |    and   |      0|  0|   2|           1|           1|
    |icmp_ln10_fu_64_p2    |   icmp   |      0|  0|  18|          32|          26|
    |icmp_ln14_fu_81_p2    |   icmp   |      0|  0|  18|          32|           2|
    |icmp_ln17_fu_120_p2   |   icmp   |      0|  0|  18|          32|           1|
    |icmp_ln21_fu_126_p2   |   icmp   |      0|  0|  18|          32|           1|
    |icmp_ln25_fu_132_p2   |   icmp   |      0|  0|  18|          32|           2|
    |icmp_ln29_fu_138_p2   |   icmp   |      0|  0|  18|          32|           2|
    |select_ln14_fu_93_p3  |  select  |      0|  0|  32|           1|          32|
    +----------------------+----------+-------+---+----+------------+------------+
    |Total                 |          |      0|  0| 222|         259|          70|
    +----------------------+----------+-------+---+----+------------+------------+

    * Multiplexer: 
    +------------------------------------------+----+-----------+-----+-----------+
    |                   Name                   | LUT| Input Size| Bits| Total Bits|
    +------------------------------------------+----+-----------+-----+-----------+
    |ap_phi_mux_led_number_loc_0_phi_fu_54_p4  |  13|          3|   32|         96|
    |cnt_reg                                   |   9|          2|   32|         64|
    |led_V                                     |  21|          5|    4|         20|
    +------------------------------------------+----+-----------+-----+-----------+
    |Total                                     |  43|         10|   68|        180|
    +------------------------------------------+----+-----------+-----+-----------+

    * Register: 
    +------------+----+----+-----+-----------+
    |    Name    | FF | LUT| Bits| Const Bits|
    +------------+----+----+-----+-----------+
    |ap_CS_fsm   |   1|   0|    1|          0|
    |cnt_reg     |  32|   0|   32|          0|
    |led_number  |  32|   0|   32|          0|
    +------------+----+----+-----+-----------+
    |Total       |  65|   0|   65|          0|
    +------------+----+----+-----+-----------+



================================================================
== Interface
================================================================
* Summary: 
+----------+-----+-----+--------------+------------------------+--------------+
| RTL Ports| Dir | Bits|   Protocol   |      Source Object     |    C Type    |
+----------+-----+-----+--------------+------------------------+--------------+
|ap_clk    |  in |    1| ap_ctrl_none | k731_hls_led_stream_ip | return value |
|ap_rst    |  in |    1| ap_ctrl_none | k731_hls_led_stream_ip | return value |
|led_V     | out |    4|    ap_none   |          led_V         |    pointer   |
+----------+-----+-----+--------------+------------------------+--------------+

============================================================
+ Verbose Summary: Synthesis Manager
============================================================
InlineROM: 1
ExposeGlobal: 0
============================================================
+ Verbose Summary: CDFG Model
============================================================
IsTopModel: 1
ResetActiveHigh: 1
IsCombinational: 2
IsDatapathOnly: 2
HasWiredReturn: 1
HasMFsm: 0
HasVarLatency: 0
IsPipeline: 0
IsRtlPipelined: 0
IsInstanceOverlapped: 0
IsDontTouch: 0
HasImplIP: 0
IsGatedGlobalClock: 0


============================================================
+ Verbose Summary: Schedule
============================================================
* Number of FSM states : 1
* Pipeline : 0
* Dataflow Pipeline: 0

* FSM state transitions: 
1 --> 

* FSM state operations: 

State 1 <SV = 0> <Delay = 4.16>
ST_1 : Operation 2 [1/1] (0.00ns)   --->   "call void (...)* @_ssdm_op_SpecBitsMap(i4* %led_V), !map !19"   --->   Operation 2 'specbitsmap' <Predicate = true> <Delay = 0.00>
ST_1 : Operation 3 [1/1] (0.00ns)   --->   "call void (...)* @_ssdm_op_SpecTopModule([23 x i8]* @k731_hls_led_stream_s) nounwind"   --->   Operation 3 'spectopmodule' <Predicate = true> <Delay = 0.00>
ST_1 : Operation 4 [1/1] (0.00ns)   --->   "call void (...)* @_ssdm_op_SpecInterface(i4* %led_V, [8 x i8]* @p_str, i32 0, i32 0, [1 x i8]* @p_str1, i32 0, i32 0, [1 x i8]* @p_str1, [1 x i8]* @p_str1, [1 x i8]* @p_str1, i32 0, i32 0, i32 0, i32 0, [1 x i8]* @p_str1, [1 x i8]* @p_str1) nounwind" [k731_hls_led_stream_ip/k731_hls_led_stream_ip.cpp:6]   --->   Operation 4 'specinterface' <Predicate = true> <Delay = 0.00>
ST_1 : Operation 5 [1/1] (0.00ns)   --->   "call void (...)* @_ssdm_op_SpecInterface(i32 0, [13 x i8]* @p_str2, i32 0, i32 0, [1 x i8]* @p_str1, i32 0, i32 0, [1 x i8]* @p_str1, [1 x i8]* @p_str1, [1 x i8]* @p_str1, i32 0, i32 0, i32 0, i32 0, [1 x i8]* @p_str1, [1 x i8]* @p_str1) nounwind" [k731_hls_led_stream_ip/k731_hls_led_stream_ip.cpp:7]   --->   Operation 5 'specinterface' <Predicate = true> <Delay = 0.00>
ST_1 : Operation 6 [1/1] (0.00ns)   --->   "%cnt_reg_load = load i32* @cnt_reg, align 4" [k731_hls_led_stream_ip/k731_hls_led_stream_ip.cpp:10]   --->   Operation 6 'load' 'cnt_reg_load' <Predicate = true> <Delay = 0.00>
ST_1 : Operation 7 [1/1] (1.28ns)   --->   "%icmp_ln10 = icmp slt i32 %cnt_reg_load, 50000000" [k731_hls_led_stream_ip/k731_hls_led_stream_ip.cpp:10]   --->   Operation 7 'icmp' 'icmp_ln10' <Predicate = true> <Delay = 1.28> <Core = "Cmp">   --->   Core 25 'Cmp' <Latency = 0> <II = 1> <Delay = 1.28> <FuncUnit> <Opcode : 'icmp'> <InPorts = 2> <OutPorts = 1>
ST_1 : Operation 8 [1/1] (0.00ns)   --->   "%led_number_load = load i32* @led_number, align 4" [k731_hls_led_stream_ip/k731_hls_led_stream_ip.cpp:14]   --->   Operation 8 'load' 'led_number_load' <Predicate = true> <Delay = 0.00>
ST_1 : Operation 9 [1/1] (0.00ns)   --->   "br i1 %icmp_ln10, label %1, label %._crit_edge" [k731_hls_led_stream_ip/k731_hls_led_stream_ip.cpp:10]   --->   Operation 9 'br' <Predicate = true> <Delay = 0.00>
ST_1 : Operation 10 [1/1] (0.87ns)   --->   "store i32 0, i32* @cnt_reg, align 4" [k731_hls_led_stream_ip/k731_hls_led_stream_ip.cpp:13]   --->   Operation 10 'store' <Predicate = (!icmp_ln10)> <Delay = 0.87>
ST_1 : Operation 11 [1/1] (1.28ns)   --->   "%icmp_ln14 = icmp slt i32 %led_number_load, 3" [k731_hls_led_stream_ip/k731_hls_led_stream_ip.cpp:14]   --->   Operation 11 'icmp' 'icmp_ln14' <Predicate = (!icmp_ln10)> <Delay = 1.28> <Core = "Cmp">   --->   Core 25 'Cmp' <Latency = 0> <II = 1> <Delay = 1.28> <FuncUnit> <Opcode : 'icmp'> <InPorts = 2> <OutPorts = 1>
ST_1 : Operation 12 [1/1] (1.51ns)   --->   "%add_ln14 = add nsw i32 %led_number_load, 1" [k731_hls_led_stream_ip/k731_hls_led_stream_ip.cpp:14]   --->   Operation 12 'add' 'add_ln14' <Predicate = (!icmp_ln10 & icmp_ln14)> <Delay = 1.51> <Core = "AddSub">   --->   Core 14 'AddSub' <Latency = 0> <II = 1> <Delay = 1.51> <FuncUnit> <Opcode : 'add' 'sub'> <InPorts = 2> <OutPorts = 1>
ST_1 : Operation 13 [1/1] (0.49ns)   --->   "%select_ln14 = select i1 %icmp_ln14, i32 %add_ln14, i32 0" [k731_hls_led_stream_ip/k731_hls_led_stream_ip.cpp:14]   --->   Operation 13 'select' 'select_ln14' <Predicate = (!icmp_ln10)> <Delay = 0.49> <Core = "Sel">   --->   Core 26 'Sel' <Latency = 0> <II = 1> <Delay = 0.49> <FuncUnit> <Opcode : 'select'> <InPorts = 3> <OutPorts = 1>
ST_1 : Operation 14 [1/1] (0.00ns)   --->   "store i32 %select_ln14, i32* @led_number, align 4" [k731_hls_led_stream_ip/k731_hls_led_stream_ip.cpp:14]   --->   Operation 14 'store' <Predicate = (!icmp_ln10)> <Delay = 0.00>
ST_1 : Operation 15 [1/1] (0.87ns)   --->   "br label %2"   --->   Operation 15 'br' <Predicate = (!icmp_ln10)> <Delay = 0.87>
ST_1 : Operation 16 [1/1] (1.51ns)   --->   "%add_ln10 = add nsw i32 %cnt_reg_load, 1" [k731_hls_led_stream_ip/k731_hls_led_stream_ip.cpp:10]   --->   Operation 16 'add' 'add_ln10' <Predicate = (icmp_ln10)> <Delay = 1.51> <Core = "AddSub">   --->   Core 14 'AddSub' <Latency = 0> <II = 1> <Delay = 1.51> <FuncUnit> <Opcode : 'add' 'sub'> <InPorts = 2> <OutPorts = 1>
ST_1 : Operation 17 [1/1] (0.87ns)   --->   "store i32 %add_ln10, i32* @cnt_reg, align 4" [k731_hls_led_stream_ip/k731_hls_led_stream_ip.cpp:10]   --->   Operation 17 'store' <Predicate = (icmp_ln10)> <Delay = 0.87>
ST_1 : Operation 18 [1/1] (0.87ns)   --->   "br label %2" [k731_hls_led_stream_ip/k731_hls_led_stream_ip.cpp:10]   --->   Operation 18 'br' <Predicate = (icmp_ln10)> <Delay = 0.87>
ST_1 : Operation 19 [1/1] (0.00ns)   --->   "%led_number_loc_0 = phi i32 [ %led_number_load, %1 ], [ %select_ln14, %._crit_edge ]" [k731_hls_led_stream_ip/k731_hls_led_stream_ip.cpp:14]   --->   Operation 19 'phi' 'led_number_loc_0' <Predicate = true> <Delay = 0.00>
ST_1 : Operation 20 [1/1] (1.28ns)   --->   "%icmp_ln17 = icmp eq i32 %led_number_loc_0, 0" [k731_hls_led_stream_ip/k731_hls_led_stream_ip.cpp:17]   --->   Operation 20 'icmp' 'icmp_ln17' <Predicate = true> <Delay = 1.28> <Core = "Cmp">   --->   Core 25 'Cmp' <Latency = 0> <II = 1> <Delay = 1.28> <FuncUnit> <Opcode : 'icmp'> <InPorts = 2> <OutPorts = 1>
ST_1 : Operation 21 [1/1] (0.00ns)   --->   "br i1 %icmp_ln17, label %3, label %4" [k731_hls_led_stream_ip/k731_hls_led_stream_ip.cpp:17]   --->   Operation 21 'br' <Predicate = true> <Delay = 0.00>
ST_1 : Operation 22 [1/1] (1.28ns)   --->   "%icmp_ln21 = icmp eq i32 %led_number_loc_0, 1" [k731_hls_led_stream_ip/k731_hls_led_stream_ip.cpp:21]   --->   Operation 22 'icmp' 'icmp_ln21' <Predicate = (!icmp_ln17)> <Delay = 1.28> <Core = "Cmp">   --->   Core 25 'Cmp' <Latency = 0> <II = 1> <Delay = 1.28> <FuncUnit> <Opcode : 'icmp'> <InPorts = 2> <OutPorts = 1>
ST_1 : Operation 23 [1/1] (0.00ns)   --->   "br i1 %icmp_ln21, label %5, label %6" [k731_hls_led_stream_ip/k731_hls_led_stream_ip.cpp:21]   --->   Operation 23 'br' <Predicate = (!icmp_ln17)> <Delay = 0.00>
ST_1 : Operation 24 [1/1] (1.28ns)   --->   "%icmp_ln25 = icmp eq i32 %led_number_loc_0, 2" [k731_hls_led_stream_ip/k731_hls_led_stream_ip.cpp:25]   --->   Operation 24 'icmp' 'icmp_ln25' <Predicate = (!icmp_ln17 & !icmp_ln21)> <Delay = 1.28> <Core = "Cmp">   --->   Core 25 'Cmp' <Latency = 0> <II = 1> <Delay = 1.28> <FuncUnit> <Opcode : 'icmp'> <InPorts = 2> <OutPorts = 1>
ST_1 : Operation 25 [1/1] (0.00ns)   --->   "br i1 %icmp_ln25, label %7, label %8" [k731_hls_led_stream_ip/k731_hls_led_stream_ip.cpp:25]   --->   Operation 25 'br' <Predicate = (!icmp_ln17 & !icmp_ln21)> <Delay = 0.00>
ST_1 : Operation 26 [1/1] (1.28ns)   --->   "%icmp_ln29 = icmp eq i32 %led_number_loc_0, 3" [k731_hls_led_stream_ip/k731_hls_led_stream_ip.cpp:29]   --->   Operation 26 'icmp' 'icmp_ln29' <Predicate = (!icmp_ln17 & !icmp_ln21 & !icmp_ln25)> <Delay = 1.28> <Core = "Cmp">   --->   Core 25 'Cmp' <Latency = 0> <II = 1> <Delay = 1.28> <FuncUnit> <Opcode : 'icmp'> <InPorts = 2> <OutPorts = 1>
ST_1 : Operation 27 [1/1] (0.00ns)   --->   "br i1 %icmp_ln29, label %9, label %._crit_edge28" [k731_hls_led_stream_ip/k731_hls_led_stream_ip.cpp:29]   --->   Operation 27 'br' <Predicate = (!icmp_ln17 & !icmp_ln21 & !icmp_ln25)> <Delay = 0.00>
ST_1 : Operation 28 [1/1] (0.00ns)   --->   "call void @_ssdm_op_Write.ap_none.i4P(i4* %led_V, i4 -8)" [k731_hls_led_stream_ip/k731_hls_led_stream_ip.cpp:31]   --->   Operation 28 'write' <Predicate = (!icmp_ln17 & !icmp_ln21 & !icmp_ln25 & icmp_ln29)> <Delay = 0.00>
ST_1 : Operation 29 [1/1] (0.00ns)   --->   "br label %._crit_edge28" [k731_hls_led_stream_ip/k731_hls_led_stream_ip.cpp:32]   --->   Operation 29 'br' <Predicate = (!icmp_ln17 & !icmp_ln21 & !icmp_ln25 & icmp_ln29)> <Delay = 0.00>
ST_1 : Operation 30 [1/1] (0.00ns)   --->   "br label %10"   --->   Operation 30 'br' <Predicate = (!icmp_ln17 & !icmp_ln21 & !icmp_ln25)> <Delay = 0.00>
ST_1 : Operation 31 [1/1] (0.00ns)   --->   "call void @_ssdm_op_Write.ap_none.i4P(i4* %led_V, i4 4)" [k731_hls_led_stream_ip/k731_hls_led_stream_ip.cpp:27]   --->   Operation 31 'write' <Predicate = (!icmp_ln17 & !icmp_ln21 & icmp_ln25)> <Delay = 0.00>
ST_1 : Operation 32 [1/1] (0.00ns)   --->   "br label %10" [k731_hls_led_stream_ip/k731_hls_led_stream_ip.cpp:28]   --->   Operation 32 'br' <Predicate = (!icmp_ln17 & !icmp_ln21 & icmp_ln25)> <Delay = 0.00>
ST_1 : Operation 33 [1/1] (0.00ns)   --->   "br label %11"   --->   Operation 33 'br' <Predicate = (!icmp_ln17 & !icmp_ln21)> <Delay = 0.00>
ST_1 : Operation 34 [1/1] (0.00ns)   --->   "call void @_ssdm_op_Write.ap_none.i4P(i4* %led_V, i4 2)" [k731_hls_led_stream_ip/k731_hls_led_stream_ip.cpp:23]   --->   Operation 34 'write' <Predicate = (!icmp_ln17 & icmp_ln21)> <Delay = 0.00>
ST_1 : Operation 35 [1/1] (0.00ns)   --->   "br label %11" [k731_hls_led_stream_ip/k731_hls_led_stream_ip.cpp:24]   --->   Operation 35 'br' <Predicate = (!icmp_ln17 & icmp_ln21)> <Delay = 0.00>
ST_1 : Operation 36 [1/1] (0.00ns)   --->   "br label %12"   --->   Operation 36 'br' <Predicate = (!icmp_ln17)> <Delay = 0.00>
ST_1 : Operation 37 [1/1] (0.00ns)   --->   "call void @_ssdm_op_Write.ap_none.i4P(i4* %led_V, i4 1)" [k731_hls_led_stream_ip/k731_hls_led_stream_ip.cpp:19]   --->   Operation 37 'write' <Predicate = (icmp_ln17)> <Delay = 0.00>
ST_1 : Operation 38 [1/1] (0.00ns)   --->   "br label %12" [k731_hls_led_stream_ip/k731_hls_led_stream_ip.cpp:20]   --->   Operation 38 'br' <Predicate = (icmp_ln17)> <Delay = 0.00>
ST_1 : Operation 39 [1/1] (0.00ns)   --->   "ret void" [k731_hls_led_stream_ip/k731_hls_led_stream_ip.cpp:33]   --->   Operation 39 'ret' <Predicate = true> <Delay = 0.00>


============================================================
+ Verbose Summary: Binding
============================================================
STG Binding: 
---------------- STG Properties BEGIN ----------------
- Is combinational: 0
- Is one-state seq: 1
- Is datapath-only: 0
- Is pipelined: 0
- Is top level: 1
Port [ Return ] is wired: 1; IO mode=ap_ctrl_none:ce=0
Port [ led_V]:  wired=1; compound=0; hidden=0; nouse=0; global=0; static=0; extern=0; dir=1; type=0; pingpong=0; private_global=0; IO mode=ap_none:ce=0
Port [ cnt_reg]:  wired=0; compound=0; hidden=1; nouse=0; global=1; static=1; extern=0; dir=2; type=0; pingpong=0; private_global=1; linkage=7; visibility=0; IO mode=ap_ovld:ce=0
Port [ led_number]:  wired=0; compound=0; hidden=1; nouse=0; global=1; static=1; extern=0; dir=2; type=0; pingpong=0; private_global=1; linkage=7; visibility=0; IO mode=ap_ovld:ce=0
---------------- STG Properties END ------------------

---------------- Datapath Model BEGIN ----------------

<LifeTime>
<method=bitvector/>
specbitsmap_ln0   (specbitsmap  ) [ 00]
spectopmodule_ln0 (spectopmodule) [ 00]
specinterface_ln6 (specinterface) [ 00]
specinterface_ln7 (specinterface) [ 00]
cnt_reg_load      (load         ) [ 00]
icmp_ln10         (icmp         ) [ 01]
led_number_load   (load         ) [ 00]
br_ln10           (br           ) [ 00]
store_ln13        (store        ) [ 00]
icmp_ln14         (icmp         ) [ 01]
add_ln14          (add          ) [ 00]
select_ln14       (select       ) [ 00]
store_ln14        (store        ) [ 00]
br_ln0            (br           ) [ 00]
add_ln10          (add          ) [ 00]
store_ln10        (store        ) [ 00]
br_ln10           (br           ) [ 00]
led_number_loc_0  (phi          ) [ 00]
icmp_ln17         (icmp         ) [ 01]
br_ln17           (br           ) [ 00]
icmp_ln21         (icmp         ) [ 01]
br_ln21           (br           ) [ 00]
icmp_ln25         (icmp         ) [ 01]
br_ln25           (br           ) [ 00]
icmp_ln29         (icmp         ) [ 01]
br_ln29           (br           ) [ 00]
write_ln31        (write        ) [ 00]
br_ln32           (br           ) [ 00]
br_ln0            (br           ) [ 00]
write_ln27        (write        ) [ 00]
br_ln28           (br           ) [ 00]
br_ln0            (br           ) [ 00]
write_ln23        (write        ) [ 00]
br_ln24           (br           ) [ 00]
br_ln0            (br           ) [ 00]
write_ln19        (write        ) [ 00]
br_ln20           (br           ) [ 00]
ret_ln33          (ret          ) [ 00]
</LifeTime>

<model>

<comp_list>
<comp id="0" class="1000" name="led_V">
<pin_list>
<pin id="1" dir="1" index="0" bw="1" slack="0"/>
</pin_list>
<bind>
<StgValue><ssdm name="led_V"/></StgValue>
</bind>
</comp>

<comp id="2" class="1000" name="cnt_reg">
<pin_list>
<pin id="3" dir="1" index="0" bw="1" slack="0"/>
</pin_list>
<bind>
<StgValue><ssdm name="cnt_reg"/></StgValue>
</bind>
</comp>

<comp id="4" class="1000" name="led_number">
<pin_list>
<pin id="5" dir="1" index="0" bw="1" slack="0"/>
</pin_list>
<bind>
<StgValue><ssdm name="led_number"/></StgValue>
</bind>
</comp>

<comp id="6" class="1001" name="const_6">
<pin_list>
<pin id="7" dir="1" index="0" bw="1" slack="2147483647"/>
</pin_list>
<bind>
<StgValue><ssdm name="_ssdm_op_SpecBitsMap"/></StgValue>
</bind>
</comp>

<comp id="8" class="1001" name="const_8">
<pin_list>
<pin id="9" dir="1" index="0" bw="1" slack="2147483647"/>
</pin_list>
<bind>
<StgValue><ssdm name="_ssdm_op_SpecTopModule"/></StgValue>
</bind>
</comp>

<comp id="10" class="1001" name="const_10">
<pin_list>
<pin id="11" dir="1" index="0" bw="1" slack="2147483647"/>
</pin_list>
<bind>
<StgValue><ssdm name="k731_hls_led_stream_s"/></StgValue>
</bind>
</comp>

<comp id="12" class="1001" name="const_12">
<pin_list>
<pin id="13" dir="1" index="0" bw="1" slack="2147483647"/>
</pin_list>
<bind>
<StgValue><ssdm name="_ssdm_op_SpecInterface"/></StgValue>
</bind>
</comp>

<comp id="14" class="1001" name="const_14">
<pin_list>
<pin id="15" dir="1" index="0" bw="1" slack="2147483647"/>
</pin_list>
<bind>
<StgValue><ssdm name="p_str"/></StgValue>
</bind>
</comp>

<comp id="16" class="1001" name="const_16">
<pin_list>
<pin id="17" dir="1" index="0" bw="1" slack="0"/>
</pin_list>
<bind>
<StgValue><ssdm name=""/></StgValue>
</bind>
</comp>

<comp id="18" class="1001" name="const_18">
<pin_list>
<pin id="19" dir="1" index="0" bw="1" slack="2147483647"/>
</pin_list>
<bind>
<StgValue><ssdm name="p_str1"/></StgValue>
</bind>
</comp>

<comp id="20" class="1001" name="const_20">
<pin_list>
<pin id="21" dir="1" index="0" bw="1" slack="2147483647"/>
</pin_list>
<bind>
<StgValue><ssdm name="p_str2"/></StgValue>
</bind>
</comp>

<comp id="22" class="1001" name="const_22">
<pin_list>
<pin id="23" dir="1" index="0" bw="1" slack="0"/>
</pin_list>
<bind>
<StgValue><ssdm name=""/></StgValue>
</bind>
</comp>

<comp id="24" class="1001" name="const_24">
<pin_list>
<pin id="25" dir="1" index="0" bw="1" slack="0"/>
</pin_list>
<bind>
<StgValue><ssdm name=""/></StgValue>
</bind>
</comp>

<comp id="26" class="1001" name="const_26">
<pin_list>
<pin id="27" dir="1" index="0" bw="1" slack="0"/>
</pin_list>
<bind>
<StgValue><ssdm name=""/></StgValue>
</bind>
</comp>

<comp id="28" class="1001" name="const_28">
<pin_list>
<pin id="29" dir="1" index="0" bw="1" slack="0"/>
</pin_list>
<bind>
<StgValue><ssdm name=""/></StgValue>
</bind>
</comp>

<comp id="30" class="1001" name="const_30">
<pin_list>
<pin id="31" dir="1" index="0" bw="1" slack="0"/>
</pin_list>
<bind>
<StgValue><ssdm name="_ssdm_op_Write.ap_none.i4P"/></StgValue>
</bind>
</comp>

<comp id="32" class="1001" name="const_32">
<pin_list>
<pin id="33" dir="1" index="0" bw="1" slack="0"/>
</pin_list>
<bind>
<StgValue><ssdm name=""/></StgValue>
</bind>
</comp>

<comp id="34" class="1001" name="const_34">
<pin_list>
<pin id="35" dir="1" index="0" bw="1" slack="0"/>
</pin_list>
<bind>
<StgValue><ssdm name=""/></StgValue>
</bind>
</comp>

<comp id="36" class="1001" name="const_36">
<pin_list>
<pin id="37" dir="1" index="0" bw="1" slack="0"/>
</pin_list>
<bind>
<StgValue><ssdm name=""/></StgValue>
</bind>
</comp>

<comp id="38" class="1001" name="const_38">
<pin_list>
<pin id="39" dir="1" index="0" bw="1" slack="0"/>
</pin_list>
<bind>
<StgValue><ssdm name=""/></StgValue>
</bind>
</comp>

<comp id="40" class="1004" name="grp_write_fu_40">
<pin_list>
<pin id="41" dir="0" index="0" bw="0" slack="0"/>
<pin id="42" dir="0" index="1" bw="4" slack="0"/>
<pin id="43" dir="0" index="2" bw="4" slack="0"/>
<pin id="44" dir="1" index="3" bw="0" slack="2147483647"/>
</pin_list>
<bind>
<opcode="write(1151) " fcode="write"/>
<opset="write_ln31/1 write_ln27/1 write_ln23/1 write_ln19/1 "/>
</bind>
</comp>

<comp id="51" class="1005" name="led_number_loc_0_reg_51">
<pin_list>
<pin id="52" dir="0" index="0" bw="32" slack="2147483647"/>
<pin id="53" dir="1" index="1" bw="32" slack="2147483647"/>
</pin_list>
<bind>
<opset="led_number_loc_0 (phireg) "/>
</bind>
</comp>

<comp id="54" class="1004" name="led_number_loc_0_phi_fu_54">
<pin_list>
<pin id="55" dir="0" index="0" bw="32" slack="0"/>
<pin id="56" dir="0" index="1" bw="0" slack="2147483647"/>
<pin id="57" dir="0" index="2" bw="32" slack="0"/>
<pin id="58" dir="0" index="3" bw="0" slack="2147483647"/>
<pin id="59" dir="1" index="4" bw="32" slack="0"/>
</pin_list>
<bind>
<opcode="phi(47) " fcode="phi"/>
<opset="led_number_loc_0/1 "/>
</bind>
</comp>

<comp id="60" class="1004" name="cnt_reg_load_load_fu_60">
<pin_list>
<pin id="61" dir="0" index="0" bw="32" slack="0"/>
<pin id="62" dir="1" index="1" bw="32" slack="0"/>
</pin_list>
<bind>
<opcode="load(27) " fcode="load"/>
<opset="cnt_reg_load/1 "/>
</bind>
</comp>

<comp id="64" class="1004" name="icmp_ln10_fu_64">
<pin_list>
<pin id="65" dir="0" index="0" bw="32" slack="0"/>
<pin id="66" dir="0" index="1" bw="32" slack="0"/>
<pin id="67" dir="1" index="2" bw="1" slack="2147483647"/>
</pin_list>
<bind>
<opcode="icmp(45) " fcode="icmp"/>
<opset="icmp_ln10/1 "/>
</bind>
</comp>

<comp id="70" class="1004" name="led_number_load_load_fu_70">
<pin_list>
<pin id="71" dir="0" index="0" bw="32" slack="0"/>
<pin id="72" dir="1" index="1" bw="32" slack="0"/>
</pin_list>
<bind>
<opcode="load(27) " fcode="load"/>
<opset="led_number_load/1 "/>
</bind>
</comp>

<comp id="75" class="1004" name="store_ln13_store_fu_75">
<pin_list>
<pin id="76" dir="0" index="0" bw="1" slack="0"/>
<pin id="77" dir="0" index="1" bw="32" slack="0"/>
<pin id="78" dir="1" index="2" bw="0" slack="2147483647"/>
</pin_list>
<bind>
<opcode="store(28) " fcode="store"/>
<opset="store_ln13/1 "/>
</bind>
</comp>

<comp id="81" class="1004" name="icmp_ln14_fu_81">
<pin_list>
<pin id="82" dir="0" index="0" bw="32" slack="0"/>
<pin id="83" dir="0" index="1" bw="32" slack="0"/>
<pin id="84" dir="1" index="2" bw="1" slack="0"/>
</pin_list>
<bind>
<opcode="icmp(45) " fcode="icmp"/>
<opset="icmp_ln14/1 "/>
</bind>
</comp>

<comp id="87" class="1004" name="add_ln14_fu_87">
<pin_list>
<pin id="88" dir="0" index="0" bw="32" slack="0"/>
<pin id="89" dir="0" index="1" bw="1" slack="0"/>
<pin id="90" dir="1" index="2" bw="32" slack="0"/>
</pin_list>
<bind>
<opcode="add(8) " fcode="add"/>
<opset="add_ln14/1 "/>
</bind>
</comp>

<comp id="93" class="1004" name="select_ln14_fu_93">
<pin_list>
<pin id="94" dir="0" index="0" bw="1" slack="0"/>
<pin id="95" dir="0" index="1" bw="32" slack="0"/>
<pin id="96" dir="0" index="2" bw="32" slack="0"/>
<pin id="97" dir="1" index="3" bw="32" slack="0"/>
</pin_list>
<bind>
<opcode="select(49) " fcode="select"/>
<opset="select_ln14/1 "/>
</bind>
</comp>

<comp id="102" class="1004" name="store_ln14_store_fu_102">
<pin_list>
<pin id="103" dir="0" index="0" bw="32" slack="0"/>
<pin id="104" dir="0" index="1" bw="32" slack="0"/>
<pin id="105" dir="1" index="2" bw="0" slack="2147483647"/>
</pin_list>
<bind>
<opcode="store(28) " fcode="store"/>
<opset="store_ln14/1 "/>
</bind>
</comp>

<comp id="108" class="1004" name="add_ln10_fu_108">
<pin_list>
<pin id="109" dir="0" index="0" bw="32" slack="0"/>
<pin id="110" dir="0" index="1" bw="1" slack="0"/>
<pin id="111" dir="1" index="2" bw="32" slack="0"/>
</pin_list>
<bind>
<opcode="add(8) " fcode="add"/>
<opset="add_ln10/1 "/>
</bind>
</comp>

<comp id="114" class="1004" name="store_ln10_store_fu_114">
<pin_list>
<pin id="115" dir="0" index="0" bw="32" slack="0"/>
<pin id="116" dir="0" index="1" bw="32" slack="0"/>
<pin id="117" dir="1" index="2" bw="0" slack="2147483647"/>
</pin_list>
<bind>
<opcode="store(28) " fcode="store"/>
<opset="store_ln10/1 "/>
</bind>
</comp>

<comp id="120" class="1004" name="icmp_ln17_fu_120">
<pin_list>
<pin id="121" dir="0" index="0" bw="32" slack="0"/>
<pin id="122" dir="0" index="1" bw="32" slack="0"/>
<pin id="123" dir="1" index="2" bw="1" slack="2147483647"/>
</pin_list>
<bind>
<opcode="icmp(45) " fcode="icmp"/>
<opset="icmp_ln17/1 "/>
</bind>
</comp>

<comp id="126" class="1004" name="icmp_ln21_fu_126">
<pin_list>
<pin id="127" dir="0" index="0" bw="32" slack="0"/>
<pin id="128" dir="0" index="1" bw="32" slack="0"/>
<pin id="129" dir="1" index="2" bw="1" slack="2147483647"/>
</pin_list>
<bind>
<opcode="icmp(45) " fcode="icmp"/>
<opset="icmp_ln21/1 "/>
</bind>
</comp>

<comp id="132" class="1004" name="icmp_ln25_fu_132">
<pin_list>
<pin id="133" dir="0" index="0" bw="32" slack="0"/>
<pin id="134" dir="0" index="1" bw="32" slack="0"/>
<pin id="135" dir="1" index="2" bw="1" slack="2147483647"/>
</pin_list>
<bind>
<opcode="icmp(45) " fcode="icmp"/>
<opset="icmp_ln25/1 "/>
</bind>
</comp>

<comp id="138" class="1004" name="icmp_ln29_fu_138">
<pin_list>
<pin id="139" dir="0" index="0" bw="32" slack="0"/>
<pin id="140" dir="0" index="1" bw="32" slack="0"/>
<pin id="141" dir="1" index="2" bw="1" slack="2147483647"/>
</pin_list>
<bind>
<opcode="icmp(45) " fcode="icmp"/>
<opset="icmp_ln29/1 "/>
</bind>
</comp>

</comp_list>

<net_list>
<net id="45"><net_src comp="30" pin="0"/><net_sink comp="40" pin=0"/></net>

<net id="46"><net_src comp="0" pin="0"/><net_sink comp="40" pin=1"/></net>

<net id="47"><net_src comp="32" pin="0"/><net_sink comp="40" pin=2"/></net>

<net id="48"><net_src comp="34" pin="0"/><net_sink comp="40" pin=2"/></net>

<net id="49"><net_src comp="36" pin="0"/><net_sink comp="40" pin=2"/></net>

<net id="50"><net_src comp="38" pin="0"/><net_sink comp="40" pin=2"/></net>

<net id="63"><net_src comp="2" pin="0"/><net_sink comp="60" pin=0"/></net>

<net id="68"><net_src comp="60" pin="1"/><net_sink comp="64" pin=0"/></net>

<net id="69"><net_src comp="22" pin="0"/><net_sink comp="64" pin=1"/></net>

<net id="73"><net_src comp="4" pin="0"/><net_sink comp="70" pin=0"/></net>

<net id="74"><net_src comp="70" pin="1"/><net_sink comp="54" pin=0"/></net>

<net id="79"><net_src comp="16" pin="0"/><net_sink comp="75" pin=0"/></net>

<net id="80"><net_src comp="2" pin="0"/><net_sink comp="75" pin=1"/></net>

<net id="85"><net_src comp="70" pin="1"/><net_sink comp="81" pin=0"/></net>

<net id="86"><net_src comp="24" pin="0"/><net_sink comp="81" pin=1"/></net>

<net id="91"><net_src comp="70" pin="1"/><net_sink comp="87" pin=0"/></net>

<net id="92"><net_src comp="26" pin="0"/><net_sink comp="87" pin=1"/></net>

<net id="98"><net_src comp="81" pin="2"/><net_sink comp="93" pin=0"/></net>

<net id="99"><net_src comp="87" pin="2"/><net_sink comp="93" pin=1"/></net>

<net id="100"><net_src comp="16" pin="0"/><net_sink comp="93" pin=2"/></net>

<net id="101"><net_src comp="93" pin="3"/><net_sink comp="54" pin=2"/></net>

<net id="106"><net_src comp="93" pin="3"/><net_sink comp="102" pin=0"/></net>

<net id="107"><net_src comp="4" pin="0"/><net_sink comp="102" pin=1"/></net>

<net id="112"><net_src comp="60" pin="1"/><net_sink comp="108" pin=0"/></net>

<net id="113"><net_src comp="26" pin="0"/><net_sink comp="108" pin=1"/></net>

<net id="118"><net_src comp="108" pin="2"/><net_sink comp="114" pin=0"/></net>

<net id="119"><net_src comp="2" pin="0"/><net_sink comp="114" pin=1"/></net>

<net id="124"><net_src comp="54" pin="4"/><net_sink comp="120" pin=0"/></net>

<net id="125"><net_src comp="16" pin="0"/><net_sink comp="120" pin=1"/></net>

<net id="130"><net_src comp="54" pin="4"/><net_sink comp="126" pin=0"/></net>

<net id="131"><net_src comp="26" pin="0"/><net_sink comp="126" pin=1"/></net>

<net id="136"><net_src comp="54" pin="4"/><net_sink comp="132" pin=0"/></net>

<net id="137"><net_src comp="28" pin="0"/><net_sink comp="132" pin=1"/></net>

<net id="142"><net_src comp="54" pin="4"/><net_sink comp="138" pin=0"/></net>

<net id="143"><net_src comp="24" pin="0"/><net_sink comp="138" pin=1"/></net>

</net_list>

</model> 
---------------- Datapath Model END ------------------

* FSMD analyzer results:
  - Output states:
	Port: led_V | {1 }
	Port: cnt_reg | {1 }
	Port: led_number | {1 }
 - Input state : 
	Port: k731_hls_led_stream_ip : cnt_reg | {1 }
	Port: k731_hls_led_stream_ip : led_number | {1 }
  - Chain level:
	State 1
		icmp_ln10 : 1
		br_ln10 : 2
		icmp_ln14 : 1
		add_ln14 : 1
		select_ln14 : 2
		store_ln14 : 3
		add_ln10 : 1
		store_ln10 : 2
		led_number_loc_0 : 3
		icmp_ln17 : 4
		br_ln17 : 5
		icmp_ln21 : 4
		br_ln21 : 5
		icmp_ln25 : 4
		br_ln25 : 5
		icmp_ln29 : 4
		br_ln29 : 5


============================================================
+ Verbose Summary: Datapath Resource usage 
============================================================

* Functional unit list:
|----------|-------------------|---------|---------|
| Operation|  Functional Unit  |    FF   |   LUT   |
|----------|-------------------|---------|---------|
|          |  icmp_ln10_fu_64  |    0    |    18   |
|          |  icmp_ln14_fu_81  |    0    |    18   |
|   icmp   |  icmp_ln17_fu_120 |    0    |    18   |
|          |  icmp_ln21_fu_126 |    0    |    18   |
|          |  icmp_ln25_fu_132 |    0    |    18   |
|          |  icmp_ln29_fu_138 |    0    |    18   |
|----------|-------------------|---------|---------|
|    add   |   add_ln14_fu_87  |    0    |    39   |
|          |  add_ln10_fu_108  |    0    |    39   |
|----------|-------------------|---------|---------|
|  select  | select_ln14_fu_93 |    0    |    32   |
|----------|-------------------|---------|---------|
|   write  |  grp_write_fu_40  |    0    |    0    |
|----------|-------------------|---------|---------|
|   Total  |                   |    0    |   218   |
|----------|-------------------|---------|---------|

Memories:
N/A

* Register list:
+-----------------------+--------+
|                       |   FF   |
+-----------------------+--------+
|led_number_loc_0_reg_51|   32   |
+-----------------------+--------+
|         Total         |   32   |
+-----------------------+--------+

* Multiplexer (MUX) list: 
|-----------------|------|------|------|--------||---------||---------|
|       Comp      |  Pin | Size |  BW  | S x BW ||  Delay  ||   LUT   |
|-----------------|------|------|------|--------||---------||---------|
| grp_write_fu_40 |  p2  |   4  |   4  |   16   ||    9    |
|-----------------|------|------|------|--------||---------||---------|
|      Total      |      |      |      |   16   || 0.943143||    9    |
|-----------------|------|------|------|--------||---------||---------|



* Summary:
+-----------+--------+--------+--------+
|           |  Delay |   FF   |   LUT  |
+-----------+--------+--------+--------+
|  Function |    -   |    0   |   218  |
|   Memory  |    -   |    -   |    -   |
|Multiplexer|    0   |    -   |    9   |
|  Register |    -   |   32   |    -   |
+-----------+--------+--------+--------+
|   Total   |    0   |   32   |   227  |
+-----------+--------+--------+--------+
