#-----------------------------------------------------------
# Vivado v2019.2 (64-bit)
# SW Build 2708876 on Wed Nov  6 21:40:23 MST 2019
# IP Build 2700528 on Thu Nov  7 00:09:20 MST 2019
# Start of session at: Tue Jul  7 20:55:42 2020
# Process ID: 22040
# Current directory: C:/Users/Administrator/Desktop/K7325/DEMO/k701_led_stream
# Command line: vivado.exe -gui_launcher_event rodinguilauncherevent20212 C:\Users\Administrator\Desktop\K7325\DEMO\k701_led_stream\k701_led_stream.xpr
# Log file: C:/Users/Administrator/Desktop/K7325/DEMO/k701_led_stream/vivado.log
# Journal file: C:/Users/Administrator/Desktop/K7325/DEMO/k701_led_stream\vivado.jou
#-----------------------------------------------------------
start_gui
open_project C:/Users/Administrator/Desktop/K7325/DEMO/k701_led_stream/k701_led_stream.xpr
Scanning sources...
Finished scanning sources
INFO: [IP_Flow 19-234] Refreshing IP repositories
INFO: [IP_Flow 19-1704] No user IP repositories specified
INFO: [IP_Flow 19-2313] Loaded Vivado IP repository 'C:/Xilinx/Vivado/2019.2/data/ip'.
open_project: Time (s): cpu = 00:00:17 ; elapsed = 00:00:07 . Memory (MB): peak = 891.648 ; gain = 247.594
update_compile_order -fileset sources_1
synth_design -rtl -name rtl_1
Command: synth_design -rtl -name rtl_1
Starting synth_design
Using part: xc7k325tffg676-2
Top: led_stream
INFO: [Device 21-403] Loading part xc7k325tffg676-2
---------------------------------------------------------------------------------
Starting RTL Elaboration : Time (s): cpu = 00:00:05 ; elapsed = 00:00:04 . Memory (MB): peak = 1460.316 ; gain = 229.938
---------------------------------------------------------------------------------
INFO: [Synth 8-6157] synthesizing module 'led_stream' [C:/Users/Administrator/Desktop/K7325/DEMO/k701_led_stream/k701_led_stream.srcs/sources_1/new/led_stream.v:1]
	Parameter CLOCK_FREQ bound to: 50000000 - type: integer 
	Parameter COUNTER_MAX_CNT bound to: 24999999 - type: integer 
INFO: [Synth 8-226] default block is never used [C:/Users/Administrator/Desktop/K7325/DEMO/k701_led_stream/k701_led_stream.srcs/sources_1/new/led_stream.v:31]
INFO: [Synth 8-6155] done synthesizing module 'led_stream' (1#1) [C:/Users/Administrator/Desktop/K7325/DEMO/k701_led_stream/k701_led_stream.srcs/sources_1/new/led_stream.v:1]
---------------------------------------------------------------------------------
Finished RTL Elaboration : Time (s): cpu = 00:00:06 ; elapsed = 00:00:05 . Memory (MB): peak = 1505.422 ; gain = 275.043
---------------------------------------------------------------------------------

Report Check Netlist: 
+------+------------------+-------+---------+-------+------------------+
|      |Item              |Errors |Warnings |Status |Description       |
+------+------------------+-------+---------+-------+------------------+
|1     |multi_driven_nets |      0|        0|Passed |Multi driven nets |
+------+------------------+-------+---------+-------+------------------+
---------------------------------------------------------------------------------
Start Handling Custom Attributes
---------------------------------------------------------------------------------
---------------------------------------------------------------------------------
Finished Handling Custom Attributes : Time (s): cpu = 00:00:06 ; elapsed = 00:00:06 . Memory (MB): peak = 1505.422 ; gain = 275.043
---------------------------------------------------------------------------------
---------------------------------------------------------------------------------
Finished RTL Optimization Phase 1 : Time (s): cpu = 00:00:06 ; elapsed = 00:00:06 . Memory (MB): peak = 1505.422 ; gain = 275.043
---------------------------------------------------------------------------------
Netlist sorting complete. Time (s): cpu = 00:00:00 ; elapsed = 00:00:00.002 . Memory (MB): peak = 1505.422 ; gain = 0.000
INFO: [Project 1-570] Preparing netlist for logic optimization

Processing XDC Constraints
Initializing timing engine
Parsing XDC File [C:/Users/Administrator/Desktop/K7325/DEMO/k701_led_stream/k701_led_stream.srcs/constrs_1/new/led_stream.xdc]
Finished Parsing XDC File [C:/Users/Administrator/Desktop/K7325/DEMO/k701_led_stream/k701_led_stream.srcs/constrs_1/new/led_stream.xdc]
Completed Processing XDC Constraints

INFO: [Opt 31-138] Pushed 0 inverter(s) to 0 load pin(s).
Netlist sorting complete. Time (s): cpu = 00:00:00 ; elapsed = 00:00:00 . Memory (MB): peak = 1588.969 ; gain = 0.000
INFO: [Project 1-111] Unisim Transformation Summary:
No Unisim elements were transformed.

RTL Elaboration Complete:  : Time (s): cpu = 00:00:21 ; elapsed = 00:00:12 . Memory (MB): peak = 1677.461 ; gain = 447.082
7 Infos, 0 Warnings, 0 Critical Warnings and 0 Errors encountered.
synth_design completed successfully
synth_design: Time (s): cpu = 00:00:27 ; elapsed = 00:00:18 . Memory (MB): peak = 1677.461 ; gain = 745.941
exit
INFO: [Common 17-206] Exiting Vivado at Tue Jul  7 20:58:36 2020...
