#-----------------------------------------------------------
# Vivado v2019.2 (64-bit)
# SW Build 2708876 on Wed Nov  6 21:40:23 MST 2019
# IP Build 2700528 on Thu Nov  7 00:09:20 MST 2019
# Start of session at: Sat Jul 11 15:07:42 2020
# Process ID: 5132
# Current directory: C:/Users/Administrator/Desktop/K7325/DEMO/k701_led_stream
# Command line: vivado.exe -gui_launcher_event rodinguilauncherevent12540 C:\Users\Administrator\Desktop\K7325\DEMO\k701_led_stream\k701_led_stream.xpr
# Log file: C:/Users/Administrator/Desktop/K7325/DEMO/k701_led_stream/vivado.log
# Journal file: C:/Users/Administrator/Desktop/K7325/DEMO/k701_led_stream\vivado.jou
#-----------------------------------------------------------
start_gui
open_project C:/Users/Administrator/Desktop/K7325/DEMO/k701_led_stream/k701_led_stream.xpr
Scanning sources...
Finished scanning sources
INFO: [IP_Flow 19-234] Refreshing IP repositories
INFO: [IP_Flow 19-1704] No user IP repositories specified
INFO: [IP_Flow 19-2313] Loaded Vivado IP repository 'C:/Xilinx/Vivado/2019.2/data/ip'.
open_project: Time (s): cpu = 00:00:12 ; elapsed = 00:00:06 . Memory (MB): peak = 911.461 ; gain = 251.145
update_compile_order -fileset sources_1
exit
INFO: [Common 17-206] Exiting Vivado at Sat Jul 11 15:13:47 2020...
