#-----------------------------------------------------------
# Vivado v2018.3 (64-bit)
# SW Build 2405991 on Thu Dec  6 23:38:27 MST 2018
# IP Build 2404404 on Fri Dec  7 01:43:56 MST 2018
# Start of session at: Fri Jun 26 18:43:24 2020
# Process ID: 12664
# Current directory: C:/Users/Administrator/Desktop/K7325/DEMO/k701_led_stream
# Command line: vivado.exe -gui_launcher_event rodinguilauncherevent20700 C:\Users\Administrator\Desktop\K7325\DEMO\k701_led_stream\k701_led_stream.xpr
# Log file: C:/Users/Administrator/Desktop/K7325/DEMO/k701_led_stream/vivado.log
# Journal file: C:/Users/Administrator/Desktop/K7325/DEMO/k701_led_stream\vivado.jou
#-----------------------------------------------------------
start_gui
open_project C:/Users/Administrator/Desktop/K7325/DEMO/k701_led_stream/k701_led_stream.xpr
CRITICAL WARNING: [Project 1-19] Could not find the file 'C:/Users/Administrator/Desktop/K7325/DEMO/k701_led_stream/k701_led_stream.srcs/sources_1/new/led_stream.v'.
Scanning sources...
Finished scanning sources
CRITICAL WARNING: [Project 1-192] Failed to load run synth_1. Strategy Vivado Synthesis Defaults (Vivado Synthesis 2019) not recognized by Vivado. 

CRITICAL WARNING: [Project 1-192] Failed to load run impl_1. Strategy Vivado Implementation Defaults (Vivado Implementation 2019) not recognized by Vivado. 

CRITICAL WARNING: [Project 1-505] Unrecognized Option Name DcpsUptoDate
WARNING: [Project 1-231] Project 'k701_led_stream.xpr' was created with a future version and may or may not perform reliably with this version of Vivado. It has been opened in read-only mode for the protection of unrecognized data. Use 'File | Save Project As...' if you wish to alter a copy of the project.
INFO: [IP_Flow 19-234] Refreshing IP repositories
INFO: [IP_Flow 19-1704] No user IP repositories specified
INFO: [IP_Flow 19-2313] Loaded Vivado IP repository 'C:/Xilinx/2018.3/Vivado/2018.3/data/ip'.
open_project: Time (s): cpu = 00:00:12 ; elapsed = 00:00:06 . Memory (MB): peak = 789.840 ; gain = 155.137
update_compile_order -fileset sources_1
exit
INFO: [Common 17-206] Exiting Vivado at Fri Jun 26 18:43:52 2020...
