#-----------------------------------------------------------
# Vivado v2019.2 (64-bit)
# SW Build 2708876 on Wed Nov  6 21:40:23 MST 2019
# IP Build 2700528 on Thu Nov  7 00:09:20 MST 2019
# Start of session at: Sun May 16 19:47:10 2021
# Process ID: 3692
# Current directory: C:/Users/Administrator/Desktop/K7325/DEMO/k712_ov5640_hdmi_display
# Command line: vivado.exe -gui_launcher_event rodinguilauncherevent7568 C:\Users\Administrator\Desktop\K7325\DEMO\k712_ov5640_hdmi_display\k712_ov5640_hdmi_display.xpr
# Log file: C:/Users/Administrator/Desktop/K7325/DEMO/k712_ov5640_hdmi_display/vivado.log
# Journal file: C:/Users/Administrator/Desktop/K7325/DEMO/k712_ov5640_hdmi_display\vivado.jou
#-----------------------------------------------------------
start_gui
open_project C:/Users/Administrator/Desktop/K7325/DEMO/k712_ov5640_hdmi_display/k712_ov5640_hdmi_display.xpr
Scanning sources...
Finished scanning sources
INFO: [IP_Flow 19-234] Refreshing IP repositories
INFO: [IP_Flow 19-1700] Loaded user IP repository 'c:/Users/Administrator/Desktop/K7325/DEMO/k712_ov5640_hdmi_display/tmds_ip'.
INFO: [IP_Flow 19-2313] Loaded Vivado IP repository 'C:/Xilinx/Vivado/2019.2/data/ip'.
open_project: Time (s): cpu = 00:00:17 ; elapsed = 00:00:08 . Memory (MB): peak = 924.309 ; gain = 270.418
update_compile_order -fileset sources_1
WARNING: [IP_Flow 19-4067] Ignoring invalid widget type specified checkbox.Providing a default widget
WARNING: [IP_Flow 19-4067] Ignoring invalid widget type specified checkbox.Providing a default widget
exit
INFO: [Common 17-206] Exiting Vivado at Sun May 16 19:53:57 2021...
