#-----------------------------------------------------------
# Vivado v2019.2 (64-bit)
# SW Build 2708876 on Wed Nov  6 21:40:23 MST 2019
# IP Build 2700528 on Thu Nov  7 00:09:20 MST 2019
# Start of session at: Thu May 13 20:59:34 2021
# Process ID: 14624
# Current directory: C:/Users/Administrator/Desktop/K7325/DEMO/k712_ov5640_hdmi_display
# Command line: vivado.exe -gui_launcher_event rodinguilauncherevent8248 C:\Users\Administrator\Desktop\K7325\DEMO\k712_ov5640_hdmi_display\k712_ov5640_hdmi_display.xpr
# Log file: C:/Users/Administrator/Desktop/K7325/DEMO/k712_ov5640_hdmi_display/vivado.log
# Journal file: C:/Users/Administrator/Desktop/K7325/DEMO/k712_ov5640_hdmi_display\vivado.jou
#-----------------------------------------------------------
start_gui
open_project C:/Users/Administrator/Desktop/K7325/DEMO/k712_ov5640_hdmi_display/k712_ov5640_hdmi_display.xpr
Scanning sources...
Finished scanning sources
INFO: [IP_Flow 19-234] Refreshing IP repositories
INFO: [IP_Flow 19-1700] Loaded user IP repository 'c:/Users/Administrator/Desktop/K7325/DEMO/k712_ov5640_hdmi_display/tmds_ip'.
INFO: [IP_Flow 19-2313] Loaded Vivado IP repository 'C:/Xilinx/Vivado/2019.2/data/ip'.
open_project: Time (s): cpu = 00:00:15 ; elapsed = 00:00:07 . Memory (MB): peak = 936.070 ; gain = 248.273
update_compile_order -fileset sources_1
synth_design -rtl -name rtl_1
Command: synth_design -rtl -name rtl_1
Starting synth_design
Using part: xc7k325tffg676-2
Top: ov5640_hdmi_display
INFO: [Device 21-403] Loading part xc7k325tffg676-2
WARNING: [Synth 8-6901] identifier 'ack_state_reg' is used before its declaration [C:/Users/Administrator/Desktop/K7325/DEMO/k712_ov5640_hdmi_display/k712_ov5640_hdmi_display.srcs/sources_1/new/i2c_driver.v:30]
---------------------------------------------------------------------------------
Starting RTL Elaboration : Time (s): cpu = 00:00:04 ; elapsed = 00:00:04 . Memory (MB): peak = 1704.887 ; gain = 230.078
---------------------------------------------------------------------------------
INFO: [Synth 8-6157] synthesizing module 'ov5640_hdmi_display' [C:/Users/Administrator/Desktop/K7325/DEMO/k712_ov5640_hdmi_display/k712_ov5640_hdmi_display.srcs/sources_1/new/ov5640_hdmi_display.v:1]
	Parameter VEDIO_X_LENTH bound to: 1024 - type: integer 
	Parameter VEDIO_Y_LENTH bound to: 768 - type: integer 
	Parameter VEDIO_X_START bound to: 0 - type: integer 
	Parameter VEDIO_Y_START bound to: 0 - type: integer 
	Parameter VEDIO_X_END bound to: 1024 - type: integer 
	Parameter VEDIO_Y_END bound to: 768 - type: integer 
INFO: [Synth 8-5534] Detected attribute (* mark_debug = "true" *) [C:/Users/Administrator/Desktop/K7325/DEMO/k712_ov5640_hdmi_display/k712_ov5640_hdmi_display.srcs/sources_1/new/ov5640_hdmi_display.v:72]
INFO: [Synth 8-5534] Detected attribute (* mark_debug = "true" *) [C:/Users/Administrator/Desktop/K7325/DEMO/k712_ov5640_hdmi_display/k712_ov5640_hdmi_display.srcs/sources_1/new/ov5640_hdmi_display.v:73]
INFO: [Synth 8-5534] Detected attribute (* mark_debug = "true" *) [C:/Users/Administrator/Desktop/K7325/DEMO/k712_ov5640_hdmi_display/k712_ov5640_hdmi_display.srcs/sources_1/new/ov5640_hdmi_display.v:75]
INFO: [Synth 8-5534] Detected attribute (* mark_debug = "true" *) [C:/Users/Administrator/Desktop/K7325/DEMO/k712_ov5640_hdmi_display/k712_ov5640_hdmi_display.srcs/sources_1/new/ov5640_hdmi_display.v:76]
INFO: [Synth 8-5534] Detected attribute (* mark_debug = "true" *) [C:/Users/Administrator/Desktop/K7325/DEMO/k712_ov5640_hdmi_display/k712_ov5640_hdmi_display.srcs/sources_1/new/ov5640_hdmi_display.v:77]
INFO: [Synth 8-6157] synthesizing module 'power_on_reset' [C:/Users/Administrator/Desktop/K7325/DEMO/k712_ov5640_hdmi_display/k712_ov5640_hdmi_display.srcs/sources_1/new/power_on_reset.v:1]
WARNING: [Synth 8-6014] Unused sequential element cnt1_reg was removed.  [C:/Users/Administrator/Desktop/K7325/DEMO/k712_ov5640_hdmi_display/k712_ov5640_hdmi_display.srcs/sources_1/new/power_on_reset.v:20]
INFO: [Synth 8-6155] done synthesizing module 'power_on_reset' (1#1) [C:/Users/Administrator/Desktop/K7325/DEMO/k712_ov5640_hdmi_display/k712_ov5640_hdmi_display.srcs/sources_1/new/power_on_reset.v:1]
INFO: [Synth 8-6157] synthesizing module 'ov5640_reg_config' [C:/Users/Administrator/Desktop/K7325/DEMO/k712_ov5640_hdmi_display/k712_ov5640_hdmi_display.srcs/sources_1/new/ov5640_reg_config.v:2]
	Parameter IIC_REF_CLK_CNT bound to: 3000 - type: integer 
INFO: [Synth 8-6157] synthesizing module 'i2c_driver' [C:/Users/Administrator/Desktop/K7325/DEMO/k712_ov5640_hdmi_display/k712_ov5640_hdmi_display.srcs/sources_1/new/i2c_driver.v:1]
INFO: [Synth 8-6155] done synthesizing module 'i2c_driver' (2#1) [C:/Users/Administrator/Desktop/K7325/DEMO/k712_ov5640_hdmi_display/k712_ov5640_hdmi_display.srcs/sources_1/new/i2c_driver.v:1]
INFO: [Synth 8-155] case statement is not full and has no default [C:/Users/Administrator/Desktop/K7325/DEMO/k712_ov5640_hdmi_display/k712_ov5640_hdmi_display.srcs/sources_1/new/ov5640_reg_config.v:63]
WARNING: [Synth 8-5788] Register i2c_data_reg in module ov5640_reg_config is has both Set and reset with same priority. This may cause simulation mismatches. Consider rewriting code  [C:/Users/Administrator/Desktop/K7325/DEMO/k712_ov5640_hdmi_display/k712_ov5640_hdmi_display.srcs/sources_1/new/ov5640_reg_config.v:27]
INFO: [Synth 8-6155] done synthesizing module 'ov5640_reg_config' (3#1) [C:/Users/Administrator/Desktop/K7325/DEMO/k712_ov5640_hdmi_display/k712_ov5640_hdmi_display.srcs/sources_1/new/ov5640_reg_config.v:2]
INFO: [Synth 8-6157] synthesizing module 'ov5640_capture' [C:/Users/Administrator/Desktop/K7325/DEMO/k712_ov5640_hdmi_display/k712_ov5640_hdmi_display.srcs/sources_1/new/ov5640_capture.v:1]
INFO: [Synth 8-6155] done synthesizing module 'ov5640_capture' (4#1) [C:/Users/Administrator/Desktop/K7325/DEMO/k712_ov5640_hdmi_display/k712_ov5640_hdmi_display.srcs/sources_1/new/ov5640_capture.v:1]
INFO: [Synth 8-6157] synthesizing module 'clk_wiz_0' [C:/Users/Administrator/Desktop/K7325/DEMO/k712_ov5640_hdmi_display/.Xil/Vivado-14624-FXTVWR85EI30285/realtime/clk_wiz_0_stub.v:5]
INFO: [Synth 8-6155] done synthesizing module 'clk_wiz_0' (5#1) [C:/Users/Administrator/Desktop/K7325/DEMO/k712_ov5640_hdmi_display/.Xil/Vivado-14624-FXTVWR85EI30285/realtime/clk_wiz_0_stub.v:5]
INFO: [Synth 8-6157] synthesizing module 'rgb2dvi_0' [C:/Users/Administrator/Desktop/K7325/DEMO/k712_ov5640_hdmi_display/.Xil/Vivado-14624-FXTVWR85EI30285/realtime/rgb2dvi_0_stub.v:6]
INFO: [Synth 8-6155] done synthesizing module 'rgb2dvi_0' (6#1) [C:/Users/Administrator/Desktop/K7325/DEMO/k712_ov5640_hdmi_display/.Xil/Vivado-14624-FXTVWR85EI30285/realtime/rgb2dvi_0_stub.v:6]
INFO: [Synth 8-6157] synthesizing module 'vga_driver' [C:/Users/Administrator/Desktop/K7325/DEMO/k712_ov5640_hdmi_display/k712_ov5640_hdmi_display.srcs/sources_1/new/vga_driver.v:1]
INFO: [Synth 8-6157] synthesizing module 'vga_sync' [C:/Users/Administrator/Desktop/K7325/DEMO/k712_ov5640_hdmi_display/k712_ov5640_hdmi_display.srcs/sources_1/new/vga_sync.v:1]
	Parameter H_FRONT_PROCH bound to: 88 - type: integer 
	Parameter H_SYNC_TIME bound to: 44 - type: integer 
	Parameter H_BACK_PROCH bound to: 148 - type: integer 
	Parameter H_ADDR_TIME bound to: 1920 - type: integer 
	Parameter H_TIME_TOTAL bound to: 2200 - type: integer 
	Parameter H_ADDR_START_PIX bound to: 132 - type: integer 
	Parameter H_ADDR_END_PIX bound to: 2052 - type: integer 
	Parameter V_FRONT_PROCH bound to: 4 - type: integer 
	Parameter V_SYNC_TIME bound to: 5 - type: integer 
	Parameter V_BACK_PROCH bound to: 36 - type: integer 
	Parameter V_ADDR_TIME bound to: 1080 - type: integer 
	Parameter V_TIME_TOTAL bound to: 1125 - type: integer 
	Parameter V_ADDR_START_PIX bound to: 9 - type: integer 
	Parameter V_ADDR_END_PIX bound to: 1089 - type: integer 
INFO: [Synth 8-6155] done synthesizing module 'vga_sync' (7#1) [C:/Users/Administrator/Desktop/K7325/DEMO/k712_ov5640_hdmi_display/k712_ov5640_hdmi_display.srcs/sources_1/new/vga_sync.v:1]
INFO: [Synth 8-6155] done synthesizing module 'vga_driver' (8#1) [C:/Users/Administrator/Desktop/K7325/DEMO/k712_ov5640_hdmi_display/k712_ov5640_hdmi_display.srcs/sources_1/new/vga_driver.v:1]
INFO: [Synth 8-6157] synthesizing module 'blk_mem_gen_0' [C:/Users/Administrator/Desktop/K7325/DEMO/k712_ov5640_hdmi_display/.Xil/Vivado-14624-FXTVWR85EI30285/realtime/blk_mem_gen_0_stub.v:6]
INFO: [Synth 8-6155] done synthesizing module 'blk_mem_gen_0' (9#1) [C:/Users/Administrator/Desktop/K7325/DEMO/k712_ov5640_hdmi_display/.Xil/Vivado-14624-FXTVWR85EI30285/realtime/blk_mem_gen_0_stub.v:6]
WARNING: [Synth 8-689] width (21) of port connection 'addra' does not match port width (20) of module 'blk_mem_gen_0' [C:/Users/Administrator/Desktop/K7325/DEMO/k712_ov5640_hdmi_display/k712_ov5640_hdmi_display.srcs/sources_1/new/ov5640_hdmi_display.v:175]
WARNING: [Synth 8-689] width (21) of port connection 'addrb' does not match port width (20) of module 'blk_mem_gen_0' [C:/Users/Administrator/Desktop/K7325/DEMO/k712_ov5640_hdmi_display/k712_ov5640_hdmi_display.srcs/sources_1/new/ov5640_hdmi_display.v:179]
INFO: [Synth 8-6071] Mark debug on the nets applies keep_hierarchy on instance 'vga_driver_inst'. This will prevent further optimization [C:/Users/Administrator/Desktop/K7325/DEMO/k712_ov5640_hdmi_display/k712_ov5640_hdmi_display.srcs/sources_1/new/ov5640_hdmi_display.v:141]
INFO: [Synth 8-6071] Mark debug on the nets applies keep_hierarchy on instance 'rgb2dvi_0_inst1'. This will prevent further optimization [C:/Users/Administrator/Desktop/K7325/DEMO/k712_ov5640_hdmi_display/k712_ov5640_hdmi_display.srcs/sources_1/new/ov5640_hdmi_display.v:80]
INFO: [Synth 8-6155] done synthesizing module 'ov5640_hdmi_display' (10#1) [C:/Users/Administrator/Desktop/K7325/DEMO/k712_ov5640_hdmi_display/k712_ov5640_hdmi_display.srcs/sources_1/new/ov5640_hdmi_display.v:1]
WARNING: [Synth 8-3917] design ov5640_hdmi_display has port HDMI_OUT_EN1 driven by constant 1
---------------------------------------------------------------------------------
Finished RTL Elaboration : Time (s): cpu = 00:00:05 ; elapsed = 00:00:05 . Memory (MB): peak = 1758.480 ; gain = 283.672
---------------------------------------------------------------------------------

Report Check Netlist: 
+------+------------------+-------+---------+-------+------------------+
|      |Item              |Errors |Warnings |Status |Description       |
+------+------------------+-------+---------+-------+------------------+
|1     |multi_driven_nets |      0|        0|Passed |Multi driven nets |
+------+------------------+-------+---------+-------+------------------+
---------------------------------------------------------------------------------
Start Handling Custom Attributes
---------------------------------------------------------------------------------
---------------------------------------------------------------------------------
Finished Handling Custom Attributes : Time (s): cpu = 00:00:06 ; elapsed = 00:00:06 . Memory (MB): peak = 1758.480 ; gain = 283.672
---------------------------------------------------------------------------------
---------------------------------------------------------------------------------
Finished RTL Optimization Phase 1 : Time (s): cpu = 00:00:06 ; elapsed = 00:00:06 . Memory (MB): peak = 1758.480 ; gain = 283.672
---------------------------------------------------------------------------------
INFO: [Project 1-454] Reading design checkpoint 'c:/Users/Administrator/Desktop/K7325/DEMO/k712_ov5640_hdmi_display/k712_ov5640_hdmi_display.srcs/sources_1/ip/clk_wiz_0/clk_wiz_0.dcp' for cell 'clk_wiz_0_inst'
INFO: [Project 1-454] Reading design checkpoint 'c:/Users/Administrator/Desktop/K7325/DEMO/k712_ov5640_hdmi_display/k712_ov5640_hdmi_display.srcs/sources_1/ip/rgb2dvi_0/rgb2dvi_0.dcp' for cell 'rgb2dvi_0_inst1'
INFO: [Project 1-454] Reading design checkpoint 'c:/Users/Administrator/Desktop/K7325/DEMO/k712_ov5640_hdmi_display/k712_ov5640_hdmi_display.srcs/sources_1/ip/blk_mem_gen_0/blk_mem_gen_0.dcp' for cell 'blk_mem_gen_0_inst1'
Netlist sorting complete. Time (s): cpu = 00:00:01 ; elapsed = 00:00:00.185 . Memory (MB): peak = 1758.480 ; gain = 0.000
INFO: [Netlist 29-17] Analyzing 622 Unisim elements for replacement
INFO: [Netlist 29-28] Unisim Transformation completed in 0 CPU seconds
INFO: [Project 1-479] Netlist was created with Vivado 2019.2
INFO: [Project 1-570] Preparing netlist for logic optimization
INFO: [Opt 31-140] Inserted 2 IBUFs to IO ports without IO buffers.
INFO: [Opt 31-141] Inserted 1 OBUFs to IO ports without IO buffers.

Processing XDC Constraints
Initializing timing engine
Parsing XDC File [c:/Users/Administrator/Desktop/K7325/DEMO/k712_ov5640_hdmi_display/k712_ov5640_hdmi_display.srcs/sources_1/ip/rgb2dvi_0/src/rgb2dvi.xdc] for cell 'rgb2dvi_0_inst1/U0'
Finished Parsing XDC File [c:/Users/Administrator/Desktop/K7325/DEMO/k712_ov5640_hdmi_display/k712_ov5640_hdmi_display.srcs/sources_1/ip/rgb2dvi_0/src/rgb2dvi.xdc] for cell 'rgb2dvi_0_inst1/U0'
Parsing XDC File [c:/Users/Administrator/Desktop/K7325/DEMO/k712_ov5640_hdmi_display/k712_ov5640_hdmi_display.srcs/sources_1/ip/clk_wiz_0/clk_wiz_0_board.xdc] for cell 'clk_wiz_0_inst/inst'
Finished Parsing XDC File [c:/Users/Administrator/Desktop/K7325/DEMO/k712_ov5640_hdmi_display/k712_ov5640_hdmi_display.srcs/sources_1/ip/clk_wiz_0/clk_wiz_0_board.xdc] for cell 'clk_wiz_0_inst/inst'
Parsing XDC File [c:/Users/Administrator/Desktop/K7325/DEMO/k712_ov5640_hdmi_display/k712_ov5640_hdmi_display.srcs/sources_1/ip/clk_wiz_0/clk_wiz_0.xdc] for cell 'clk_wiz_0_inst/inst'
Finished Parsing XDC File [c:/Users/Administrator/Desktop/K7325/DEMO/k712_ov5640_hdmi_display/k712_ov5640_hdmi_display.srcs/sources_1/ip/clk_wiz_0/clk_wiz_0.xdc] for cell 'clk_wiz_0_inst/inst'
INFO: [Project 1-236] Implementation specific constraints were found while reading constraint file [c:/Users/Administrator/Desktop/K7325/DEMO/k712_ov5640_hdmi_display/k712_ov5640_hdmi_display.srcs/sources_1/ip/clk_wiz_0/clk_wiz_0.xdc]. These constraints will be ignored for synthesis but will be used in implementation. Impacted constraints are listed in the file [.Xil/ov5640_hdmi_display_propImpl.xdc].
Resolution: To avoid this warning, move constraints listed in [.Xil/ov5640_hdmi_display_propImpl.xdc] to another XDC file and exclude this new file from synthesis with the used_in_synthesis property (File Properties dialog in GUI) and re-run elaboration/synthesis.
INFO: [Timing 38-2] Deriving generated clocks
Parsing XDC File [C:/Users/Administrator/Desktop/K7325/DEMO/k712_ov5640_hdmi_display/k712_ov5640_hdmi_display.srcs/constrs_1/new/ov5640_hdmi_display.xdc]
WARNING: [Vivado 12-584] No ports matched 'cmos_data2[7]'. [C:/Users/Administrator/Desktop/K7325/DEMO/k712_ov5640_hdmi_display/k712_ov5640_hdmi_display.srcs/constrs_1/new/ov5640_hdmi_display.xdc:15]
WARNING: [Vivado 12-584] No ports matched 'cmos_data2[6]'. [C:/Users/Administrator/Desktop/K7325/DEMO/k712_ov5640_hdmi_display/k712_ov5640_hdmi_display.srcs/constrs_1/new/ov5640_hdmi_display.xdc:16]
WARNING: [Vivado 12-584] No ports matched 'cmos_data2[5]'. [C:/Users/Administrator/Desktop/K7325/DEMO/k712_ov5640_hdmi_display/k712_ov5640_hdmi_display.srcs/constrs_1/new/ov5640_hdmi_display.xdc:17]
WARNING: [Vivado 12-584] No ports matched 'cmos_data2[4]'. [C:/Users/Administrator/Desktop/K7325/DEMO/k712_ov5640_hdmi_display/k712_ov5640_hdmi_display.srcs/constrs_1/new/ov5640_hdmi_display.xdc:18]
WARNING: [Vivado 12-584] No ports matched 'cmos_data2[3]'. [C:/Users/Administrator/Desktop/K7325/DEMO/k712_ov5640_hdmi_display/k712_ov5640_hdmi_display.srcs/constrs_1/new/ov5640_hdmi_display.xdc:19]
WARNING: [Vivado 12-584] No ports matched 'cmos_data2[2]'. [C:/Users/Administrator/Desktop/K7325/DEMO/k712_ov5640_hdmi_display/k712_ov5640_hdmi_display.srcs/constrs_1/new/ov5640_hdmi_display.xdc:20]
WARNING: [Vivado 12-584] No ports matched 'cmos_data2[1]'. [C:/Users/Administrator/Desktop/K7325/DEMO/k712_ov5640_hdmi_display/k712_ov5640_hdmi_display.srcs/constrs_1/new/ov5640_hdmi_display.xdc:21]
WARNING: [Vivado 12-584] No ports matched 'cmos_data2[0]'. [C:/Users/Administrator/Desktop/K7325/DEMO/k712_ov5640_hdmi_display/k712_ov5640_hdmi_display.srcs/constrs_1/new/ov5640_hdmi_display.xdc:22]
WARNING: [Vivado 12-584] No ports matched 'clk'. [C:/Users/Administrator/Desktop/K7325/DEMO/k712_ov5640_hdmi_display/k712_ov5640_hdmi_display.srcs/constrs_1/new/ov5640_hdmi_display.xdc:24]
WARNING: [Vivado 12-584] No ports matched 'cmos_reset2'. [C:/Users/Administrator/Desktop/K7325/DEMO/k712_ov5640_hdmi_display/k712_ov5640_hdmi_display.srcs/constrs_1/new/ov5640_hdmi_display.xdc:26]
WARNING: [Vivado 12-584] No ports matched 'cmos_scl2'. [C:/Users/Administrator/Desktop/K7325/DEMO/k712_ov5640_hdmi_display/k712_ov5640_hdmi_display.srcs/constrs_1/new/ov5640_hdmi_display.xdc:28]
WARNING: [Vivado 12-584] No ports matched 'cmos_sda2'. [C:/Users/Administrator/Desktop/K7325/DEMO/k712_ov5640_hdmi_display/k712_ov5640_hdmi_display.srcs/constrs_1/new/ov5640_hdmi_display.xdc:30]
WARNING: [Vivado 12-584] No ports matched 'clk'. [C:/Users/Administrator/Desktop/K7325/DEMO/k712_ov5640_hdmi_display/k712_ov5640_hdmi_display.srcs/constrs_1/new/ov5640_hdmi_display.xdc:32]
WARNING: [Vivado 12-584] No ports matched 'cmos_reset2'. [C:/Users/Administrator/Desktop/K7325/DEMO/k712_ov5640_hdmi_display/k712_ov5640_hdmi_display.srcs/constrs_1/new/ov5640_hdmi_display.xdc:35]
WARNING: [Vivado 12-584] No ports matched 'cmos_scl2'. [C:/Users/Administrator/Desktop/K7325/DEMO/k712_ov5640_hdmi_display/k712_ov5640_hdmi_display.srcs/constrs_1/new/ov5640_hdmi_display.xdc:36]
WARNING: [Vivado 12-584] No ports matched 'cmos_sda2'. [C:/Users/Administrator/Desktop/K7325/DEMO/k712_ov5640_hdmi_display/k712_ov5640_hdmi_display.srcs/constrs_1/new/ov5640_hdmi_display.xdc:38]
WARNING: [Vivado 12-584] No ports matched 'cmos_conf_done2'. [C:/Users/Administrator/Desktop/K7325/DEMO/k712_ov5640_hdmi_display/k712_ov5640_hdmi_display.srcs/constrs_1/new/ov5640_hdmi_display.xdc:41]
WARNING: [Vivado 12-584] No ports matched 'cmos_conf_done2'. [C:/Users/Administrator/Desktop/K7325/DEMO/k712_ov5640_hdmi_display/k712_ov5640_hdmi_display.srcs/constrs_1/new/ov5640_hdmi_display.xdc:43]
WARNING: [Vivado 12-584] No ports matched 'cmos_data2[0]'. [C:/Users/Administrator/Desktop/K7325/DEMO/k712_ov5640_hdmi_display/k712_ov5640_hdmi_display.srcs/constrs_1/new/ov5640_hdmi_display.xdc:53]
WARNING: [Vivado 12-584] No ports matched 'cmos_data2[1]'. [C:/Users/Administrator/Desktop/K7325/DEMO/k712_ov5640_hdmi_display/k712_ov5640_hdmi_display.srcs/constrs_1/new/ov5640_hdmi_display.xdc:54]
WARNING: [Vivado 12-584] No ports matched 'cmos_data2[2]'. [C:/Users/Administrator/Desktop/K7325/DEMO/k712_ov5640_hdmi_display/k712_ov5640_hdmi_display.srcs/constrs_1/new/ov5640_hdmi_display.xdc:55]
WARNING: [Vivado 12-584] No ports matched 'cmos_data2[3]'. [C:/Users/Administrator/Desktop/K7325/DEMO/k712_ov5640_hdmi_display/k712_ov5640_hdmi_display.srcs/constrs_1/new/ov5640_hdmi_display.xdc:56]
WARNING: [Vivado 12-584] No ports matched 'cmos_data2[4]'. [C:/Users/Administrator/Desktop/K7325/DEMO/k712_ov5640_hdmi_display/k712_ov5640_hdmi_display.srcs/constrs_1/new/ov5640_hdmi_display.xdc:57]
WARNING: [Vivado 12-584] No ports matched 'cmos_data2[5]'. [C:/Users/Administrator/Desktop/K7325/DEMO/k712_ov5640_hdmi_display/k712_ov5640_hdmi_display.srcs/constrs_1/new/ov5640_hdmi_display.xdc:58]
WARNING: [Vivado 12-584] No ports matched 'cmos_data2[6]'. [C:/Users/Administrator/Desktop/K7325/DEMO/k712_ov5640_hdmi_display/k712_ov5640_hdmi_display.srcs/constrs_1/new/ov5640_hdmi_display.xdc:59]
WARNING: [Vivado 12-584] No ports matched 'cmos_data2[7]'. [C:/Users/Administrator/Desktop/K7325/DEMO/k712_ov5640_hdmi_display/k712_ov5640_hdmi_display.srcs/constrs_1/new/ov5640_hdmi_display.xdc:60]
WARNING: [Vivado 12-584] No ports matched 'cmos_href2'. [C:/Users/Administrator/Desktop/K7325/DEMO/k712_ov5640_hdmi_display/k712_ov5640_hdmi_display.srcs/constrs_1/new/ov5640_hdmi_display.xdc:63]
WARNING: [Vivado 12-584] No ports matched 'cmos_pclk2'. [C:/Users/Administrator/Desktop/K7325/DEMO/k712_ov5640_hdmi_display/k712_ov5640_hdmi_display.srcs/constrs_1/new/ov5640_hdmi_display.xdc:65]
WARNING: [Vivado 12-584] No ports matched 'cmos_href2'. [C:/Users/Administrator/Desktop/K7325/DEMO/k712_ov5640_hdmi_display/k712_ov5640_hdmi_display.srcs/constrs_1/new/ov5640_hdmi_display.xdc:66]
WARNING: [Vivado 12-584] No ports matched 'cmos_pclk2'. [C:/Users/Administrator/Desktop/K7325/DEMO/k712_ov5640_hdmi_display/k712_ov5640_hdmi_display.srcs/constrs_1/new/ov5640_hdmi_display.xdc:68]
WARNING: [Vivado 12-584] No ports matched 'cmos_vsync2'. [C:/Users/Administrator/Desktop/K7325/DEMO/k712_ov5640_hdmi_display/k712_ov5640_hdmi_display.srcs/constrs_1/new/ov5640_hdmi_display.xdc:71]
WARNING: [Vivado 12-584] No ports matched 'cmos_vsync2'. [C:/Users/Administrator/Desktop/K7325/DEMO/k712_ov5640_hdmi_display/k712_ov5640_hdmi_display.srcs/constrs_1/new/ov5640_hdmi_display.xdc:73]
WARNING: [Vivado 12-507] No nets matched 'cmos_pclk2_IBUF'. [C:/Users/Administrator/Desktop/K7325/DEMO/k712_ov5640_hdmi_display/k712_ov5640_hdmi_display.srcs/constrs_1/new/ov5640_hdmi_display.xdc:76]
Finished Parsing XDC File [C:/Users/Administrator/Desktop/K7325/DEMO/k712_ov5640_hdmi_display/k712_ov5640_hdmi_display.srcs/constrs_1/new/ov5640_hdmi_display.xdc]
WARNING: [Project 1-498] One or more constraints failed evaluation while reading constraint file [C:/Users/Administrator/Desktop/K7325/DEMO/k712_ov5640_hdmi_display/k712_ov5640_hdmi_display.srcs/constrs_1/new/ov5640_hdmi_display.xdc] and the design contains unresolved black boxes. These constraints will be read post-synthesis (as long as their source constraint file is marked as used_in_implementation) and should be applied correctly then. You should review the constraints listed in the file [.Xil/ov5640_hdmi_display_propImpl.xdc] and check the run log file to verify that these constraints were correctly applied.
INFO: [Project 1-236] Implementation specific constraints were found while reading constraint file [C:/Users/Administrator/Desktop/K7325/DEMO/k712_ov5640_hdmi_display/k712_ov5640_hdmi_display.srcs/constrs_1/new/ov5640_hdmi_display.xdc]. These constraints will be ignored for synthesis but will be used in implementation. Impacted constraints are listed in the file [.Xil/ov5640_hdmi_display_propImpl.xdc].
Resolution: To avoid this warning, move constraints listed in [.Xil/ov5640_hdmi_display_propImpl.xdc] to another XDC file and exclude this new file from synthesis with the used_in_synthesis property (File Properties dialog in GUI) and re-run elaboration/synthesis.
Parsing XDC File [c:/Users/Administrator/Desktop/K7325/DEMO/k712_ov5640_hdmi_display/k712_ov5640_hdmi_display.srcs/sources_1/ip/rgb2dvi_0/src/rgb2dvi_clocks.xdc] for cell 'rgb2dvi_0_inst1/U0'
Finished Parsing XDC File [c:/Users/Administrator/Desktop/K7325/DEMO/k712_ov5640_hdmi_display/k712_ov5640_hdmi_display.srcs/sources_1/ip/rgb2dvi_0/src/rgb2dvi_clocks.xdc] for cell 'rgb2dvi_0_inst1/U0'
Completed Processing XDC Constraints

INFO: [Opt 31-138] Pushed 0 inverter(s) to 0 load pin(s).
Netlist sorting complete. Time (s): cpu = 00:00:00 ; elapsed = 00:00:00.009 . Memory (MB): peak = 1758.480 ; gain = 0.000
INFO: [Project 1-111] Unisim Transformation Summary:
No Unisim elements were transformed.

RTL Elaboration Complete:  : Time (s): cpu = 00:00:26 ; elapsed = 00:00:17 . Memory (MB): peak = 1780.461 ; gain = 305.652
43 Infos, 40 Warnings, 0 Critical Warnings and 0 Errors encountered.
synth_design completed successfully
synth_design: Time (s): cpu = 00:00:32 ; elapsed = 00:00:24 . Memory (MB): peak = 1780.461 ; gain = 604.027
exit
INFO: [Common 17-206] Exiting Vivado at Thu May 13 21:29:37 2021...
