#-----------------------------------------------------------
# Vivado v2019.2 (64-bit)
# SW Build 2708876 on Wed Nov  6 21:40:23 MST 2019
# IP Build 2700528 on Thu Nov  7 00:09:20 MST 2019
# Start of session at: Sat Dec 12 17:45:07 2020
# Process ID: 3284
# Current directory: C:/Users/Administrator/Desktop/K7325/DEMO/k726_sfp12_gtx_1g
# Command line: vivado.exe -gui_launcher_event rodinguilauncherevent1676 C:\Users\Administrator\Desktop\K7325\DEMO\k726_sfp12_gtx_1g\gtwizard_0_ex.xpr
# Log file: C:/Users/Administrator/Desktop/K7325/DEMO/k726_sfp12_gtx_1g/vivado.log
# Journal file: C:/Users/Administrator/Desktop/K7325/DEMO/k726_sfp12_gtx_1g\vivado.jou
#-----------------------------------------------------------
start_gui
open_project C:/Users/Administrator/Desktop/K7325/DEMO/k726_sfp12_gtx_1g/gtwizard_0_ex.xpr
Scanning sources...
Finished scanning sources
INFO: [IP_Flow 19-234] Refreshing IP repositories
INFO: [IP_Flow 19-1704] No user IP repositories specified
INFO: [IP_Flow 19-2313] Loaded Vivado IP repository 'C:/Xilinx/Vivado/2019.2/data/ip'.
open_project: Time (s): cpu = 00:00:13 ; elapsed = 00:00:07 . Memory (MB): peak = 951.465 ; gain = 305.715
update_compile_order -fileset sources_1
open_hw_manager
connect_hw_server -allow_non_jtag
INFO: [Labtools 27-2285] Connecting to hw_server url TCP:localhost:3121
INFO: [Labtools 27-2222] Launching hw_server...
INFO: [Labtools 27-2221] Launch Output:

****** Xilinx hw_server v2019.2
  **** Build date : Nov  6 2019 at 22:12:23
    ** Copyright 1986-2019 Xilinx, Inc. All Rights Reserved.


INFO: [Labtools 27-3415] Connecting to cs_server url TCP:localhost:3042
INFO: [Labtools 27-3417] Launching cs_server...
INFO: [Labtools 27-2221] Launch Output:


****** Xilinx cs_server v2019.2.0
  **** Build date : Nov 07 2019-13:28:22
    ** Copyright 2017-2019 Xilinx, Inc. All Rights Reserved.



connect_hw_server: Time (s): cpu = 00:00:02 ; elapsed = 00:00:08 . Memory (MB): peak = 1164.324 ; gain = 4.129
open_hw_target
INFO: [Labtoolstcl 44-466] Opening hw_target localhost:3121/xilinx_tcf/Digilent/210251A08870
set_property PROGRAM.FILE {C:/Users/Administrator/Desktop/K7325/DEMO/k726_sfp12_gtx_1g/gtwizard_0_ex.runs/impl_1/gtwizard_0_exdes.bit} [get_hw_devices xc7k325t_0]
set_property PROBES.FILE {C:/Users/Administrator/Desktop/K7325/DEMO/k726_sfp12_gtx_1g/gtwizard_0_ex.runs/impl_1/gtwizard_0_exdes.ltx} [get_hw_devices xc7k325t_0]
set_property FULL_PROBES.FILE {C:/Users/Administrator/Desktop/K7325/DEMO/k726_sfp12_gtx_1g/gtwizard_0_ex.runs/impl_1/gtwizard_0_exdes.ltx} [get_hw_devices xc7k325t_0]
current_hw_device [get_hw_devices xc7k325t_0]
refresh_hw_device [lindex [get_hw_devices xc7k325t_0] 0]
INFO: [Labtools 27-1435] Device xc7k325t (JTAG device index = 0) is not programmed (DONE status = 0).
set_property PROBES.FILE {C:/Users/Administrator/Desktop/K7325/DEMO/k726_sfp12_gtx_1g/gtwizard_0_ex.runs/impl_1/gtwizard_0_exdes.ltx} [get_hw_devices xc7k325t_0]
set_property FULL_PROBES.FILE {C:/Users/Administrator/Desktop/K7325/DEMO/k726_sfp12_gtx_1g/gtwizard_0_ex.runs/impl_1/gtwizard_0_exdes.ltx} [get_hw_devices xc7k325t_0]
set_property PROGRAM.FILE {C:/Users/Administrator/Desktop/K7325/DEMO/k726_sfp12_gtx_1g/gtwizard_0_ex.runs/impl_1/gtwizard_0_exdes.bit} [get_hw_devices xc7k325t_0]
program_hw_devices [get_hw_devices xc7k325t_0]
INFO: [Labtools 27-3164] End of startup status: HIGH
program_hw_devices: Time (s): cpu = 00:00:06 ; elapsed = 00:00:07 . Memory (MB): peak = 2402.816 ; gain = 0.000
refresh_hw_device [lindex [get_hw_devices xc7k325t_0] 0]
INFO: [Labtools 27-2302] Device xc7k325t (JTAG device index = 0) is programmed with a design that has 1 ILA core(s).
display_hw_ila_data [ get_hw_ila_data hw_ila_data_1 -of_objects [get_hw_ilas -of_objects [get_hw_devices xc7k325t_0] -filter {CELL_NAME=~"u_ila_0"}]]
run_hw_ila [get_hw_ilas -of_objects [get_hw_devices xc7k325t_0] -filter {CELL_NAME=~"u_ila_0"}]
INFO: [Labtools 27-1964] The ILA core 'hw_ila_1' trigger was armed at 2020-Dec-12 17:47:01
wait_on_hw_ila [get_hw_ilas -of_objects [get_hw_devices xc7k325t_0] -filter {CELL_NAME=~"u_ila_0"}]
display_hw_ila_data [upload_hw_ila_data [get_hw_ilas -of_objects [get_hw_devices xc7k325t_0] -filter {CELL_NAME=~"u_ila_0"}]]
INFO: [Labtools 27-1966] The ILA core 'hw_ila_1' triggered at 2020-Dec-12 17:47:01
INFO: [Labtools 27-3304] ILA Waveform data saved to file C:/Users/Administrator/Desktop/K7325/DEMO/k726_sfp12_gtx_1g/gtwizard_0_ex.hw/backup/hw_ila_data_1.ila. Use Tcl command 'read_hw_ila_data' or Vivado File->Import->Import ILA Data menu item to import the previously saved data.
run_hw_ila [get_hw_ilas -of_objects [get_hw_devices xc7k325t_0] -filter {CELL_NAME=~"u_ila_0"}]
INFO: [Labtools 27-1964] The ILA core 'hw_ila_1' trigger was armed at 2020-Dec-12 17:47:14
wait_on_hw_ila [get_hw_ilas -of_objects [get_hw_devices xc7k325t_0] -filter {CELL_NAME=~"u_ila_0"}]
display_hw_ila_data [upload_hw_ila_data [get_hw_ilas -of_objects [get_hw_devices xc7k325t_0] -filter {CELL_NAME=~"u_ila_0"}]]
INFO: [Labtools 27-1966] The ILA core 'hw_ila_1' triggered at 2020-Dec-12 17:47:14
INFO: [Labtools 27-3304] ILA Waveform data saved to file C:/Users/Administrator/Desktop/K7325/DEMO/k726_sfp12_gtx_1g/gtwizard_0_ex.hw/backup/hw_ila_data_1.ila. Use Tcl command 'read_hw_ila_data' or Vivado File->Import->Import ILA Data menu item to import the previously saved data.
run_hw_ila [get_hw_ilas -of_objects [get_hw_devices xc7k325t_0] -filter {CELL_NAME=~"u_ila_0"}]
INFO: [Labtools 27-1964] The ILA core 'hw_ila_1' trigger was armed at 2020-Dec-12 17:47:32
wait_on_hw_ila [get_hw_ilas -of_objects [get_hw_devices xc7k325t_0] -filter {CELL_NAME=~"u_ila_0"}]
display_hw_ila_data [upload_hw_ila_data [get_hw_ilas -of_objects [get_hw_devices xc7k325t_0] -filter {CELL_NAME=~"u_ila_0"}]]
INFO: [Labtools 27-1966] The ILA core 'hw_ila_1' triggered at 2020-Dec-12 17:47:32
INFO: [Labtools 27-3304] ILA Waveform data saved to file C:/Users/Administrator/Desktop/K7325/DEMO/k726_sfp12_gtx_1g/gtwizard_0_ex.hw/backup/hw_ila_data_1.ila. Use Tcl command 'read_hw_ila_data' or Vivado File->Import->Import ILA Data menu item to import the previously saved data.
ERROR: [Labtoolstcl 44-513] HW Target shutdown. Closing target: localhost:3121/xilinx_tcf/Digilent/210251A08870
