#-----------------------------------------------------------
# Vivado v2019.2 (64-bit)
# SW Build 2708876 on Wed Nov  6 21:40:23 MST 2019
# IP Build 2700528 on Thu Nov  7 00:09:20 MST 2019
# Start of session at: Wed May 12 21:24:26 2021
# Process ID: 9620
# Current directory: C:/Users/Administrator/Desktop/K7325/DEMO/k713_double_ov5640_switch
# Command line: vivado.exe -gui_launcher_event rodinguilauncherevent14932 C:\Users\Administrator\Desktop\K7325\DEMO\k713_double_ov5640_switch\k713_double_ov5640_switch.xpr
# Log file: C:/Users/Administrator/Desktop/K7325/DEMO/k713_double_ov5640_switch/vivado.log
# Journal file: C:/Users/Administrator/Desktop/K7325/DEMO/k713_double_ov5640_switch\vivado.jou
#-----------------------------------------------------------
start_gui
open_project C:/Users/Administrator/Desktop/K7325/DEMO/k713_double_ov5640_switch/k713_double_ov5640_switch.xpr
Scanning sources...
Finished scanning sources
INFO: [IP_Flow 19-234] Refreshing IP repositories
INFO: [IP_Flow 19-1700] Loaded user IP repository 'c:/Users/Administrator/Desktop/K7325/DEMO/k713_double_ov5640_switch/tmds_ip'.
INFO: [IP_Flow 19-2313] Loaded Vivado IP repository 'C:/Xilinx/Vivado/2019.2/data/ip'.
open_project: Time (s): cpu = 00:00:14 ; elapsed = 00:00:07 . Memory (MB): peak = 908.449 ; gain = 269.629
update_compile_order -fileset sources_1
exit
INFO: [Common 17-206] Exiting Vivado at Wed May 12 21:40:16 2021...
