#-----------------------------------------------------------
# Vivado v2019.2 (64-bit)
# SW Build 2708876 on Wed Nov  6 21:40:23 MST 2019
# IP Build 2700528 on Thu Nov  7 00:09:20 MST 2019
# Start of session at: Wed Jun  2 02:36:29 2021
# Process ID: 15988
# Current directory: C:/Users/Administrator/Desktop/BACK5
# Command line: vivado.exe -gui_launcher_event rodinguilauncherevent8588 C:\Users\Administrator\Desktop\BACK5\eth_test.xpr
# Log file: C:/Users/Administrator/Desktop/BACK5/vivado.log
# Journal file: C:/Users/Administrator/Desktop/BACK5\vivado.jou
#-----------------------------------------------------------
start_gui
open_project C:/Users/Administrator/Desktop/BACK5/eth_test.xpr
INFO: [Project 1-313] Project file moved from 'C:/Users/Administrator/Desktop/BACK3' since last save.
Scanning sources...
Finished scanning sources
INFO: [IP_Flow 19-234] Refreshing IP repositories
INFO: [IP_Flow 19-1704] No user IP repositories specified
INFO: [IP_Flow 19-2313] Loaded Vivado IP repository 'C:/Xilinx/Vivado/2019.2/data/ip'.
open_project: Time (s): cpu = 00:00:16 ; elapsed = 00:00:08 . Memory (MB): peak = 914.680 ; gain = 260.191
update_compile_order -fileset sources_1
reset_run synth_1
launch_runs impl_1 -to_step write_bitstream -jobs 8
[Wed Jun  2 02:38:37 2021] Launched synth_1...
Run output will be captured here: C:/Users/Administrator/Desktop/BACK5/eth_test.runs/synth_1/runme.log
[Wed Jun  2 02:38:37 2021] Launched impl_1...
Run output will be captured here: C:/Users/Administrator/Desktop/BACK5/eth_test.runs/impl_1/runme.log
open_run synth_1 -name synth_1
Design is defaulting to impl run constrset: constrs_1
Design is defaulting to synth run part: xc7k325tffg676-2
INFO: [Device 21-403] Loading part xc7k325tffg676-2
INFO: [Project 1-454] Reading design checkpoint 'c:/Users/Administrator/Desktop/BACK5/eth_test.srcs/sources_1/ip/clk_ref/clk_ref.dcp' for cell 'clk_ref_inst'
INFO: [Project 1-454] Reading design checkpoint 'c:/Users/Administrator/Desktop/BACK5/eth_test.srcs/sources_1/ip/eth_data_fifo/eth_data_fifo.dcp' for cell 'u1/arbi_inst/tx_buffer_inst/tx_fifo'
INFO: [Project 1-454] Reading design checkpoint 'c:/Users/Administrator/Desktop/BACK5/eth_test.srcs/sources_1/ip/len_fifo/len_fifo.dcp' for cell 'u1/arbi_inst/tx_buffer_inst/tx_len_fifo'
INFO: [Project 1-454] Reading design checkpoint 'c:/Users/Administrator/Desktop/BACK5/eth_test.srcs/sources_1/ip/icmp_rx_ram_8_256/icmp_rx_ram_8_256.dcp' for cell 'u1/mac_test0/mac_top0/icmp0/icmp_receive_ram'
INFO: [Project 1-454] Reading design checkpoint 'c:/Users/Administrator/Desktop/BACK5/eth_test.srcs/sources_1/ip/udp_tx_data_fifo/udp_tx_data_fifo.dcp' for cell 'u1/mac_test0/mac_top0/mac_tx0/udp0/tx_data_fifo'
INFO: [Project 1-454] Reading design checkpoint 'c:/Users/Administrator/Desktop/BACK5/eth_test.srcs/sources_1/ip/udp_checksum_fifo/udp_checksum_fifo.dcp' for cell 'u1/mac_test0/mac_top0/mac_tx0/udp0/udp_tx_checksum'
Netlist sorting complete. Time (s): cpu = 00:00:01 ; elapsed = 00:00:00.040 . Memory (MB): peak = 1349.887 ; gain = 0.000
INFO: [Netlist 29-17] Analyzing 190 Unisim elements for replacement
INFO: [Netlist 29-28] Unisim Transformation completed in 0 CPU seconds
INFO: [Project 1-479] Netlist was created with Vivado 2019.2
INFO: [Project 1-570] Preparing netlist for logic optimization
Parsing XDC File [c:/Users/Administrator/Desktop/BACK5/eth_test.srcs/sources_1/ip/udp_checksum_fifo/udp_checksum_fifo.xdc] for cell 'u1/mac_test0/mac_top0/mac_tx0/udp0/udp_tx_checksum/U0'
Finished Parsing XDC File [c:/Users/Administrator/Desktop/BACK5/eth_test.srcs/sources_1/ip/udp_checksum_fifo/udp_checksum_fifo.xdc] for cell 'u1/mac_test0/mac_top0/mac_tx0/udp0/udp_tx_checksum/U0'
Parsing XDC File [c:/Users/Administrator/Desktop/BACK5/eth_test.srcs/sources_1/ip/udp_tx_data_fifo/udp_tx_data_fifo.xdc] for cell 'u1/mac_test0/mac_top0/mac_tx0/udp0/tx_data_fifo/U0'
Finished Parsing XDC File [c:/Users/Administrator/Desktop/BACK5/eth_test.srcs/sources_1/ip/udp_tx_data_fifo/udp_tx_data_fifo.xdc] for cell 'u1/mac_test0/mac_top0/mac_tx0/udp0/tx_data_fifo/U0'
Parsing XDC File [c:/Users/Administrator/Desktop/BACK5/eth_test.srcs/sources_1/ip/len_fifo/len_fifo.xdc] for cell 'u1/arbi_inst/tx_buffer_inst/tx_len_fifo/U0'
Finished Parsing XDC File [c:/Users/Administrator/Desktop/BACK5/eth_test.srcs/sources_1/ip/len_fifo/len_fifo.xdc] for cell 'u1/arbi_inst/tx_buffer_inst/tx_len_fifo/U0'
Parsing XDC File [c:/Users/Administrator/Desktop/BACK5/eth_test.srcs/sources_1/ip/eth_data_fifo/eth_data_fifo.xdc] for cell 'u1/arbi_inst/tx_buffer_inst/tx_fifo/U0'
Finished Parsing XDC File [c:/Users/Administrator/Desktop/BACK5/eth_test.srcs/sources_1/ip/eth_data_fifo/eth_data_fifo.xdc] for cell 'u1/arbi_inst/tx_buffer_inst/tx_fifo/U0'
Parsing XDC File [c:/Users/Administrator/Desktop/BACK5/eth_test.srcs/sources_1/ip/clk_ref/clk_ref_board.xdc] for cell 'clk_ref_inst/inst'
Finished Parsing XDC File [c:/Users/Administrator/Desktop/BACK5/eth_test.srcs/sources_1/ip/clk_ref/clk_ref_board.xdc] for cell 'clk_ref_inst/inst'
Parsing XDC File [c:/Users/Administrator/Desktop/BACK5/eth_test.srcs/sources_1/ip/clk_ref/clk_ref.xdc] for cell 'clk_ref_inst/inst'
INFO: [Timing 38-35] Done setting XDC timing constraints. [c:/Users/Administrator/Desktop/BACK5/eth_test.srcs/sources_1/ip/clk_ref/clk_ref.xdc:57]
INFO: [Timing 38-2] Deriving generated clocks [c:/Users/Administrator/Desktop/BACK5/eth_test.srcs/sources_1/ip/clk_ref/clk_ref.xdc:57]
get_clocks: Time (s): cpu = 00:00:10 ; elapsed = 00:00:10 . Memory (MB): peak = 2090.578 ; gain = 618.062
Finished Parsing XDC File [c:/Users/Administrator/Desktop/BACK5/eth_test.srcs/sources_1/ip/clk_ref/clk_ref.xdc] for cell 'clk_ref_inst/inst'
Parsing XDC File [C:/Users/Administrator/Desktop/BACK5/eth_test.srcs/constrs_1/new/top.xdc]
WARNING: [Vivado 12-584] No ports matched 'rgmii_rxd2[3]'. [C:/Users/Administrator/Desktop/BACK5/eth_test.srcs/constrs_1/new/top.xdc:19]
CRITICAL WARNING: [Common 17-55] 'set_property' expects at least one object. [C:/Users/Administrator/Desktop/BACK5/eth_test.srcs/constrs_1/new/top.xdc:19]
Resolution: If [get_<value>] was used to populate the object, check to make sure this command returns at least one valid object.
WARNING: [Vivado 12-584] No ports matched 'rgmii_rxd2[2]'. [C:/Users/Administrator/Desktop/BACK5/eth_test.srcs/constrs_1/new/top.xdc:20]
CRITICAL WARNING: [Common 17-55] 'set_property' expects at least one object. [C:/Users/Administrator/Desktop/BACK5/eth_test.srcs/constrs_1/new/top.xdc:20]
Resolution: If [get_<value>] was used to populate the object, check to make sure this command returns at least one valid object.
WARNING: [Vivado 12-584] No ports matched 'rgmii_rxd2[1]'. [C:/Users/Administrator/Desktop/BACK5/eth_test.srcs/constrs_1/new/top.xdc:21]
CRITICAL WARNING: [Common 17-55] 'set_property' expects at least one object. [C:/Users/Administrator/Desktop/BACK5/eth_test.srcs/constrs_1/new/top.xdc:21]
Resolution: If [get_<value>] was used to populate the object, check to make sure this command returns at least one valid object.
WARNING: [Vivado 12-584] No ports matched 'rgmii_rxd2[0]'. [C:/Users/Administrator/Desktop/BACK5/eth_test.srcs/constrs_1/new/top.xdc:22]
CRITICAL WARNING: [Common 17-55] 'set_property' expects at least one object. [C:/Users/Administrator/Desktop/BACK5/eth_test.srcs/constrs_1/new/top.xdc:22]
Resolution: If [get_<value>] was used to populate the object, check to make sure this command returns at least one valid object.
WARNING: [Vivado 12-584] No ports matched 'rgmii_txd2[3]'. [C:/Users/Administrator/Desktop/BACK5/eth_test.srcs/constrs_1/new/top.xdc:27]
CRITICAL WARNING: [Common 17-55] 'set_property' expects at least one object. [C:/Users/Administrator/Desktop/BACK5/eth_test.srcs/constrs_1/new/top.xdc:27]
Resolution: If [get_<value>] was used to populate the object, check to make sure this command returns at least one valid object.
WARNING: [Vivado 12-584] No ports matched 'rgmii_txd2[2]'. [C:/Users/Administrator/Desktop/BACK5/eth_test.srcs/constrs_1/new/top.xdc:28]
CRITICAL WARNING: [Common 17-55] 'set_property' expects at least one object. [C:/Users/Administrator/Desktop/BACK5/eth_test.srcs/constrs_1/new/top.xdc:28]
Resolution: If [get_<value>] was used to populate the object, check to make sure this command returns at least one valid object.
WARNING: [Vivado 12-584] No ports matched 'rgmii_txd2[1]'. [C:/Users/Administrator/Desktop/BACK5/eth_test.srcs/constrs_1/new/top.xdc:29]
CRITICAL WARNING: [Common 17-55] 'set_property' expects at least one object. [C:/Users/Administrator/Desktop/BACK5/eth_test.srcs/constrs_1/new/top.xdc:29]
Resolution: If [get_<value>] was used to populate the object, check to make sure this command returns at least one valid object.
WARNING: [Vivado 12-584] No ports matched 'rgmii_txd2[0]'. [C:/Users/Administrator/Desktop/BACK5/eth_test.srcs/constrs_1/new/top.xdc:30]
CRITICAL WARNING: [Common 17-55] 'set_property' expects at least one object. [C:/Users/Administrator/Desktop/BACK5/eth_test.srcs/constrs_1/new/top.xdc:30]
Resolution: If [get_<value>] was used to populate the object, check to make sure this command returns at least one valid object.
WARNING: [Vivado 12-584] No ports matched 'eth_reset1'. [C:/Users/Administrator/Desktop/BACK5/eth_test.srcs/constrs_1/new/top.xdc:32]
CRITICAL WARNING: [Common 17-55] 'set_property' expects at least one object. [C:/Users/Administrator/Desktop/BACK5/eth_test.srcs/constrs_1/new/top.xdc:32]
Resolution: If [get_<value>] was used to populate the object, check to make sure this command returns at least one valid object.
WARNING: [Vivado 12-584] No ports matched 'eth_reset2'. [C:/Users/Administrator/Desktop/BACK5/eth_test.srcs/constrs_1/new/top.xdc:33]
CRITICAL WARNING: [Common 17-55] 'set_property' expects at least one object. [C:/Users/Administrator/Desktop/BACK5/eth_test.srcs/constrs_1/new/top.xdc:33]
Resolution: If [get_<value>] was used to populate the object, check to make sure this command returns at least one valid object.
WARNING: [Vivado 12-584] No ports matched 'mdc1'. [C:/Users/Administrator/Desktop/BACK5/eth_test.srcs/constrs_1/new/top.xdc:38]
CRITICAL WARNING: [Common 17-55] 'set_property' expects at least one object. [C:/Users/Administrator/Desktop/BACK5/eth_test.srcs/constrs_1/new/top.xdc:38]
Resolution: If [get_<value>] was used to populate the object, check to make sure this command returns at least one valid object.
WARNING: [Vivado 12-584] No ports matched 'mdc2'. [C:/Users/Administrator/Desktop/BACK5/eth_test.srcs/constrs_1/new/top.xdc:39]
CRITICAL WARNING: [Common 17-55] 'set_property' expects at least one object. [C:/Users/Administrator/Desktop/BACK5/eth_test.srcs/constrs_1/new/top.xdc:39]
Resolution: If [get_<value>] was used to populate the object, check to make sure this command returns at least one valid object.
WARNING: [Vivado 12-584] No ports matched 'mdio1'. [C:/Users/Administrator/Desktop/BACK5/eth_test.srcs/constrs_1/new/top.xdc:40]
CRITICAL WARNING: [Common 17-55] 'set_property' expects at least one object. [C:/Users/Administrator/Desktop/BACK5/eth_test.srcs/constrs_1/new/top.xdc:40]
Resolution: If [get_<value>] was used to populate the object, check to make sure this command returns at least one valid object.
WARNING: [Vivado 12-584] No ports matched 'mdio2'. [C:/Users/Administrator/Desktop/BACK5/eth_test.srcs/constrs_1/new/top.xdc:41]
CRITICAL WARNING: [Common 17-55] 'set_property' expects at least one object. [C:/Users/Administrator/Desktop/BACK5/eth_test.srcs/constrs_1/new/top.xdc:41]
Resolution: If [get_<value>] was used to populate the object, check to make sure this command returns at least one valid object.
WARNING: [Vivado 12-584] No ports matched 'rgmii_rxc2'. [C:/Users/Administrator/Desktop/BACK5/eth_test.srcs/constrs_1/new/top.xdc:43]
CRITICAL WARNING: [Common 17-55] 'set_property' expects at least one object. [C:/Users/Administrator/Desktop/BACK5/eth_test.srcs/constrs_1/new/top.xdc:43]
Resolution: If [get_<value>] was used to populate the object, check to make sure this command returns at least one valid object.
WARNING: [Vivado 12-584] No ports matched 'rgmii_rxctl2'. [C:/Users/Administrator/Desktop/BACK5/eth_test.srcs/constrs_1/new/top.xdc:45]
CRITICAL WARNING: [Common 17-55] 'set_property' expects at least one object. [C:/Users/Administrator/Desktop/BACK5/eth_test.srcs/constrs_1/new/top.xdc:45]
Resolution: If [get_<value>] was used to populate the object, check to make sure this command returns at least one valid object.
WARNING: [Vivado 12-584] No ports matched 'rgmii_txc2'. [C:/Users/Administrator/Desktop/BACK5/eth_test.srcs/constrs_1/new/top.xdc:47]
CRITICAL WARNING: [Common 17-55] 'set_property' expects at least one object. [C:/Users/Administrator/Desktop/BACK5/eth_test.srcs/constrs_1/new/top.xdc:47]
Resolution: If [get_<value>] was used to populate the object, check to make sure this command returns at least one valid object.
WARNING: [Vivado 12-584] No ports matched 'rgmii_txctl2'. [C:/Users/Administrator/Desktop/BACK5/eth_test.srcs/constrs_1/new/top.xdc:49]
CRITICAL WARNING: [Common 17-55] 'set_property' expects at least one object. [C:/Users/Administrator/Desktop/BACK5/eth_test.srcs/constrs_1/new/top.xdc:49]
Resolution: If [get_<value>] was used to populate the object, check to make sure this command returns at least one valid object.
WARNING: [Vivado 12-584] No ports matched 'rgmii_rxc2'. [C:/Users/Administrator/Desktop/BACK5/eth_test.srcs/constrs_1/new/top.xdc:55]
CRITICAL WARNING: [Common 17-55] 'set_property' expects at least one object. [C:/Users/Administrator/Desktop/BACK5/eth_test.srcs/constrs_1/new/top.xdc:55]
Resolution: If [get_<value>] was used to populate the object, check to make sure this command returns at least one valid object.
WARNING: [Vivado 12-584] No ports matched 'rgmii_rxctl2'. [C:/Users/Administrator/Desktop/BACK5/eth_test.srcs/constrs_1/new/top.xdc:56]
CRITICAL WARNING: [Common 17-55] 'set_property' expects at least one object. [C:/Users/Administrator/Desktop/BACK5/eth_test.srcs/constrs_1/new/top.xdc:56]
Resolution: If [get_<value>] was used to populate the object, check to make sure this command returns at least one valid object.
WARNING: [Vivado 12-584] No ports matched 'rgmii_txc2'. [C:/Users/Administrator/Desktop/BACK5/eth_test.srcs/constrs_1/new/top.xdc:57]
CRITICAL WARNING: [Common 17-55] 'set_property' expects at least one object. [C:/Users/Administrator/Desktop/BACK5/eth_test.srcs/constrs_1/new/top.xdc:57]
Resolution: If [get_<value>] was used to populate the object, check to make sure this command returns at least one valid object.
WARNING: [Vivado 12-584] No ports matched 'rgmii_txctl2'. [C:/Users/Administrator/Desktop/BACK5/eth_test.srcs/constrs_1/new/top.xdc:58]
CRITICAL WARNING: [Common 17-55] 'set_property' expects at least one object. [C:/Users/Administrator/Desktop/BACK5/eth_test.srcs/constrs_1/new/top.xdc:58]
Resolution: If [get_<value>] was used to populate the object, check to make sure this command returns at least one valid object.
WARNING: [Vivado 12-584] No ports matched 'rgmii_rxd2[0]'. [C:/Users/Administrator/Desktop/BACK5/eth_test.srcs/constrs_1/new/top.xdc:67]
CRITICAL WARNING: [Common 17-55] 'set_property' expects at least one object. [C:/Users/Administrator/Desktop/BACK5/eth_test.srcs/constrs_1/new/top.xdc:67]
Resolution: If [get_<value>] was used to populate the object, check to make sure this command returns at least one valid object.
WARNING: [Vivado 12-584] No ports matched 'rgmii_rxd2[1]'. [C:/Users/Administrator/Desktop/BACK5/eth_test.srcs/constrs_1/new/top.xdc:68]
CRITICAL WARNING: [Common 17-55] 'set_property' expects at least one object. [C:/Users/Administrator/Desktop/BACK5/eth_test.srcs/constrs_1/new/top.xdc:68]
Resolution: If [get_<value>] was used to populate the object, check to make sure this command returns at least one valid object.
WARNING: [Vivado 12-584] No ports matched 'rgmii_rxd2[2]'. [C:/Users/Administrator/Desktop/BACK5/eth_test.srcs/constrs_1/new/top.xdc:69]
CRITICAL WARNING: [Common 17-55] 'set_property' expects at least one object. [C:/Users/Administrator/Desktop/BACK5/eth_test.srcs/constrs_1/new/top.xdc:69]
Resolution: If [get_<value>] was used to populate the object, check to make sure this command returns at least one valid object.
WARNING: [Vivado 12-584] No ports matched 'rgmii_rxd2[3]'. [C:/Users/Administrator/Desktop/BACK5/eth_test.srcs/constrs_1/new/top.xdc:70]
CRITICAL WARNING: [Common 17-55] 'set_property' expects at least one object. [C:/Users/Administrator/Desktop/BACK5/eth_test.srcs/constrs_1/new/top.xdc:70]
Resolution: If [get_<value>] was used to populate the object, check to make sure this command returns at least one valid object.
WARNING: [Vivado 12-584] No ports matched 'rgmii_txd2[0]'. [C:/Users/Administrator/Desktop/BACK5/eth_test.srcs/constrs_1/new/top.xdc:71]
CRITICAL WARNING: [Common 17-55] 'set_property' expects at least one object. [C:/Users/Administrator/Desktop/BACK5/eth_test.srcs/constrs_1/new/top.xdc:71]
Resolution: If [get_<value>] was used to populate the object, check to make sure this command returns at least one valid object.
WARNING: [Vivado 12-584] No ports matched 'rgmii_txd2[1]'. [C:/Users/Administrator/Desktop/BACK5/eth_test.srcs/constrs_1/new/top.xdc:72]
CRITICAL WARNING: [Common 17-55] 'set_property' expects at least one object. [C:/Users/Administrator/Desktop/BACK5/eth_test.srcs/constrs_1/new/top.xdc:72]
Resolution: If [get_<value>] was used to populate the object, check to make sure this command returns at least one valid object.
WARNING: [Vivado 12-584] No ports matched 'rgmii_txd2[2]'. [C:/Users/Administrator/Desktop/BACK5/eth_test.srcs/constrs_1/new/top.xdc:73]
CRITICAL WARNING: [Common 17-55] 'set_property' expects at least one object. [C:/Users/Administrator/Desktop/BACK5/eth_test.srcs/constrs_1/new/top.xdc:73]
Resolution: If [get_<value>] was used to populate the object, check to make sure this command returns at least one valid object.
WARNING: [Vivado 12-584] No ports matched 'rgmii_txd2[3]'. [C:/Users/Administrator/Desktop/BACK5/eth_test.srcs/constrs_1/new/top.xdc:74]
CRITICAL WARNING: [Common 17-55] 'set_property' expects at least one object. [C:/Users/Administrator/Desktop/BACK5/eth_test.srcs/constrs_1/new/top.xdc:74]
Resolution: If [get_<value>] was used to populate the object, check to make sure this command returns at least one valid object.
Finished Parsing XDC File [C:/Users/Administrator/Desktop/BACK5/eth_test.srcs/constrs_1/new/top.xdc]
Sourcing Tcl File [C:/Xilinx/Vivado/2019.2/data/ip/xpm/xpm_cdc/tcl/xpm_cdc_async_rst.tcl] for cell 'u1/arbi_inst/tx_buffer_inst/tx_fifo/U0/inst_fifo_gen/gconvfifo.rf/grf.rf/rstblk/ngwrdrst.grst.g7serrst.gnsckt_wrst.rst_wr_reg2_inst'
Finished Sourcing Tcl File [C:/Xilinx/Vivado/2019.2/data/ip/xpm/xpm_cdc/tcl/xpm_cdc_async_rst.tcl] for cell 'u1/arbi_inst/tx_buffer_inst/tx_fifo/U0/inst_fifo_gen/gconvfifo.rf/grf.rf/rstblk/ngwrdrst.grst.g7serrst.gnsckt_wrst.rst_wr_reg2_inst'
Sourcing Tcl File [C:/Xilinx/Vivado/2019.2/data/ip/xpm/xpm_cdc/tcl/xpm_cdc_async_rst.tcl] for cell 'u1/arbi_inst/tx_buffer_inst/tx_len_fifo/U0/inst_fifo_gen/gconvfifo.rf/grf.rf/rstblk/ngwrdrst.grst.g7serrst.gnsckt_wrst.rst_wr_reg2_inst'
Finished Sourcing Tcl File [C:/Xilinx/Vivado/2019.2/data/ip/xpm/xpm_cdc/tcl/xpm_cdc_async_rst.tcl] for cell 'u1/arbi_inst/tx_buffer_inst/tx_len_fifo/U0/inst_fifo_gen/gconvfifo.rf/grf.rf/rstblk/ngwrdrst.grst.g7serrst.gnsckt_wrst.rst_wr_reg2_inst'
INFO: [Opt 31-138] Pushed 0 inverter(s) to 0 load pin(s).
Netlist sorting complete. Time (s): cpu = 00:00:00 ; elapsed = 00:00:00.001 . Memory (MB): peak = 2090.578 ; gain = 0.000
INFO: [Project 1-111] Unisim Transformation Summary:
No Unisim elements were transformed.

open_run: Time (s): cpu = 00:00:31 ; elapsed = 00:00:23 . Memory (MB): peak = 2260.082 ; gain = 1108.121
open_hw_manager
connect_hw_server -allow_non_jtag
INFO: [Labtools 27-2285] Connecting to hw_server url TCP:localhost:3121
INFO: [Labtools 27-2222] Launching hw_server...
INFO: [Labtools 27-2221] Launch Output:

****** Xilinx hw_server v2019.2
  **** Build date : Nov  6 2019 at 22:12:23
    ** Copyright 1986-2019 Xilinx, Inc. All Rights Reserved.


INFO: [Labtools 27-3415] Connecting to cs_server url TCP:localhost:3042
INFO: [Labtools 27-3417] Launching cs_server...
INFO: [Labtools 27-2221] Launch Output:


****** Xilinx cs_server v2019.2.0
  **** Build date : Nov 07 2019-13:28:22
    ** Copyright 2017-2019 Xilinx, Inc. All Rights Reserved.



connect_hw_server: Time (s): cpu = 00:00:02 ; elapsed = 00:00:07 . Memory (MB): peak = 2362.074 ; gain = 7.754
open_hw_target
INFO: [Labtoolstcl 44-466] Opening hw_target localhost:3121/xilinx_tcf/Digilent/210251A08870
set_property PROGRAM.FILE {C:/Users/Administrator/Desktop/BACK5/eth_test.runs/impl_1/ethernet_top.bit} [get_hw_devices xc7k325t_0]
current_hw_device [get_hw_devices xc7k325t_0]
refresh_hw_device -update_hw_probes false [lindex [get_hw_devices xc7k325t_0] 0]
INFO: [Labtools 27-1434] Device xc7k325t (JTAG device index = 0) is programmed with a design that has no supported debug core(s) in it.
set_property PROBES.FILE {} [get_hw_devices xc7k325t_0]
set_property FULL_PROBES.FILE {} [get_hw_devices xc7k325t_0]
set_property PROGRAM.FILE {C:/Users/Administrator/Desktop/BACK5/eth_test.runs/impl_1/ethernet_top.bit} [get_hw_devices xc7k325t_0]
program_hw_devices [get_hw_devices xc7k325t_0]
INFO: [Labtools 27-3164] End of startup status: HIGH
refresh_hw_device [lindex [get_hw_devices xc7k325t_0] 0]
INFO: [Labtools 27-1434] Device xc7k325t (JTAG device index = 0) is programmed with a design that has no supported debug core(s) in it.
set_property PROBES.FILE {} [get_hw_devices xc7k325t_0]
set_property FULL_PROBES.FILE {} [get_hw_devices xc7k325t_0]
set_property PROGRAM.FILE {C:/Users/Administrator/Desktop/BACK5/eth_test.runs/impl_1/ethernet_top.bit} [get_hw_devices xc7k325t_0]
program_hw_devices [get_hw_devices xc7k325t_0]
INFO: [Labtools 27-3164] End of startup status: HIGH
refresh_hw_device [lindex [get_hw_devices xc7k325t_0] 0]
INFO: [Labtools 27-1434] Device xc7k325t (JTAG device index = 0) is programmed with a design that has no supported debug core(s) in it.
exit
INFO: [Common 17-206] Exiting Vivado at Wed Jun  2 02:41:43 2021...
