#-----------------------------------------------------------
# Vivado v2019.2 (64-bit)
# SW Build 2708876 on Wed Nov  6 21:40:23 MST 2019
# IP Build 2700528 on Thu Nov  7 00:09:20 MST 2019
# Start of session at: Wed May 19 22:24:58 2021
# Process ID: 17124
# Current directory: C:/Users/Administrator/Desktop/K7325/R5/k715_vedio_sobel
# Command line: vivado.exe -gui_launcher_event rodinguilauncherevent5268 C:\Users\Administrator\Desktop\K7325\R5\k715_vedio_sobel\k715_vedio_sobel.xpr
# Log file: C:/Users/Administrator/Desktop/K7325/R5/k715_vedio_sobel/vivado.log
# Journal file: C:/Users/Administrator/Desktop/K7325/R5/k715_vedio_sobel\vivado.jou
#-----------------------------------------------------------
start_gui
open_project C:/Users/Administrator/Desktop/K7325/R5/k715_vedio_sobel/k715_vedio_sobel.xpr
INFO: [Project 1-313] Project file moved from 'C:/Users/Administrator/Desktop/K7325/DEMO/k715_vedio_sobel' since last save.
Scanning sources...
Finished scanning sources
INFO: [IP_Flow 19-234] Refreshing IP repositories
INFO: [IP_Flow 19-1700] Loaded user IP repository 'c:/Users/Administrator/Desktop/K7325/R5/k715_vedio_sobel/tmds_ip'.
INFO: [IP_Flow 19-2313] Loaded Vivado IP repository 'C:/Xilinx/Vivado/2019.2/data/ip'.
open_project: Time (s): cpu = 00:00:25 ; elapsed = 00:00:17 . Memory (MB): peak = 848.262 ; gain = 217.336
update_compile_order -fileset sources_1
synth_design -rtl -name rtl_1
Command: synth_design -rtl -name rtl_1
Starting synth_design
Using part: xc7k325tffg676-2
Top: vedio_sobel
INFO: [Device 21-403] Loading part xc7k325tffg676-2
WARNING: [Synth 8-6901] identifier 'ack_state_reg' is used before its declaration [C:/Users/Administrator/Desktop/K7325/R5/k715_vedio_sobel/k715_vedio_sobel.srcs/sources_1/new/i2c_driver.v:30]
WARNING: [Synth 8-6901] identifier 'gx_tmp' is used before its declaration [C:/Users/Administrator/Desktop/K7325/R5/k715_vedio_sobel/k715_vedio_sobel.srcs/sources_1/new/image_sobel_process.v:86]
WARNING: [Synth 8-6901] identifier 'gy_tmp' is used before its declaration [C:/Users/Administrator/Desktop/K7325/R5/k715_vedio_sobel/k715_vedio_sobel.srcs/sources_1/new/image_sobel_process.v:86]
WARNING: [Synth 8-6901] identifier 'sobel_result' is used before its declaration [C:/Users/Administrator/Desktop/K7325/R5/k715_vedio_sobel/k715_vedio_sobel.srcs/sources_1/new/vedio_sobel.v:198]
---------------------------------------------------------------------------------
Starting RTL Elaboration : Time (s): cpu = 00:00:06 ; elapsed = 00:00:07 . Memory (MB): peak = 1474.492 ; gain = 188.453
---------------------------------------------------------------------------------
INFO: [Synth 8-6157] synthesizing module 'vedio_sobel' [C:/Users/Administrator/Desktop/K7325/R5/k715_vedio_sobel/k715_vedio_sobel.srcs/sources_1/new/vedio_sobel.v:1]
	Parameter VEDIO_X_LENTH bound to: 1024 - type: integer 
	Parameter VEDIO_Y_LENTH bound to: 720 - type: integer 
	Parameter VEDIO_X_START bound to: 0 - type: integer 
	Parameter VEDIO_Y_START bound to: 0 - type: integer 
	Parameter VEDIO_X_END bound to: 1024 - type: integer 
	Parameter VEDIO_Y_END bound to: 720 - type: integer 
	Parameter KEY_SWITCH_CNT_MAX bound to: 49999999 - type: integer 
INFO: [Synth 8-5534] Detected attribute (* mark_debug = "true" *) [C:/Users/Administrator/Desktop/K7325/R5/k715_vedio_sobel/k715_vedio_sobel.srcs/sources_1/new/vedio_sobel.v:41]
INFO: [Synth 8-5534] Detected attribute (* mark_debug = "true" *) [C:/Users/Administrator/Desktop/K7325/R5/k715_vedio_sobel/k715_vedio_sobel.srcs/sources_1/new/vedio_sobel.v:46]
INFO: [Synth 8-5534] Detected attribute (* mark_debug = "true" *) [C:/Users/Administrator/Desktop/K7325/R5/k715_vedio_sobel/k715_vedio_sobel.srcs/sources_1/new/vedio_sobel.v:47]
INFO: [Synth 8-5534] Detected attribute (* mark_debug = "true" *) [C:/Users/Administrator/Desktop/K7325/R5/k715_vedio_sobel/k715_vedio_sobel.srcs/sources_1/new/vedio_sobel.v:54]
INFO: [Synth 8-5534] Detected attribute (* mark_debug = "true" *) [C:/Users/Administrator/Desktop/K7325/R5/k715_vedio_sobel/k715_vedio_sobel.srcs/sources_1/new/vedio_sobel.v:62]
INFO: [Synth 8-5534] Detected attribute (* mark_debug = "true" *) [C:/Users/Administrator/Desktop/K7325/R5/k715_vedio_sobel/k715_vedio_sobel.srcs/sources_1/new/vedio_sobel.v:73]
INFO: [Synth 8-5534] Detected attribute (* mark_debug = "true" *) [C:/Users/Administrator/Desktop/K7325/R5/k715_vedio_sobel/k715_vedio_sobel.srcs/sources_1/new/vedio_sobel.v:74]
INFO: [Synth 8-5534] Detected attribute (* mark_debug = "true" *) [C:/Users/Administrator/Desktop/K7325/R5/k715_vedio_sobel/k715_vedio_sobel.srcs/sources_1/new/vedio_sobel.v:75]
INFO: [Synth 8-5534] Detected attribute (* mark_debug = "true" *) [C:/Users/Administrator/Desktop/K7325/R5/k715_vedio_sobel/k715_vedio_sobel.srcs/sources_1/new/vedio_sobel.v:79]
INFO: [Synth 8-5534] Detected attribute (* mark_debug = "true" *) [C:/Users/Administrator/Desktop/K7325/R5/k715_vedio_sobel/k715_vedio_sobel.srcs/sources_1/new/vedio_sobel.v:80]
INFO: [Synth 8-5534] Detected attribute (* mark_debug = "true" *) [C:/Users/Administrator/Desktop/K7325/R5/k715_vedio_sobel/k715_vedio_sobel.srcs/sources_1/new/vedio_sobel.v:304]
INFO: [Synth 8-5534] Detected attribute (* mark_debug = "true" *) [C:/Users/Administrator/Desktop/K7325/R5/k715_vedio_sobel/k715_vedio_sobel.srcs/sources_1/new/vedio_sobel.v:305]
INFO: [Synth 8-6157] synthesizing module 'power_on_reset' [C:/Users/Administrator/Desktop/K7325/R5/k715_vedio_sobel/k715_vedio_sobel.srcs/sources_1/new/power_on_reset.v:1]
WARNING: [Synth 8-6014] Unused sequential element cnt1_reg was removed.  [C:/Users/Administrator/Desktop/K7325/R5/k715_vedio_sobel/k715_vedio_sobel.srcs/sources_1/new/power_on_reset.v:20]
INFO: [Synth 8-6155] done synthesizing module 'power_on_reset' (1#1) [C:/Users/Administrator/Desktop/K7325/R5/k715_vedio_sobel/k715_vedio_sobel.srcs/sources_1/new/power_on_reset.v:1]
INFO: [Synth 8-6157] synthesizing module 'ov5640_reg_config' [C:/Users/Administrator/Desktop/K7325/R5/k715_vedio_sobel/k715_vedio_sobel.srcs/sources_1/new/ov5640_reg_config.v:2]
	Parameter IIC_REF_CLK_CNT bound to: 3000 - type: integer 
INFO: [Synth 8-6157] synthesizing module 'i2c_driver' [C:/Users/Administrator/Desktop/K7325/R5/k715_vedio_sobel/k715_vedio_sobel.srcs/sources_1/new/i2c_driver.v:1]
INFO: [Synth 8-6155] done synthesizing module 'i2c_driver' (2#1) [C:/Users/Administrator/Desktop/K7325/R5/k715_vedio_sobel/k715_vedio_sobel.srcs/sources_1/new/i2c_driver.v:1]
INFO: [Synth 8-155] case statement is not full and has no default [C:/Users/Administrator/Desktop/K7325/R5/k715_vedio_sobel/k715_vedio_sobel.srcs/sources_1/new/ov5640_reg_config.v:63]
WARNING: [Synth 8-5788] Register i2c_data_reg in module ov5640_reg_config is has both Set and reset with same priority. This may cause simulation mismatches. Consider rewriting code  [C:/Users/Administrator/Desktop/K7325/R5/k715_vedio_sobel/k715_vedio_sobel.srcs/sources_1/new/ov5640_reg_config.v:27]
INFO: [Synth 8-6155] done synthesizing module 'ov5640_reg_config' (3#1) [C:/Users/Administrator/Desktop/K7325/R5/k715_vedio_sobel/k715_vedio_sobel.srcs/sources_1/new/ov5640_reg_config.v:2]
INFO: [Synth 8-6157] synthesizing module 'ov5640_capture' [C:/Users/Administrator/Desktop/K7325/R5/k715_vedio_sobel/k715_vedio_sobel.srcs/sources_1/new/ov5640_capture.v:1]
INFO: [Synth 8-6155] done synthesizing module 'ov5640_capture' (4#1) [C:/Users/Administrator/Desktop/K7325/R5/k715_vedio_sobel/k715_vedio_sobel.srcs/sources_1/new/ov5640_capture.v:1]
INFO: [Synth 8-6157] synthesizing module 'clk_wiz_0' [C:/Users/Administrator/Desktop/K7325/R5/k715_vedio_sobel/.Xil/Vivado-17124-FXTVWR85EI30285/realtime/clk_wiz_0_stub.v:5]
INFO: [Synth 8-6155] done synthesizing module 'clk_wiz_0' (5#1) [C:/Users/Administrator/Desktop/K7325/R5/k715_vedio_sobel/.Xil/Vivado-17124-FXTVWR85EI30285/realtime/clk_wiz_0_stub.v:5]
INFO: [Synth 8-6157] synthesizing module 'rgb2dvi_0' [C:/Users/Administrator/Desktop/K7325/R5/k715_vedio_sobel/.Xil/Vivado-17124-FXTVWR85EI30285/realtime/rgb2dvi_0_stub.v:6]
INFO: [Synth 8-6155] done synthesizing module 'rgb2dvi_0' (6#1) [C:/Users/Administrator/Desktop/K7325/R5/k715_vedio_sobel/.Xil/Vivado-17124-FXTVWR85EI30285/realtime/rgb2dvi_0_stub.v:6]
INFO: [Synth 8-6157] synthesizing module 'vga_driver' [C:/Users/Administrator/Desktop/K7325/R5/k715_vedio_sobel/k715_vedio_sobel.srcs/sources_1/new/vga_driver.v:1]
INFO: [Synth 8-6157] synthesizing module 'vga_sync' [C:/Users/Administrator/Desktop/K7325/R5/k715_vedio_sobel/k715_vedio_sobel.srcs/sources_1/new/vga_sync.v:1]
	Parameter H_FRONT_PROCH bound to: 88 - type: integer 
	Parameter H_SYNC_TIME bound to: 44 - type: integer 
	Parameter H_BACK_PROCH bound to: 148 - type: integer 
	Parameter H_ADDR_TIME bound to: 1920 - type: integer 
	Parameter H_TIME_TOTAL bound to: 2200 - type: integer 
	Parameter H_ADDR_START_PIX bound to: 132 - type: integer 
	Parameter H_ADDR_END_PIX bound to: 2052 - type: integer 
	Parameter V_FRONT_PROCH bound to: 4 - type: integer 
	Parameter V_SYNC_TIME bound to: 5 - type: integer 
	Parameter V_BACK_PROCH bound to: 36 - type: integer 
	Parameter V_ADDR_TIME bound to: 1080 - type: integer 
	Parameter V_TIME_TOTAL bound to: 1125 - type: integer 
	Parameter V_ADDR_START_PIX bound to: 9 - type: integer 
	Parameter V_ADDR_END_PIX bound to: 1089 - type: integer 
INFO: [Synth 8-6155] done synthesizing module 'vga_sync' (7#1) [C:/Users/Administrator/Desktop/K7325/R5/k715_vedio_sobel/k715_vedio_sobel.srcs/sources_1/new/vga_sync.v:1]
INFO: [Synth 8-6155] done synthesizing module 'vga_driver' (8#1) [C:/Users/Administrator/Desktop/K7325/R5/k715_vedio_sobel/k715_vedio_sobel.srcs/sources_1/new/vga_driver.v:1]
INFO: [Synth 8-6157] synthesizing module 'blk_mem_gen_0' [C:/Users/Administrator/Desktop/K7325/R5/k715_vedio_sobel/.Xil/Vivado-17124-FXTVWR85EI30285/realtime/blk_mem_gen_0_stub.v:6]
INFO: [Synth 8-6155] done synthesizing module 'blk_mem_gen_0' (9#1) [C:/Users/Administrator/Desktop/K7325/R5/k715_vedio_sobel/.Xil/Vivado-17124-FXTVWR85EI30285/realtime/blk_mem_gen_0_stub.v:6]
WARNING: [Synth 8-689] width (21) of port connection 'addra' does not match port width (20) of module 'blk_mem_gen_0' [C:/Users/Administrator/Desktop/K7325/R5/k715_vedio_sobel/k715_vedio_sobel.srcs/sources_1/new/vedio_sobel.v:295]
WARNING: [Synth 8-689] width (21) of port connection 'addrb' does not match port width (20) of module 'blk_mem_gen_0' [C:/Users/Administrator/Desktop/K7325/R5/k715_vedio_sobel/k715_vedio_sobel.srcs/sources_1/new/vedio_sobel.v:299]
INFO: [Synth 8-6157] synthesizing module 'image_sobel_process' [C:/Users/Administrator/Desktop/K7325/R5/k715_vedio_sobel/k715_vedio_sobel.srcs/sources_1/new/image_sobel_process.v:1]
	Parameter VEDIO_X_LENTH bound to: 1024 - type: integer 
	Parameter VEDIO_Y_LENTH bound to: 720 - type: integer 
	Parameter KYR bound to: 306 - type: integer 
	Parameter KYG bound to: 601 - type: integer 
	Parameter KYB bound to: 116 - type: integer 
	Parameter OFFSET_Y bound to: 0 - type: integer 
INFO: [Synth 8-5534] Detected attribute (* mark_debug = "true" *) [C:/Users/Administrator/Desktop/K7325/R5/k715_vedio_sobel/k715_vedio_sobel.srcs/sources_1/new/image_sobel_process.v:14]
INFO: [Synth 8-5534] Detected attribute (* mark_debug = "true" *) [C:/Users/Administrator/Desktop/K7325/R5/k715_vedio_sobel/k715_vedio_sobel.srcs/sources_1/new/image_sobel_process.v:19]
INFO: [Synth 8-5534] Detected attribute (* mark_debug = "true" *) [C:/Users/Administrator/Desktop/K7325/R5/k715_vedio_sobel/k715_vedio_sobel.srcs/sources_1/new/image_sobel_process.v:20]
INFO: [Synth 8-5534] Detected attribute (* mark_debug = "true" *) [C:/Users/Administrator/Desktop/K7325/R5/k715_vedio_sobel/k715_vedio_sobel.srcs/sources_1/new/image_sobel_process.v:21]
INFO: [Synth 8-5534] Detected attribute (* mark_debug = "true" *) [C:/Users/Administrator/Desktop/K7325/R5/k715_vedio_sobel/k715_vedio_sobel.srcs/sources_1/new/image_sobel_process.v:22]
INFO: [Synth 8-5534] Detected attribute (* mark_debug = "true" *) [C:/Users/Administrator/Desktop/K7325/R5/k715_vedio_sobel/k715_vedio_sobel.srcs/sources_1/new/image_sobel_process.v:23]
INFO: [Synth 8-5534] Detected attribute (* mark_debug = "true" *) [C:/Users/Administrator/Desktop/K7325/R5/k715_vedio_sobel/k715_vedio_sobel.srcs/sources_1/new/image_sobel_process.v:25]
INFO: [Synth 8-5534] Detected attribute (* mark_debug = "true" *) [C:/Users/Administrator/Desktop/K7325/R5/k715_vedio_sobel/k715_vedio_sobel.srcs/sources_1/new/image_sobel_process.v:26]
INFO: [Synth 8-5534] Detected attribute (* mark_debug = "true" *) [C:/Users/Administrator/Desktop/K7325/R5/k715_vedio_sobel/k715_vedio_sobel.srcs/sources_1/new/image_sobel_process.v:88]
INFO: [Synth 8-5534] Detected attribute (* mark_debug = "true" *) [C:/Users/Administrator/Desktop/K7325/R5/k715_vedio_sobel/k715_vedio_sobel.srcs/sources_1/new/image_sobel_process.v:89]
INFO: [Synth 8-5534] Detected attribute (* mark_debug = "true" *) [C:/Users/Administrator/Desktop/K7325/R5/k715_vedio_sobel/k715_vedio_sobel.srcs/sources_1/new/image_sobel_process.v:91]
INFO: [Synth 8-5534] Detected attribute (* mark_debug = "true" *) [C:/Users/Administrator/Desktop/K7325/R5/k715_vedio_sobel/k715_vedio_sobel.srcs/sources_1/new/image_sobel_process.v:92]
INFO: [Synth 8-6157] synthesizing module 'fifo_generator_0' [C:/Users/Administrator/Desktop/K7325/R5/k715_vedio_sobel/.Xil/Vivado-17124-FXTVWR85EI30285/realtime/fifo_generator_0_stub.v:6]
INFO: [Synth 8-6155] done synthesizing module 'fifo_generator_0' (10#1) [C:/Users/Administrator/Desktop/K7325/R5/k715_vedio_sobel/.Xil/Vivado-17124-FXTVWR85EI30285/realtime/fifo_generator_0_stub.v:6]
INFO: [Synth 8-6071] Mark debug on the nets applies keep_hierarchy on instance 'fifo_generator_0_inst2'. This will prevent further optimization [C:/Users/Administrator/Desktop/K7325/R5/k715_vedio_sobel/k715_vedio_sobel.srcs/sources_1/new/image_sobel_process.v:126]
INFO: [Synth 8-6071] Mark debug on the nets applies keep_hierarchy on instance 'fifo_generator_0_inst1'. This will prevent further optimization [C:/Users/Administrator/Desktop/K7325/R5/k715_vedio_sobel/k715_vedio_sobel.srcs/sources_1/new/image_sobel_process.v:115]
INFO: [Synth 8-6155] done synthesizing module 'image_sobel_process' (11#1) [C:/Users/Administrator/Desktop/K7325/R5/k715_vedio_sobel/k715_vedio_sobel.srcs/sources_1/new/image_sobel_process.v:1]
INFO: [Synth 8-6071] Mark debug on the nets applies keep_hierarchy on instance 'blk_mem_gen_0_inst1'. This will prevent further optimization [C:/Users/Administrator/Desktop/K7325/R5/k715_vedio_sobel/k715_vedio_sobel.srcs/sources_1/new/vedio_sobel.v:290]
INFO: [Synth 8-6071] Mark debug on the nets applies keep_hierarchy on instance 'vga_driver_inst'. This will prevent further optimization [C:/Users/Administrator/Desktop/K7325/R5/k715_vedio_sobel/k715_vedio_sobel.srcs/sources_1/new/vedio_sobel.v:240]
INFO: [Synth 8-6071] Mark debug on the nets applies keep_hierarchy on instance 'rgb2dvi_0_inst2'. This will prevent further optimization [C:/Users/Administrator/Desktop/K7325/R5/k715_vedio_sobel/k715_vedio_sobel.srcs/sources_1/new/vedio_sobel.v:199]
INFO: [Synth 8-6071] Mark debug on the nets applies keep_hierarchy on instance 'rgb2dvi_0_inst1'. This will prevent further optimization [C:/Users/Administrator/Desktop/K7325/R5/k715_vedio_sobel/k715_vedio_sobel.srcs/sources_1/new/vedio_sobel.v:180]
INFO: [Synth 8-6155] done synthesizing module 'vedio_sobel' (12#1) [C:/Users/Administrator/Desktop/K7325/R5/k715_vedio_sobel/k715_vedio_sobel.srcs/sources_1/new/vedio_sobel.v:1]
WARNING: [Synth 8-3917] design vedio_sobel has port HDMI_OUT_EN1 driven by constant 1
WARNING: [Synth 8-3917] design vedio_sobel has port HDMI_OUT_EN2 driven by constant 1
---------------------------------------------------------------------------------
Finished RTL Elaboration : Time (s): cpu = 00:00:08 ; elapsed = 00:00:09 . Memory (MB): peak = 1529.602 ; gain = 243.563
---------------------------------------------------------------------------------

Report Check Netlist: 
+------+------------------+-------+---------+-------+------------------+
|      |Item              |Errors |Warnings |Status |Description       |
+------+------------------+-------+---------+-------+------------------+
|1     |multi_driven_nets |      0|        0|Passed |Multi driven nets |
+------+------------------+-------+---------+-------+------------------+
---------------------------------------------------------------------------------
Start Handling Custom Attributes
---------------------------------------------------------------------------------
---------------------------------------------------------------------------------
Finished Handling Custom Attributes : Time (s): cpu = 00:00:08 ; elapsed = 00:00:10 . Memory (MB): peak = 1529.602 ; gain = 243.563
---------------------------------------------------------------------------------
---------------------------------------------------------------------------------
Finished RTL Optimization Phase 1 : Time (s): cpu = 00:00:08 ; elapsed = 00:00:10 . Memory (MB): peak = 1529.602 ; gain = 243.563
---------------------------------------------------------------------------------
INFO: [Project 1-454] Reading design checkpoint 'c:/Users/Administrator/Desktop/K7325/R5/k715_vedio_sobel/k715_vedio_sobel.srcs/sources_1/ip/clk_wiz_0/clk_wiz_0.dcp' for cell 'clk_wiz_0_inst'
INFO: [Project 1-454] Reading design checkpoint 'c:/Users/Administrator/Desktop/K7325/R5/k715_vedio_sobel/k715_vedio_sobel.srcs/sources_1/ip/rgb2dvi_0/rgb2dvi_0.dcp' for cell 'rgb2dvi_0_inst1'
INFO: [Project 1-454] Reading design checkpoint 'c:/Users/Administrator/Desktop/K7325/R5/k715_vedio_sobel/k715_vedio_sobel.srcs/sources_1/ip/blk_mem_gen_0/blk_mem_gen_0.dcp' for cell 'blk_mem_gen_0_inst1'
INFO: [Project 1-454] Reading design checkpoint 'c:/Users/Administrator/Desktop/K7325/R5/k715_vedio_sobel/k715_vedio_sobel.srcs/sources_1/ip/fifo_generator_0/fifo_generator_0.dcp' for cell 'image_sobel_process_inst1/fifo_generator_0_inst1'
Netlist sorting complete. Time (s): cpu = 00:00:00 ; elapsed = 00:00:00.329 . Memory (MB): peak = 1529.602 ; gain = 0.000
INFO: [Netlist 29-17] Analyzing 644 Unisim elements for replacement
INFO: [Netlist 29-28] Unisim Transformation completed in 0 CPU seconds
INFO: [Project 1-479] Netlist was created with Vivado 2019.2
INFO: [Project 1-570] Preparing netlist for logic optimization
INFO: [Opt 31-140] Inserted 1 IBUFs to IO ports without IO buffers.
INFO: [Opt 31-141] Inserted 2 OBUFs to IO ports without IO buffers.

Processing XDC Constraints
Initializing timing engine
Parsing XDC File [c:/Users/Administrator/Desktop/K7325/R5/k715_vedio_sobel/k715_vedio_sobel.srcs/sources_1/ip/fifo_generator_0/fifo_generator_0.xdc] for cell 'image_sobel_process_inst1/fifo_generator_0_inst1/U0'
Finished Parsing XDC File [c:/Users/Administrator/Desktop/K7325/R5/k715_vedio_sobel/k715_vedio_sobel.srcs/sources_1/ip/fifo_generator_0/fifo_generator_0.xdc] for cell 'image_sobel_process_inst1/fifo_generator_0_inst1/U0'
Parsing XDC File [c:/Users/Administrator/Desktop/K7325/R5/k715_vedio_sobel/k715_vedio_sobel.srcs/sources_1/ip/fifo_generator_0/fifo_generator_0.xdc] for cell 'image_sobel_process_inst1/fifo_generator_0_inst2/U0'
Finished Parsing XDC File [c:/Users/Administrator/Desktop/K7325/R5/k715_vedio_sobel/k715_vedio_sobel.srcs/sources_1/ip/fifo_generator_0/fifo_generator_0.xdc] for cell 'image_sobel_process_inst1/fifo_generator_0_inst2/U0'
Parsing XDC File [c:/Users/Administrator/Desktop/K7325/R5/k715_vedio_sobel/k715_vedio_sobel.srcs/sources_1/ip/rgb2dvi_0/src/rgb2dvi.xdc] for cell 'rgb2dvi_0_inst1/U0'
Finished Parsing XDC File [c:/Users/Administrator/Desktop/K7325/R5/k715_vedio_sobel/k715_vedio_sobel.srcs/sources_1/ip/rgb2dvi_0/src/rgb2dvi.xdc] for cell 'rgb2dvi_0_inst1/U0'
Parsing XDC File [c:/Users/Administrator/Desktop/K7325/R5/k715_vedio_sobel/k715_vedio_sobel.srcs/sources_1/ip/rgb2dvi_0/src/rgb2dvi.xdc] for cell 'rgb2dvi_0_inst2/U0'
Finished Parsing XDC File [c:/Users/Administrator/Desktop/K7325/R5/k715_vedio_sobel/k715_vedio_sobel.srcs/sources_1/ip/rgb2dvi_0/src/rgb2dvi.xdc] for cell 'rgb2dvi_0_inst2/U0'
Parsing XDC File [c:/Users/Administrator/Desktop/K7325/R5/k715_vedio_sobel/k715_vedio_sobel.srcs/sources_1/ip/clk_wiz_0/clk_wiz_0_board.xdc] for cell 'clk_wiz_0_inst/inst'
Finished Parsing XDC File [c:/Users/Administrator/Desktop/K7325/R5/k715_vedio_sobel/k715_vedio_sobel.srcs/sources_1/ip/clk_wiz_0/clk_wiz_0_board.xdc] for cell 'clk_wiz_0_inst/inst'
Parsing XDC File [c:/Users/Administrator/Desktop/K7325/R5/k715_vedio_sobel/k715_vedio_sobel.srcs/sources_1/ip/clk_wiz_0/clk_wiz_0.xdc] for cell 'clk_wiz_0_inst/inst'
Finished Parsing XDC File [c:/Users/Administrator/Desktop/K7325/R5/k715_vedio_sobel/k715_vedio_sobel.srcs/sources_1/ip/clk_wiz_0/clk_wiz_0.xdc] for cell 'clk_wiz_0_inst/inst'
INFO: [Project 1-236] Implementation specific constraints were found while reading constraint file [c:/Users/Administrator/Desktop/K7325/R5/k715_vedio_sobel/k715_vedio_sobel.srcs/sources_1/ip/clk_wiz_0/clk_wiz_0.xdc]. These constraints will be ignored for synthesis but will be used in implementation. Impacted constraints are listed in the file [.Xil/vedio_sobel_propImpl.xdc].
Resolution: To avoid this warning, move constraints listed in [.Xil/vedio_sobel_propImpl.xdc] to another XDC file and exclude this new file from synthesis with the used_in_synthesis property (File Properties dialog in GUI) and re-run elaboration/synthesis.
INFO: [Timing 38-2] Deriving generated clocks
Parsing XDC File [C:/Users/Administrator/Desktop/K7325/R5/k715_vedio_sobel/k715_vedio_sobel.srcs/constrs_1/new/vedio_sobel.xdc]
WARNING: [Vivado 12-584] No ports matched 'clk'. [C:/Users/Administrator/Desktop/K7325/R5/k715_vedio_sobel/k715_vedio_sobel.srcs/constrs_1/new/vedio_sobel.xdc:42]
WARNING: [Vivado 12-584] No ports matched 'clk'. [C:/Users/Administrator/Desktop/K7325/R5/k715_vedio_sobel/k715_vedio_sobel.srcs/constrs_1/new/vedio_sobel.xdc:50]
WARNING: [Vivado 12-507] No nets matched 'cmos_pclk1_IBUF'. [C:/Users/Administrator/Desktop/K7325/R5/k715_vedio_sobel/k715_vedio_sobel.srcs/constrs_1/new/vedio_sobel.xdc:93]
WARNING: [Vivado 12-507] No nets matched 'cmos_pclk2_IBUF'. [C:/Users/Administrator/Desktop/K7325/R5/k715_vedio_sobel/k715_vedio_sobel.srcs/constrs_1/new/vedio_sobel.xdc:94]
Finished Parsing XDC File [C:/Users/Administrator/Desktop/K7325/R5/k715_vedio_sobel/k715_vedio_sobel.srcs/constrs_1/new/vedio_sobel.xdc]
WARNING: [Project 1-498] One or more constraints failed evaluation while reading constraint file [C:/Users/Administrator/Desktop/K7325/R5/k715_vedio_sobel/k715_vedio_sobel.srcs/constrs_1/new/vedio_sobel.xdc] and the design contains unresolved black boxes. These constraints will be read post-synthesis (as long as their source constraint file is marked as used_in_implementation) and should be applied correctly then. You should review the constraints listed in the file [.Xil/vedio_sobel_propImpl.xdc] and check the run log file to verify that these constraints were correctly applied.
INFO: [Project 1-236] Implementation specific constraints were found while reading constraint file [C:/Users/Administrator/Desktop/K7325/R5/k715_vedio_sobel/k715_vedio_sobel.srcs/constrs_1/new/vedio_sobel.xdc]. These constraints will be ignored for synthesis but will be used in implementation. Impacted constraints are listed in the file [.Xil/vedio_sobel_propImpl.xdc].
Resolution: To avoid this warning, move constraints listed in [.Xil/vedio_sobel_propImpl.xdc] to another XDC file and exclude this new file from synthesis with the used_in_synthesis property (File Properties dialog in GUI) and re-run elaboration/synthesis.
Parsing XDC File [c:/Users/Administrator/Desktop/K7325/R5/k715_vedio_sobel/k715_vedio_sobel.srcs/sources_1/ip/rgb2dvi_0/src/rgb2dvi_clocks.xdc] for cell 'rgb2dvi_0_inst1/U0'
Finished Parsing XDC File [c:/Users/Administrator/Desktop/K7325/R5/k715_vedio_sobel/k715_vedio_sobel.srcs/sources_1/ip/rgb2dvi_0/src/rgb2dvi_clocks.xdc] for cell 'rgb2dvi_0_inst1/U0'
Parsing XDC File [c:/Users/Administrator/Desktop/K7325/R5/k715_vedio_sobel/k715_vedio_sobel.srcs/sources_1/ip/rgb2dvi_0/src/rgb2dvi_clocks.xdc] for cell 'rgb2dvi_0_inst2/U0'
Finished Parsing XDC File [c:/Users/Administrator/Desktop/K7325/R5/k715_vedio_sobel/k715_vedio_sobel.srcs/sources_1/ip/rgb2dvi_0/src/rgb2dvi_clocks.xdc] for cell 'rgb2dvi_0_inst2/U0'
Completed Processing XDC Constraints

INFO: [Opt 31-138] Pushed 0 inverter(s) to 0 load pin(s).
Netlist sorting complete. Time (s): cpu = 00:00:00 ; elapsed = 00:00:00.018 . Memory (MB): peak = 1702.809 ; gain = 0.000
INFO: [Project 1-111] Unisim Transformation Summary:
No Unisim elements were transformed.

RTL Elaboration Complete:  : Time (s): cpu = 00:00:36 ; elapsed = 00:00:33 . Memory (MB): peak = 1748.316 ; gain = 462.277
71 Infos, 15 Warnings, 0 Critical Warnings and 0 Errors encountered.
synth_design completed successfully
synth_design: Time (s): cpu = 00:00:45 ; elapsed = 00:00:43 . Memory (MB): peak = 1748.316 ; gain = 741.535
place_ports TMDS_CLK_P1 Y22
save_constraints
reset_run impl_1
launch_runs impl_1 -to_step write_bitstream -jobs 8
INFO: [Vivado 12-4149] The synthesis checkpoint for IP 'C:/Users/Administrator/Desktop/K7325/R5/k715_vedio_sobel/k715_vedio_sobel.srcs/sources_1/ip/fifo_generator_0/fifo_generator_0.xci' is already up-to-date
INFO: [Vivado 12-4149] The synthesis checkpoint for IP 'C:/Users/Administrator/Desktop/K7325/R5/k715_vedio_sobel/k715_vedio_sobel.srcs/sources_1/ip/blk_mem_gen_0/blk_mem_gen_0.xci' is already up-to-date
INFO: [Vivado 12-4149] The synthesis checkpoint for IP 'C:/Users/Administrator/Desktop/K7325/R5/k715_vedio_sobel/k715_vedio_sobel.srcs/sources_1/ip/rgb2dvi_0/rgb2dvi_0.xci' is already up-to-date
INFO: [Vivado 12-4149] The synthesis checkpoint for IP 'C:/Users/Administrator/Desktop/K7325/R5/k715_vedio_sobel/k715_vedio_sobel.srcs/sources_1/ip/clk_wiz_0/clk_wiz_0.xci' is already up-to-date
[Wed May 19 22:29:17 2021] Launched impl_1...
Run output will be captured here: C:/Users/Administrator/Desktop/K7325/R5/k715_vedio_sobel/k715_vedio_sobel.runs/impl_1/runme.log
open_hw_manager
connect_hw_server -allow_non_jtag
INFO: [Labtools 27-2285] Connecting to hw_server url TCP:localhost:3121
INFO: [Labtools 27-2222] Launching hw_server...
INFO: [Labtools 27-2221] Launch Output:

****** Xilinx hw_server v2019.2
  **** Build date : Nov  6 2019 at 22:12:23
    ** Copyright 1986-2019 Xilinx, Inc. All Rights Reserved.


INFO: [Labtools 27-3415] Connecting to cs_server url TCP:localhost:3042
INFO: [Labtools 27-3417] Launching cs_server...
INFO: [Labtools 27-2221] Launch Output:


****** Xilinx cs_server v2019.2.0
  **** Build date : Nov 07 2019-13:28:22
    ** Copyright 2017-2019 Xilinx, Inc. All Rights Reserved.



connect_hw_server: Time (s): cpu = 00:00:01 ; elapsed = 00:00:07 . Memory (MB): peak = 1774.523 ; gain = 3.852
open_hw_target
INFO: [Labtoolstcl 44-466] Opening hw_target localhost:3121/xilinx_tcf/Digilent/210251A08870
current_hw_device [get_hw_devices xc7k325t_0]
refresh_hw_device -update_hw_probes false [lindex [get_hw_devices xc7k325t_0] 0]
INFO: [Labtools 27-1434] Device xc7k325t (JTAG device index = 0) is programmed with a design that has no supported debug core(s) in it.
set_property PROBES.FILE {C:/Users/Administrator/Desktop/K7325/R5/k715_vedio_sobel/k715_vedio_sobel.runs/impl_1/vedio_sobel.ltx} [get_hw_devices xc7k325t_0]
set_property FULL_PROBES.FILE {C:/Users/Administrator/Desktop/K7325/R5/k715_vedio_sobel/k715_vedio_sobel.runs/impl_1/vedio_sobel.ltx} [get_hw_devices xc7k325t_0]
set_property PROGRAM.FILE {C:/Users/Administrator/Desktop/K7325/R5/k715_vedio_sobel/k715_vedio_sobel.runs/impl_1/vedio_sobel.bit} [get_hw_devices xc7k325t_0]
program_hw_devices [get_hw_devices xc7k325t_0]
INFO: [Labtools 27-3164] End of startup status: HIGH
program_hw_devices: Time (s): cpu = 00:00:07 ; elapsed = 00:00:07 . Memory (MB): peak = 2990.574 ; gain = 4.277
refresh_hw_device [lindex [get_hw_devices xc7k325t_0] 0]
INFO: [Labtools 27-2302] Device xc7k325t (JTAG device index = 0) is programmed with a design that has 1 ILA core(s).
display_hw_ila_data [ get_hw_ila_data hw_ila_data_1 -of_objects [get_hw_ilas -of_objects [get_hw_devices xc7k325t_0] -filter {CELL_NAME=~"u_ila_0"}]]
ERROR: [Labtoolstcl 44-513] HW Target shutdown. Closing target: localhost:3121/xilinx_tcf/Digilent/210251A08870
exit
INFO: [Common 17-206] Exiting Vivado at Wed May 19 22:49:03 2021...
