#-----------------------------------------------------------
# Vivado v2019.2 (64-bit)
# SW Build 2708876 on Wed Nov  6 21:40:23 MST 2019
# IP Build 2700528 on Thu Nov  7 00:09:20 MST 2019
# Start of session at: Sat Dec 12 16:28:04 2020
# Process ID: 10560
# Current directory: C:/Users/Administrator/Desktop/K7325/DEMO/k715_vedio_sobel
# Command line: vivado.exe -gui_launcher_event rodinguilauncherevent8136 C:\Users\Administrator\Desktop\K7325\DEMO\k715_vedio_sobel\k715_vedio_sobel.xpr
# Log file: C:/Users/Administrator/Desktop/K7325/DEMO/k715_vedio_sobel/vivado.log
# Journal file: C:/Users/Administrator/Desktop/K7325/DEMO/k715_vedio_sobel\vivado.jou
#-----------------------------------------------------------
start_gui
open_project C:/Users/Administrator/Desktop/K7325/DEMO/k715_vedio_sobel/k715_vedio_sobel.xpr
Scanning sources...
Finished scanning sources
INFO: [IP_Flow 19-234] Refreshing IP repositories
INFO: [IP_Flow 19-1700] Loaded user IP repository 'c:/Users/Administrator/Desktop/K7325/DEMO/k715_vedio_sobel/tmds_ip'.
INFO: [IP_Flow 19-2313] Loaded Vivado IP repository 'C:/Xilinx/Vivado/2019.2/data/ip'.
open_project: Time (s): cpu = 00:00:18 ; elapsed = 00:00:12 . Memory (MB): peak = 878.559 ; gain = 222.133
update_compile_order -fileset sources_1
reset_run synth_1
launch_runs impl_1 -to_step write_bitstream -jobs 8
INFO: [Vivado 12-4149] The synthesis checkpoint for IP 'C:/Users/Administrator/Desktop/K7325/DEMO/k715_vedio_sobel/k715_vedio_sobel.srcs/sources_1/ip/fifo_generator_0/fifo_generator_0.xci' is already up-to-date
INFO: [Vivado 12-4149] The synthesis checkpoint for IP 'C:/Users/Administrator/Desktop/K7325/DEMO/k715_vedio_sobel/k715_vedio_sobel.srcs/sources_1/ip/blk_mem_gen_0/blk_mem_gen_0.xci' is already up-to-date
INFO: [Vivado 12-4149] The synthesis checkpoint for IP 'C:/Users/Administrator/Desktop/K7325/DEMO/k715_vedio_sobel/k715_vedio_sobel.srcs/sources_1/ip/rgb2dvi_0/rgb2dvi_0.xci' is already up-to-date
INFO: [Vivado 12-4149] The synthesis checkpoint for IP 'C:/Users/Administrator/Desktop/K7325/DEMO/k715_vedio_sobel/k715_vedio_sobel.srcs/sources_1/ip/clk_wiz_0/clk_wiz_0.xci' is already up-to-date
[Sat Dec 12 16:36:05 2020] Launched synth_1...
Run output will be captured here: C:/Users/Administrator/Desktop/K7325/DEMO/k715_vedio_sobel/k715_vedio_sobel.runs/synth_1/runme.log
[Sat Dec 12 16:36:06 2020] Launched impl_1...
Run output will be captured here: C:/Users/Administrator/Desktop/K7325/DEMO/k715_vedio_sobel/k715_vedio_sobel.runs/impl_1/runme.log
open_hw_manager
connect_hw_server -allow_non_jtag
INFO: [Labtools 27-2285] Connecting to hw_server url TCP:localhost:3121
INFO: [Labtools 27-2222] Launching hw_server...
INFO: [Labtools 27-2221] Launch Output:

****** Xilinx hw_server v2019.2
  **** Build date : Nov  6 2019 at 22:12:23
    ** Copyright 1986-2019 Xilinx, Inc. All Rights Reserved.


INFO: [Labtools 27-3415] Connecting to cs_server url TCP:localhost:3042
INFO: [Labtools 27-3417] Launching cs_server...
INFO: [Labtools 27-2221] Launch Output:


****** Xilinx cs_server v2019.2.0
  **** Build date : Nov 07 2019-13:28:22
    ** Copyright 2017-2019 Xilinx, Inc. All Rights Reserved.



connect_hw_server: Time (s): cpu = 00:00:01 ; elapsed = 00:00:08 . Memory (MB): peak = 1131.102 ; gain = 0.000
open_hw_target
INFO: [Labtoolstcl 44-466] Opening hw_target localhost:3121/xilinx_tcf/Digilent/210251A08870
set_property PROGRAM.FILE {C:/Users/Administrator/Desktop/K7325/DEMO/k715_vedio_sobel/k715_vedio_sobel.runs/impl_1/vedio_sobel.bit} [get_hw_devices xc7k325t_0]
set_property PROBES.FILE {C:/Users/Administrator/Desktop/K7325/DEMO/k715_vedio_sobel/k715_vedio_sobel.runs/impl_1/vedio_sobel.ltx} [get_hw_devices xc7k325t_0]
set_property FULL_PROBES.FILE {C:/Users/Administrator/Desktop/K7325/DEMO/k715_vedio_sobel/k715_vedio_sobel.runs/impl_1/vedio_sobel.ltx} [get_hw_devices xc7k325t_0]
current_hw_device [get_hw_devices xc7k325t_0]
refresh_hw_device [lindex [get_hw_devices xc7k325t_0] 0]
INFO: [Labtools 27-1434] Device xc7k325t (JTAG device index = 0) is programmed with a design that has no supported debug core(s) in it.
WARNING: [Labtools 27-3361] The debug hub core was not detected.
Resolution: 
1. Make sure the clock connected to the debug hub (dbg_hub) core is a free running clock and is active.
2. Make sure the BSCAN_SWITCH_USER_MASK device property in Vivado Hardware Manager reflects the user scan chain setting in the design and refresh the device.  To determine the user scan chain setting in the design, open the implemented design and use 'get_property C_USER_SCAN_CHAIN [get_debug_cores dbg_hub]'.
For more details on setting the scan chain property, consult the Vivado Debug and Programming User Guide (UG908).
WARNING: [Labtools 27-3413] Dropping logic core with cellname:'u_ila_0' at location 'uuid_23E7D65A79BC59F7BC47406C1714DFAE' from probes file, since it cannot be found on the programmed device.
set_property PROBES.FILE {C:/Users/Administrator/Desktop/K7325/DEMO/k715_vedio_sobel/k715_vedio_sobel.runs/impl_1/vedio_sobel.ltx} [get_hw_devices xc7k325t_0]
set_property FULL_PROBES.FILE {C:/Users/Administrator/Desktop/K7325/DEMO/k715_vedio_sobel/k715_vedio_sobel.runs/impl_1/vedio_sobel.ltx} [get_hw_devices xc7k325t_0]
set_property PROGRAM.FILE {C:/Users/Administrator/Desktop/K7325/DEMO/k715_vedio_sobel/k715_vedio_sobel.runs/impl_1/vedio_sobel.bit} [get_hw_devices xc7k325t_0]
program_hw_devices [get_hw_devices xc7k325t_0]
INFO: [Labtools 27-3164] End of startup status: HIGH
program_hw_devices: Time (s): cpu = 00:00:07 ; elapsed = 00:00:07 . Memory (MB): peak = 2247.500 ; gain = 4.250
refresh_hw_device [lindex [get_hw_devices xc7k325t_0] 0]
INFO: [Labtools 27-2302] Device xc7k325t (JTAG device index = 0) is programmed with a design that has 1 ILA core(s).
display_hw_ila_data [ get_hw_ila_data hw_ila_data_1 -of_objects [get_hw_ilas -of_objects [get_hw_devices xc7k325t_0] -filter {CELL_NAME=~"u_ila_0"}]]
save_wave_config {C:/Users/Administrator/Desktop/K7325/DEMO/k715_vedio_sobel/k715_vedio_sobel.hw/hw_1/wave/hw_ila_data_1/hw_ila_data_1.wcfg}
exit
INFO: [Common 17-206] Exiting Vivado at Sat Dec 12 16:57:36 2020...
