#-----------------------------------------------------------
# Vivado v2019.2 (64-bit)
# SW Build 2708876 on Wed Nov  6 21:40:23 MST 2019
# IP Build 2700528 on Thu Nov  7 00:09:20 MST 2019
# Start of session at: Sun Jul 12 18:11:49 2020
# Process ID: 12320
# Current directory: C:/Users/Administrator/Desktop/K7325/DEMO/k715_vedio_sobel
# Command line: vivado.exe -gui_launcher_event rodinguilauncherevent9208 C:\Users\Administrator\Desktop\K7325\DEMO\k715_vedio_sobel\k715_vedio_sobel.xpr
# Log file: C:/Users/Administrator/Desktop/K7325/DEMO/k715_vedio_sobel/vivado.log
# Journal file: C:/Users/Administrator/Desktop/K7325/DEMO/k715_vedio_sobel\vivado.jou
#-----------------------------------------------------------
start_gui
open_project C:/Users/Administrator/Desktop/K7325/DEMO/k715_vedio_sobel/k715_vedio_sobel.xpr
Scanning sources...
Finished scanning sources
INFO: [IP_Flow 19-234] Refreshing IP repositories
INFO: [IP_Flow 19-1700] Loaded user IP repository 'c:/Users/Administrator/Desktop/K7325/DEMO/k715_vedio_sobel/tmds_ip'.
INFO: [IP_Flow 19-2313] Loaded Vivado IP repository 'C:/Xilinx/Vivado/2019.2/data/ip'.
open_project: Time (s): cpu = 00:00:19 ; elapsed = 00:00:10 . Memory (MB): peak = 874.199 ; gain = 215.887
update_compile_order -fileset sources_1
