INFO: [SIM 2] *************** CSIM start ***************
INFO: [SIM 4] CSIM will launch GCC as the compiler.
make: 'csim.exe' is up to date.
i=0,led=1

i=1,led=1

i=2,led=1

i=3,led=1

i=4,led=1

i=5,led=1

i=6,led=1

i=7,led=1

i=8,led=1

i=9,led=1

i=10,led=2

i=11,led=2

i=12,led=2

i=13,led=2

i=14,led=2

i=15,led=2

i=16,led=2

i=17,led=2

i=18,led=2

i=19,led=2

i=20,led=2

i=21,led=4

i=22,led=4

i=23,led=4

i=24,led=4

i=25,led=4

i=26,led=4

i=27,led=4

i=28,led=4

i=29,led=4

i=30,led=4

i=31,led=4

i=32,led=8

i=33,led=8

i=34,led=8

i=35,led=8

i=36,led=8

i=37,led=8

i=38,led=8

i=39,led=8

i=40,led=8

i=41,led=8

i=42,led=8

i=43,led=1

i=44,led=1

i=45,led=1

i=46,led=1

i=47,led=1

i=48,led=1

i=49,led=1

i=50,led=1

i=51,led=1

i=52,led=1

i=53,led=1

i=54,led=2

i=55,led=2

i=56,led=2

i=57,led=2

i=58,led=2

i=59,led=2

i=60,led=2

i=61,led=2

i=62,led=2

i=63,led=2

i=64,led=2

i=65,led=4

i=66,led=4

i=67,led=4

i=68,led=4

i=69,led=4

i=70,led=4

i=71,led=4

i=72,led=4

i=73,led=4

i=74,led=4

i=75,led=4

i=76,led=8

i=77,led=8

i=78,led=8

i=79,led=8

i=80,led=8

i=81,led=8

i=82,led=8

i=83,led=8

i=84,led=8

i=85,led=8

i=86,led=8

i=87,led=1

i=88,led=1

i=89,led=1

i=90,led=1

i=91,led=1

i=92,led=1

i=93,led=1

i=94,led=1

i=95,led=1

i=96,led=1

i=97,led=1

i=98,led=2

i=99,led=2

i=100,led=2

i=101,led=2

i=102,led=2

i=103,led=2

i=104,led=2

i=105,led=2

i=106,led=2

i=107,led=2

i=108,led=2

i=109,led=4

i=110,led=4

i=111,led=4

i=112,led=4

i=113,led=4

i=114,led=4

i=115,led=4

i=116,led=4

i=117,led=4

i=118,led=4

i=119,led=4

i=120,led=8

i=121,led=8

i=122,led=8

i=123,led=8

i=124,led=8

i=125,led=8

i=126,led=8

i=127,led=8

i=128,led=8

i=129,led=8

i=130,led=8

i=131,led=1

i=132,led=1

i=133,led=1

i=134,led=1

i=135,led=1

i=136,led=1

i=137,led=1

i=138,led=1

i=139,led=1

i=140,led=1

i=141,led=1

i=142,led=2

i=143,led=2

i=144,led=2

i=145,led=2

i=146,led=2

i=147,led=2

i=148,led=2

i=149,led=2

i=150,led=2

i=151,led=2

i=152,led=2

i=153,led=4

i=154,led=4

i=155,led=4

i=156,led=4

i=157,led=4

i=158,led=4

i=159,led=4

i=160,led=4

i=161,led=4

i=162,led=4

i=163,led=4

i=164,led=8

i=165,led=8

i=166,led=8

i=167,led=8

i=168,led=8

i=169,led=8

i=170,led=8

i=171,led=8

i=172,led=8

i=173,led=8

i=174,led=8

i=175,led=1

i=176,led=1

i=177,led=1

i=178,led=1

i=179,led=1

i=180,led=1

i=181,led=1

i=182,led=1

i=183,led=1

i=184,led=1

i=185,led=1

i=186,led=2

i=187,led=2

i=188,led=2

i=189,led=2

i=190,led=2

i=191,led=2

i=192,led=2

i=193,led=2

i=194,led=2

i=195,led=2

i=196,led=2

i=197,led=4

i=198,led=4

i=199,led=4

i=200,led=4

i=201,led=4

i=202,led=4

i=203,led=4

i=204,led=4

i=205,led=4

i=206,led=4

i=207,led=4

i=208,led=8

i=209,led=8

i=210,led=8

i=211,led=8

i=212,led=8

i=213,led=8

i=214,led=8

i=215,led=8

i=216,led=8

i=217,led=8

i=218,led=8

i=219,led=1

i=220,led=1

i=221,led=1

i=222,led=1

i=223,led=1

i=224,led=1

i=225,led=1

i=226,led=1

i=227,led=1

i=228,led=1

i=229,led=1

i=230,led=2

i=231,led=2

i=232,led=2

i=233,led=2

i=234,led=2

i=235,led=2

i=236,led=2

i=237,led=2

i=238,led=2

i=239,led=2

i=240,led=2

i=241,led=4

i=242,led=4

i=243,led=4

i=244,led=4

i=245,led=4

i=246,led=4

i=247,led=4

i=248,led=4

i=249,led=4

i=250,led=4

i=251,led=4

i=252,led=8

i=253,led=8

i=254,led=8

i=255,led=8

i=256,led=8

i=257,led=8

i=258,led=8

i=259,led=8

i=260,led=8

i=261,led=8

i=262,led=8

i=263,led=1

i=264,led=1

i=265,led=1

i=266,led=1

i=267,led=1

i=268,led=1

i=269,led=1

i=270,led=1

i=271,led=1

i=272,led=1

i=273,led=1

i=274,led=2

i=275,led=2

i=276,led=2

i=277,led=2

i=278,led=2

i=279,led=2

i=280,led=2

i=281,led=2

i=282,led=2

i=283,led=2

i=284,led=2

i=285,led=4

i=286,led=4

i=287,led=4

i=288,led=4

i=289,led=4

i=290,led=4

i=291,led=4

i=292,led=4

i=293,led=4

i=294,led=4

i=295,led=4

i=296,led=8

i=297,led=8

i=298,led=8

i=299,led=8

i=300,led=8

i=301,led=8

i=302,led=8

i=303,led=8

i=304,led=8

i=305,led=8

i=306,led=8

i=307,led=1

i=308,led=1

i=309,led=1

i=310,led=1

i=311,led=1

i=312,led=1

i=313,led=1

i=314,led=1

i=315,led=1

i=316,led=1

i=317,led=1

i=318,led=2

i=319,led=2

i=320,led=2

i=321,led=2

i=322,led=2

i=323,led=2

i=324,led=2

i=325,led=2

i=326,led=2

i=327,led=2

i=328,led=2

i=329,led=4

i=330,led=4

i=331,led=4

i=332,led=4

i=333,led=4

i=334,led=4

i=335,led=4

i=336,led=4

i=337,led=4

i=338,led=4

i=339,led=4

i=340,led=8

i=341,led=8

i=342,led=8

i=343,led=8

i=344,led=8

i=345,led=8

i=346,led=8

i=347,led=8

i=348,led=8

i=349,led=8

i=350,led=8

i=351,led=1

i=352,led=1

i=353,led=1

i=354,led=1

i=355,led=1

i=356,led=1

i=357,led=1

i=358,led=1

i=359,led=1

i=360,led=1

i=361,led=1

i=362,led=2

i=363,led=2

i=364,led=2

i=365,led=2

i=366,led=2

i=367,led=2

i=368,led=2

i=369,led=2

i=370,led=2

i=371,led=2

i=372,led=2

i=373,led=4

i=374,led=4

i=375,led=4

i=376,led=4

i=377,led=4

i=378,led=4

i=379,led=4

i=380,led=4

i=381,led=4

i=382,led=4

i=383,led=4

i=384,led=8

i=385,led=8

i=386,led=8

i=387,led=8

i=388,led=8

i=389,led=8

i=390,led=8

i=391,led=8

i=392,led=8

i=393,led=8

i=394,led=8

i=395,led=1

i=396,led=1

i=397,led=1

i=398,led=1

i=399,led=1

i=400,led=1

i=401,led=1

i=402,led=1

i=403,led=1

i=404,led=1

i=405,led=1

i=406,led=2

i=407,led=2

i=408,led=2

i=409,led=2

i=410,led=2

i=411,led=2

i=412,led=2

i=413,led=2

i=414,led=2

i=415,led=2

i=416,led=2

i=417,led=4

i=418,led=4

i=419,led=4

i=420,led=4

i=421,led=4

i=422,led=4

i=423,led=4

i=424,led=4

i=425,led=4

i=426,led=4

i=427,led=4

i=428,led=8

i=429,led=8

i=430,led=8

i=431,led=8

i=432,led=8

i=433,led=8

i=434,led=8

i=435,led=8

i=436,led=8

i=437,led=8

i=438,led=8

i=439,led=1

i=440,led=1

i=441,led=1

i=442,led=1

i=443,led=1

i=444,led=1

i=445,led=1

i=446,led=1

i=447,led=1

i=448,led=1

i=449,led=1

i=450,led=2

i=451,led=2

i=452,led=2

i=453,led=2

i=454,led=2

i=455,led=2

i=456,led=2

i=457,led=2

i=458,led=2

i=459,led=2

i=460,led=2

i=461,led=4

i=462,led=4

i=463,led=4

i=464,led=4

i=465,led=4

i=466,led=4

i=467,led=4

i=468,led=4

i=469,led=4

i=470,led=4

i=471,led=4

i=472,led=8

i=473,led=8

i=474,led=8

i=475,led=8

i=476,led=8

i=477,led=8

i=478,led=8

i=479,led=8

i=480,led=8

i=481,led=8

i=482,led=8

i=483,led=1

i=484,led=1

i=485,led=1

i=486,led=1

i=487,led=1

i=488,led=1

i=489,led=1

i=490,led=1

i=491,led=1

i=492,led=1

i=493,led=1

i=494,led=2

i=495,led=2

i=496,led=2

i=497,led=2

i=498,led=2

i=499,led=2

i=500,led=2

i=501,led=2

i=502,led=2

i=503,led=2

i=504,led=2

i=505,led=4

i=506,led=4

i=507,led=4

i=508,led=4

i=509,led=4

i=510,led=4

i=511,led=4

i=512,led=4

i=513,led=4

i=514,led=4

i=515,led=4

i=516,led=8

i=517,led=8

i=518,led=8

i=519,led=8

i=520,led=8

i=521,led=8

i=522,led=8

i=523,led=8

i=524,led=8

i=525,led=8

i=526,led=8

i=527,led=1

i=528,led=1

i=529,led=1

i=530,led=1

i=531,led=1

i=532,led=1

i=533,led=1

i=534,led=1

i=535,led=1

i=536,led=1

i=537,led=1

i=538,led=2

i=539,led=2

i=540,led=2

i=541,led=2

i=542,led=2

i=543,led=2

i=544,led=2

i=545,led=2

i=546,led=2

i=547,led=2

i=548,led=2

i=549,led=4

i=550,led=4

i=551,led=4

i=552,led=4

i=553,led=4

i=554,led=4

i=555,led=4

i=556,led=4

i=557,led=4

i=558,led=4

i=559,led=4

i=560,led=8

i=561,led=8

i=562,led=8

i=563,led=8

i=564,led=8

i=565,led=8

i=566,led=8

i=567,led=8

i=568,led=8

i=569,led=8

i=570,led=8

i=571,led=1

i=572,led=1

i=573,led=1

i=574,led=1

i=575,led=1

i=576,led=1

i=577,led=1

i=578,led=1

i=579,led=1

i=580,led=1

i=581,led=1

i=582,led=2

i=583,led=2

i=584,led=2

i=585,led=2

i=586,led=2

i=587,led=2

i=588,led=2

i=589,led=2

i=590,led=2

i=591,led=2

i=592,led=2

i=593,led=4

i=594,led=4

i=595,led=4

i=596,led=4

i=597,led=4

i=598,led=4

i=599,led=4

i=600,led=4

i=601,led=4

i=602,led=4

i=603,led=4

i=604,led=8

i=605,led=8

i=606,led=8

i=607,led=8

i=608,led=8

i=609,led=8

i=610,led=8

i=611,led=8

i=612,led=8

i=613,led=8

i=614,led=8

i=615,led=1

i=616,led=1

i=617,led=1

i=618,led=1

i=619,led=1

i=620,led=1

i=621,led=1

i=622,led=1

i=623,led=1

i=624,led=1

i=625,led=1

i=626,led=2

i=627,led=2

i=628,led=2

i=629,led=2

i=630,led=2

i=631,led=2

i=632,led=2

i=633,led=2

i=634,led=2

i=635,led=2

i=636,led=2

i=637,led=4

i=638,led=4

i=639,led=4

i=640,led=4

i=641,led=4

i=642,led=4

i=643,led=4

i=644,led=4

i=645,led=4

i=646,led=4

i=647,led=4

i=648,led=8

i=649,led=8

i=650,led=8

i=651,led=8

i=652,led=8

i=653,led=8

i=654,led=8

i=655,led=8

i=656,led=8

i=657,led=8

i=658,led=8

i=659,led=1

i=660,led=1

i=661,led=1

i=662,led=1

i=663,led=1

i=664,led=1

i=665,led=1

i=666,led=1

i=667,led=1

i=668,led=1

i=669,led=1

i=670,led=2

i=671,led=2

i=672,led=2

i=673,led=2

i=674,led=2

i=675,led=2

i=676,led=2

i=677,led=2

i=678,led=2

i=679,led=2

i=680,led=2

i=681,led=4

i=682,led=4

i=683,led=4

i=684,led=4

i=685,led=4

i=686,led=4

i=687,led=4

i=688,led=4

i=689,led=4

i=690,led=4

i=691,led=4

i=692,led=8

i=693,led=8

i=694,led=8

i=695,led=8

i=696,led=8

i=697,led=8

i=698,led=8

i=699,led=8

i=700,led=8

i=701,led=8

i=702,led=8

i=703,led=1

i=704,led=1

i=705,led=1

i=706,led=1

i=707,led=1

i=708,led=1

i=709,led=1

i=710,led=1

i=711,led=1

i=712,led=1

i=713,led=1

i=714,led=2

i=715,led=2

i=716,led=2

i=717,led=2

i=718,led=2

i=719,led=2

i=720,led=2

i=721,led=2

i=722,led=2

i=723,led=2

i=724,led=2

i=725,led=4

i=726,led=4

i=727,led=4

i=728,led=4

i=729,led=4

i=730,led=4

i=731,led=4

i=732,led=4

i=733,led=4

i=734,led=4

i=735,led=4

i=736,led=8

i=737,led=8

i=738,led=8

i=739,led=8

i=740,led=8

i=741,led=8

i=742,led=8

i=743,led=8

i=744,led=8

i=745,led=8

i=746,led=8

i=747,led=1

i=748,led=1

i=749,led=1

i=750,led=1

i=751,led=1

i=752,led=1

i=753,led=1

i=754,led=1

i=755,led=1

i=756,led=1

i=757,led=1

i=758,led=2

i=759,led=2

i=760,led=2

i=761,led=2

i=762,led=2

i=763,led=2

i=764,led=2

i=765,led=2

i=766,led=2

i=767,led=2

i=768,led=2

i=769,led=4

i=770,led=4

i=771,led=4

i=772,led=4

i=773,led=4

i=774,led=4

i=775,led=4

i=776,led=4

i=777,led=4

i=778,led=4

i=779,led=4

i=780,led=8

i=781,led=8

i=782,led=8

i=783,led=8

i=784,led=8

i=785,led=8

i=786,led=8

i=787,led=8

i=788,led=8

i=789,led=8

i=790,led=8

i=791,led=1

i=792,led=1

i=793,led=1

i=794,led=1

i=795,led=1

i=796,led=1

i=797,led=1

i=798,led=1

i=799,led=1

i=800,led=1

i=801,led=1

i=802,led=2

i=803,led=2

i=804,led=2

i=805,led=2

i=806,led=2

i=807,led=2

i=808,led=2

i=809,led=2

i=810,led=2

i=811,led=2

i=812,led=2

i=813,led=4

i=814,led=4

i=815,led=4

i=816,led=4

i=817,led=4

i=818,led=4

i=819,led=4

i=820,led=4

i=821,led=4

i=822,led=4

i=823,led=4

i=824,led=8

i=825,led=8

i=826,led=8

i=827,led=8

i=828,led=8

i=829,led=8

i=830,led=8

i=831,led=8

i=832,led=8

i=833,led=8

i=834,led=8

i=835,led=1

i=836,led=1

i=837,led=1

i=838,led=1

i=839,led=1

i=840,led=1

i=841,led=1

i=842,led=1

i=843,led=1

i=844,led=1

i=845,led=1

i=846,led=2

i=847,led=2

i=848,led=2

i=849,led=2

i=850,led=2

i=851,led=2

i=852,led=2

i=853,led=2

i=854,led=2

i=855,led=2

i=856,led=2

i=857,led=4

i=858,led=4

i=859,led=4

i=860,led=4

i=861,led=4

i=862,led=4

i=863,led=4

i=864,led=4

i=865,led=4

i=866,led=4

i=867,led=4

i=868,led=8

i=869,led=8

i=870,led=8

i=871,led=8

i=872,led=8

i=873,led=8

i=874,led=8

i=875,led=8

i=876,led=8

i=877,led=8

i=878,led=8

i=879,led=1

i=880,led=1

i=881,led=1

i=882,led=1

i=883,led=1

i=884,led=1

i=885,led=1

i=886,led=1

i=887,led=1

i=888,led=1

i=889,led=1

i=890,led=2

i=891,led=2

i=892,led=2

i=893,led=2

i=894,led=2

i=895,led=2

i=896,led=2

i=897,led=2

i=898,led=2

i=899,led=2

i=900,led=2

i=901,led=4

i=902,led=4

i=903,led=4

i=904,led=4

i=905,led=4

i=906,led=4

i=907,led=4

i=908,led=4

i=909,led=4

i=910,led=4

i=911,led=4

i=912,led=8

i=913,led=8

i=914,led=8

i=915,led=8

i=916,led=8

i=917,led=8

i=918,led=8

i=919,led=8

i=920,led=8

i=921,led=8

i=922,led=8

i=923,led=1

i=924,led=1

i=925,led=1

i=926,led=1

i=927,led=1

i=928,led=1

i=929,led=1

i=930,led=1

i=931,led=1

i=932,led=1

i=933,led=1

i=934,led=2

i=935,led=2

i=936,led=2

i=937,led=2

i=938,led=2

i=939,led=2

i=940,led=2

i=941,led=2

i=942,led=2

i=943,led=2

i=944,led=2

i=945,led=4

i=946,led=4

i=947,led=4

i=948,led=4

i=949,led=4

i=950,led=4

i=951,led=4

i=952,led=4

i=953,led=4

i=954,led=4

i=955,led=4

i=956,led=8

i=957,led=8

i=958,led=8

i=959,led=8

i=960,led=8

i=961,led=8

i=962,led=8

i=963,led=8

i=964,led=8

i=965,led=8

i=966,led=8

i=967,led=1

i=968,led=1

i=969,led=1

i=970,led=1

i=971,led=1

i=972,led=1

i=973,led=1

i=974,led=1

i=975,led=1

i=976,led=1

i=977,led=1

i=978,led=2

i=979,led=2

i=980,led=2

i=981,led=2

i=982,led=2

i=983,led=2

i=984,led=2

i=985,led=2

i=986,led=2

i=987,led=2

i=988,led=2

i=989,led=4

i=990,led=4

i=991,led=4

i=992,led=4

i=993,led=4

i=994,led=4

i=995,led=4

i=996,led=4

i=997,led=4

i=998,led=4

i=999,led=4

INFO: [SIM 1] CSim done with 0 errors.
INFO: [SIM 3] *************** CSIM finish ***************
