Copyright 1986-2019 Xilinx, Inc. All Rights Reserved.
-------------------------------------------------------------------------------------------------
| Tool Version : Vivado v.2019.2 (win64) Build 2708876 Wed Nov  6 21:40:23 MST 2019
| Date         : Sun Jul  5 21:55:58 2020
| Host         : FXTVWR85EI30285 running 64-bit major release  (build 9200)
| Command      : report_incremental_reuse -file ddr3_read_write_incremental_reuse_pre_placed.rpt
| Design       : ddr3_read_write
| Device       : xc7k325t
| Design State : Fully Routed
-------------------------------------------------------------------------------------------------

Incremental Implementation Information

Table of Contents
-----------------
1. Reuse Summary
2. Reference Checkpoint Information
3. Comparison with Reference Run
4. Non Reuse Information

1. Reuse Summary
----------------

+-------+----------------------+--------------------+--------------------+--------+
|  Type | Matched % (of Total) | Reuse % (of Total) | Fixed % (of Total) |  Total |
+-------+----------------------+--------------------+--------------------+--------+
| Cells |               100.00 |             100.00 |               0.53 |  53957 |
| Nets  |                99.97 |              99.97 |               0.00 |  37409 |
| Pins  |                    - |              99.99 |                  - | 220509 |
| Ports |               100.00 |             100.00 |             100.00 |     75 |
+-------+----------------------+--------------------+--------------------+--------+


2. Reference Checkpoint Information
-----------------------------------

+----------------+----------------------------------------------------------------------------------------------------------------------------------------------------+
| DCP Location:  | C:/Users/Administrator/Desktop/K7325/DEMO/k717_ddr3_axi_read_write/k717_ddr3_axi_read_write.srcs/utils_1/imports/impl_2/ddr3_read_write_routed.dcp |
+----------------+----------------------------------------------------------------------------------------------------------------------------------------------------+


+--------------------------------+----------------------------+
|         DCP Information        |            Value           |
+--------------------------------+----------------------------+
| Vivado Version                 |                     2019.2 |
| DCP State                      |                 POST_ROUTE |
| Recorded WNS                   |                      0.898 |
| Recorded WHS                   |                     -0.409 |
| Reference Speed File Version   | PRODUCTION 1.12 2017-02-17 |
| Incremental Speed File Version | PRODUCTION 1.12 2017-02-17 |
+--------------------------------+----------------------------+
* Recorded WNS/WHS timing numbers are estimated timing numbers. They may vary slightly from sign-off timing numbers.


3. Comparison with Reference Run
--------------------------------

+-----------------+---------------------------+---------------------------+---------------------------+
|                 |          WNS(ns)          |  Runtime(elapsed)(hh:mm)  |    Runtime(cpu)(hh:mm)    |
+-----------------+-------------+-------------+-------------+-------------+-------------+-------------+
|      Stage      |  Reference  | Incremental |  Reference  | Incremental |  Reference  | Incremental |
+-----------------+-------------+-------------+-------------+-------------+-------------+-------------+
| synth_design    |             |             |       00:03 |       00:03 |       00:03 |       00:03 |
| opt_design      |             |             |       00:01 |       00:01 |       00:01 |       00:01 |
| read_checkpoint |             |             |             |     < 1 min |             |       00:01 |
+-----------------+-------------+-------------+-------------+-------------+-------------+-------------+


4. Non Reuse Information
------------------------

+-----------------------+------+
|          Type         |   %  |
+-----------------------+------+
| Non-Reused Cells      | 0.00 |
| Partially reused nets | 0.01 |
| Non-Reused nets       | 0.01 |
| Non-Reused Ports      | 0.00 |
+-----------------------+------+


