
*** Running vivado
    with args -log vedio_sobel.vds -m64 -product Vivado -mode batch -messageDb vivado.pb -notrace -source vedio_sobel.tcl


****** Vivado v2019.2 (64-bit)
  **** SW Build 2708876 on Wed Nov  6 21:40:23 MST 2019
  **** IP Build 2700528 on Thu Nov  7 00:09:20 MST 2019
    ** Copyright 1986-2019 Xilinx, Inc. All Rights Reserved.

source vedio_sobel.tcl -notrace
INFO: [IP_Flow 19-234] Refreshing IP repositories
INFO: [IP_Flow 19-1700] Loaded user IP repository 'c:/Users/Administrator/Desktop/K7325/DEMO/k715_vedio_sobel/tmds_ip'.
INFO: [IP_Flow 19-2313] Loaded Vivado IP repository 'C:/Xilinx/Vivado/2019.2/data/ip'.
WARNING: [IP_Flow 19-4995] The host OS only allows 260 characters in a normal path. The IP cache path is more than 80 characters. If you experience issues with IP caching, please consider changing the IP cache to a location with a shorter path. Alternately consider using the OS subst command to map part of the path to a drive letter. 
Current IP cache path is c:/Users/Administrator/Desktop/K7325/DEMO/k715_vedio_sobel/k715_vedio_sobel.cache/ip 
Command: synth_design -top vedio_sobel -part xc7k325tffg676-2
Starting synth_design
Attempting to get a license for feature 'Synthesis' and/or device 'xc7k325t'
INFO: [Common 17-349] Got license for feature 'Synthesis' and/or device 'xc7k325t'
INFO: [Device 21-403] Loading part xc7k325tffg676-2
INFO: Launching helper process for spawning children vivado processes
INFO: Helper process launched with PID 12728 
WARNING: [Synth 8-6901] identifier 'ack_state_reg' is used before its declaration [C:/Users/Administrator/Desktop/K7325/DEMO/k715_vedio_sobel/k715_vedio_sobel.srcs/sources_1/new/i2c_driver.v:30]
WARNING: [Synth 8-6901] identifier 'gx_tmp' is used before its declaration [C:/Users/Administrator/Desktop/K7325/DEMO/k715_vedio_sobel/k715_vedio_sobel.srcs/sources_1/new/image_sobel_process.v:86]
WARNING: [Synth 8-6901] identifier 'gy_tmp' is used before its declaration [C:/Users/Administrator/Desktop/K7325/DEMO/k715_vedio_sobel/k715_vedio_sobel.srcs/sources_1/new/image_sobel_process.v:86]
WARNING: [Synth 8-6901] identifier 'sobel_result' is used before its declaration [C:/Users/Administrator/Desktop/K7325/DEMO/k715_vedio_sobel/k715_vedio_sobel.srcs/sources_1/new/vedio_sobel.v:198]
---------------------------------------------------------------------------------
Starting RTL Elaboration : Time (s): cpu = 00:00:05 ; elapsed = 00:00:05 . Memory (MB): peak = 1029.965 ; gain = 240.996
---------------------------------------------------------------------------------
INFO: [Synth 8-6157] synthesizing module 'vedio_sobel' [C:/Users/Administrator/Desktop/K7325/DEMO/k715_vedio_sobel/k715_vedio_sobel.srcs/sources_1/new/vedio_sobel.v:1]
	Parameter VEDIO_X_LENTH bound to: 1024 - type: integer 
	Parameter VEDIO_Y_LENTH bound to: 720 - type: integer 
	Parameter VEDIO_X_START bound to: 0 - type: integer 
	Parameter VEDIO_Y_START bound to: 0 - type: integer 
	Parameter VEDIO_X_END bound to: 1024 - type: integer 
	Parameter VEDIO_Y_END bound to: 720 - type: integer 
	Parameter KEY_SWITCH_CNT_MAX bound to: 49999999 - type: integer 
INFO: [Synth 8-5534] Detected attribute (* mark_debug = "true" *) [C:/Users/Administrator/Desktop/K7325/DEMO/k715_vedio_sobel/k715_vedio_sobel.srcs/sources_1/new/vedio_sobel.v:41]
INFO: [Synth 8-5534] Detected attribute (* mark_debug = "true" *) [C:/Users/Administrator/Desktop/K7325/DEMO/k715_vedio_sobel/k715_vedio_sobel.srcs/sources_1/new/vedio_sobel.v:46]
INFO: [Synth 8-5534] Detected attribute (* mark_debug = "true" *) [C:/Users/Administrator/Desktop/K7325/DEMO/k715_vedio_sobel/k715_vedio_sobel.srcs/sources_1/new/vedio_sobel.v:47]
INFO: [Synth 8-5534] Detected attribute (* mark_debug = "true" *) [C:/Users/Administrator/Desktop/K7325/DEMO/k715_vedio_sobel/k715_vedio_sobel.srcs/sources_1/new/vedio_sobel.v:54]
INFO: [Synth 8-5534] Detected attribute (* mark_debug = "true" *) [C:/Users/Administrator/Desktop/K7325/DEMO/k715_vedio_sobel/k715_vedio_sobel.srcs/sources_1/new/vedio_sobel.v:62]
INFO: [Synth 8-5534] Detected attribute (* mark_debug = "true" *) [C:/Users/Administrator/Desktop/K7325/DEMO/k715_vedio_sobel/k715_vedio_sobel.srcs/sources_1/new/vedio_sobel.v:73]
INFO: [Synth 8-5534] Detected attribute (* mark_debug = "true" *) [C:/Users/Administrator/Desktop/K7325/DEMO/k715_vedio_sobel/k715_vedio_sobel.srcs/sources_1/new/vedio_sobel.v:74]
INFO: [Synth 8-5534] Detected attribute (* mark_debug = "true" *) [C:/Users/Administrator/Desktop/K7325/DEMO/k715_vedio_sobel/k715_vedio_sobel.srcs/sources_1/new/vedio_sobel.v:75]
INFO: [Synth 8-5534] Detected attribute (* mark_debug = "true" *) [C:/Users/Administrator/Desktop/K7325/DEMO/k715_vedio_sobel/k715_vedio_sobel.srcs/sources_1/new/vedio_sobel.v:79]
INFO: [Synth 8-5534] Detected attribute (* mark_debug = "true" *) [C:/Users/Administrator/Desktop/K7325/DEMO/k715_vedio_sobel/k715_vedio_sobel.srcs/sources_1/new/vedio_sobel.v:80]
INFO: [Synth 8-5534] Detected attribute (* mark_debug = "true" *) [C:/Users/Administrator/Desktop/K7325/DEMO/k715_vedio_sobel/k715_vedio_sobel.srcs/sources_1/new/vedio_sobel.v:304]
INFO: [Synth 8-5534] Detected attribute (* mark_debug = "true" *) [C:/Users/Administrator/Desktop/K7325/DEMO/k715_vedio_sobel/k715_vedio_sobel.srcs/sources_1/new/vedio_sobel.v:305]
INFO: [Synth 8-6157] synthesizing module 'power_on_reset' [C:/Users/Administrator/Desktop/K7325/DEMO/k715_vedio_sobel/k715_vedio_sobel.srcs/sources_1/new/power_on_reset.v:1]
WARNING: [Synth 8-6014] Unused sequential element cnt1_reg was removed.  [C:/Users/Administrator/Desktop/K7325/DEMO/k715_vedio_sobel/k715_vedio_sobel.srcs/sources_1/new/power_on_reset.v:20]
INFO: [Synth 8-6155] done synthesizing module 'power_on_reset' (1#1) [C:/Users/Administrator/Desktop/K7325/DEMO/k715_vedio_sobel/k715_vedio_sobel.srcs/sources_1/new/power_on_reset.v:1]
INFO: [Synth 8-6157] synthesizing module 'ov5640_reg_config' [C:/Users/Administrator/Desktop/K7325/DEMO/k715_vedio_sobel/k715_vedio_sobel.srcs/sources_1/new/ov5640_reg_config.v:2]
	Parameter IIC_REF_CLK_CNT bound to: 3000 - type: integer 
INFO: [Synth 8-6157] synthesizing module 'i2c_driver' [C:/Users/Administrator/Desktop/K7325/DEMO/k715_vedio_sobel/k715_vedio_sobel.srcs/sources_1/new/i2c_driver.v:1]
INFO: [Synth 8-6155] done synthesizing module 'i2c_driver' (2#1) [C:/Users/Administrator/Desktop/K7325/DEMO/k715_vedio_sobel/k715_vedio_sobel.srcs/sources_1/new/i2c_driver.v:1]
INFO: [Synth 8-155] case statement is not full and has no default [C:/Users/Administrator/Desktop/K7325/DEMO/k715_vedio_sobel/k715_vedio_sobel.srcs/sources_1/new/ov5640_reg_config.v:63]
WARNING: [Synth 8-5788] Register i2c_data_reg in module ov5640_reg_config is has both Set and reset with same priority. This may cause simulation mismatches. Consider rewriting code  [C:/Users/Administrator/Desktop/K7325/DEMO/k715_vedio_sobel/k715_vedio_sobel.srcs/sources_1/new/ov5640_reg_config.v:27]
INFO: [Synth 8-6155] done synthesizing module 'ov5640_reg_config' (3#1) [C:/Users/Administrator/Desktop/K7325/DEMO/k715_vedio_sobel/k715_vedio_sobel.srcs/sources_1/new/ov5640_reg_config.v:2]
INFO: [Synth 8-6157] synthesizing module 'ov5640_capture' [C:/Users/Administrator/Desktop/K7325/DEMO/k715_vedio_sobel/k715_vedio_sobel.srcs/sources_1/new/ov5640_capture.v:1]
INFO: [Synth 8-6155] done synthesizing module 'ov5640_capture' (4#1) [C:/Users/Administrator/Desktop/K7325/DEMO/k715_vedio_sobel/k715_vedio_sobel.srcs/sources_1/new/ov5640_capture.v:1]
INFO: [Synth 8-6157] synthesizing module 'clk_wiz_0' [C:/Users/Administrator/Desktop/K7325/DEMO/k715_vedio_sobel/k715_vedio_sobel.runs/synth_1/.Xil/Vivado-15668-FXTVWR85EI30285/realtime/clk_wiz_0_stub.v:5]
INFO: [Synth 8-6155] done synthesizing module 'clk_wiz_0' (5#1) [C:/Users/Administrator/Desktop/K7325/DEMO/k715_vedio_sobel/k715_vedio_sobel.runs/synth_1/.Xil/Vivado-15668-FXTVWR85EI30285/realtime/clk_wiz_0_stub.v:5]
INFO: [Synth 8-6157] synthesizing module 'rgb2dvi_0' [C:/Users/Administrator/Desktop/K7325/DEMO/k715_vedio_sobel/k715_vedio_sobel.runs/synth_1/.Xil/Vivado-15668-FXTVWR85EI30285/realtime/rgb2dvi_0_stub.v:6]
INFO: [Synth 8-6155] done synthesizing module 'rgb2dvi_0' (6#1) [C:/Users/Administrator/Desktop/K7325/DEMO/k715_vedio_sobel/k715_vedio_sobel.runs/synth_1/.Xil/Vivado-15668-FXTVWR85EI30285/realtime/rgb2dvi_0_stub.v:6]
INFO: [Synth 8-6157] synthesizing module 'vga_driver' [C:/Users/Administrator/Desktop/K7325/DEMO/k715_vedio_sobel/k715_vedio_sobel.srcs/sources_1/new/vga_driver.v:1]
INFO: [Synth 8-6157] synthesizing module 'vga_sync' [C:/Users/Administrator/Desktop/K7325/DEMO/k715_vedio_sobel/k715_vedio_sobel.srcs/sources_1/new/vga_sync.v:1]
	Parameter H_FRONT_PROCH bound to: 88 - type: integer 
	Parameter H_SYNC_TIME bound to: 44 - type: integer 
	Parameter H_BACK_PROCH bound to: 148 - type: integer 
	Parameter H_ADDR_TIME bound to: 1920 - type: integer 
	Parameter H_TIME_TOTAL bound to: 2200 - type: integer 
	Parameter H_ADDR_START_PIX bound to: 132 - type: integer 
	Parameter H_ADDR_END_PIX bound to: 2052 - type: integer 
	Parameter V_FRONT_PROCH bound to: 4 - type: integer 
	Parameter V_SYNC_TIME bound to: 5 - type: integer 
	Parameter V_BACK_PROCH bound to: 36 - type: integer 
	Parameter V_ADDR_TIME bound to: 1080 - type: integer 
	Parameter V_TIME_TOTAL bound to: 1125 - type: integer 
	Parameter V_ADDR_START_PIX bound to: 9 - type: integer 
	Parameter V_ADDR_END_PIX bound to: 1089 - type: integer 
INFO: [Synth 8-6155] done synthesizing module 'vga_sync' (7#1) [C:/Users/Administrator/Desktop/K7325/DEMO/k715_vedio_sobel/k715_vedio_sobel.srcs/sources_1/new/vga_sync.v:1]
INFO: [Synth 8-6155] done synthesizing module 'vga_driver' (8#1) [C:/Users/Administrator/Desktop/K7325/DEMO/k715_vedio_sobel/k715_vedio_sobel.srcs/sources_1/new/vga_driver.v:1]
INFO: [Synth 8-6157] synthesizing module 'blk_mem_gen_0' [C:/Users/Administrator/Desktop/K7325/DEMO/k715_vedio_sobel/k715_vedio_sobel.runs/synth_1/.Xil/Vivado-15668-FXTVWR85EI30285/realtime/blk_mem_gen_0_stub.v:6]
INFO: [Synth 8-6155] done synthesizing module 'blk_mem_gen_0' (9#1) [C:/Users/Administrator/Desktop/K7325/DEMO/k715_vedio_sobel/k715_vedio_sobel.runs/synth_1/.Xil/Vivado-15668-FXTVWR85EI30285/realtime/blk_mem_gen_0_stub.v:6]
WARNING: [Synth 8-689] width (21) of port connection 'addra' does not match port width (20) of module 'blk_mem_gen_0' [C:/Users/Administrator/Desktop/K7325/DEMO/k715_vedio_sobel/k715_vedio_sobel.srcs/sources_1/new/vedio_sobel.v:295]
WARNING: [Synth 8-689] width (21) of port connection 'addrb' does not match port width (20) of module 'blk_mem_gen_0' [C:/Users/Administrator/Desktop/K7325/DEMO/k715_vedio_sobel/k715_vedio_sobel.srcs/sources_1/new/vedio_sobel.v:299]
INFO: [Synth 8-6157] synthesizing module 'image_sobel_process' [C:/Users/Administrator/Desktop/K7325/DEMO/k715_vedio_sobel/k715_vedio_sobel.srcs/sources_1/new/image_sobel_process.v:1]
	Parameter VEDIO_X_LENTH bound to: 1024 - type: integer 
	Parameter VEDIO_Y_LENTH bound to: 720 - type: integer 
	Parameter KYR bound to: 306 - type: integer 
	Parameter KYG bound to: 601 - type: integer 
	Parameter KYB bound to: 116 - type: integer 
	Parameter OFFSET_Y bound to: 0 - type: integer 
INFO: [Synth 8-5534] Detected attribute (* mark_debug = "true" *) [C:/Users/Administrator/Desktop/K7325/DEMO/k715_vedio_sobel/k715_vedio_sobel.srcs/sources_1/new/image_sobel_process.v:14]
INFO: [Synth 8-5534] Detected attribute (* mark_debug = "true" *) [C:/Users/Administrator/Desktop/K7325/DEMO/k715_vedio_sobel/k715_vedio_sobel.srcs/sources_1/new/image_sobel_process.v:19]
INFO: [Synth 8-5534] Detected attribute (* mark_debug = "true" *) [C:/Users/Administrator/Desktop/K7325/DEMO/k715_vedio_sobel/k715_vedio_sobel.srcs/sources_1/new/image_sobel_process.v:20]
INFO: [Synth 8-5534] Detected attribute (* mark_debug = "true" *) [C:/Users/Administrator/Desktop/K7325/DEMO/k715_vedio_sobel/k715_vedio_sobel.srcs/sources_1/new/image_sobel_process.v:21]
INFO: [Synth 8-5534] Detected attribute (* mark_debug = "true" *) [C:/Users/Administrator/Desktop/K7325/DEMO/k715_vedio_sobel/k715_vedio_sobel.srcs/sources_1/new/image_sobel_process.v:22]
INFO: [Synth 8-5534] Detected attribute (* mark_debug = "true" *) [C:/Users/Administrator/Desktop/K7325/DEMO/k715_vedio_sobel/k715_vedio_sobel.srcs/sources_1/new/image_sobel_process.v:23]
INFO: [Synth 8-5534] Detected attribute (* mark_debug = "true" *) [C:/Users/Administrator/Desktop/K7325/DEMO/k715_vedio_sobel/k715_vedio_sobel.srcs/sources_1/new/image_sobel_process.v:25]
INFO: [Synth 8-5534] Detected attribute (* mark_debug = "true" *) [C:/Users/Administrator/Desktop/K7325/DEMO/k715_vedio_sobel/k715_vedio_sobel.srcs/sources_1/new/image_sobel_process.v:26]
INFO: [Synth 8-5534] Detected attribute (* mark_debug = "true" *) [C:/Users/Administrator/Desktop/K7325/DEMO/k715_vedio_sobel/k715_vedio_sobel.srcs/sources_1/new/image_sobel_process.v:88]
INFO: [Synth 8-5534] Detected attribute (* mark_debug = "true" *) [C:/Users/Administrator/Desktop/K7325/DEMO/k715_vedio_sobel/k715_vedio_sobel.srcs/sources_1/new/image_sobel_process.v:89]
INFO: [Synth 8-5534] Detected attribute (* mark_debug = "true" *) [C:/Users/Administrator/Desktop/K7325/DEMO/k715_vedio_sobel/k715_vedio_sobel.srcs/sources_1/new/image_sobel_process.v:91]
INFO: [Synth 8-5534] Detected attribute (* mark_debug = "true" *) [C:/Users/Administrator/Desktop/K7325/DEMO/k715_vedio_sobel/k715_vedio_sobel.srcs/sources_1/new/image_sobel_process.v:92]
INFO: [Synth 8-6157] synthesizing module 'fifo_generator_0' [C:/Users/Administrator/Desktop/K7325/DEMO/k715_vedio_sobel/k715_vedio_sobel.runs/synth_1/.Xil/Vivado-15668-FXTVWR85EI30285/realtime/fifo_generator_0_stub.v:6]
INFO: [Synth 8-6155] done synthesizing module 'fifo_generator_0' (10#1) [C:/Users/Administrator/Desktop/K7325/DEMO/k715_vedio_sobel/k715_vedio_sobel.runs/synth_1/.Xil/Vivado-15668-FXTVWR85EI30285/realtime/fifo_generator_0_stub.v:6]
INFO: [Synth 8-6071] Mark debug on the nets applies keep_hierarchy on instance 'fifo_generator_0_inst2'. This will prevent further optimization [C:/Users/Administrator/Desktop/K7325/DEMO/k715_vedio_sobel/k715_vedio_sobel.srcs/sources_1/new/image_sobel_process.v:126]
INFO: [Synth 8-6071] Mark debug on the nets applies keep_hierarchy on instance 'fifo_generator_0_inst1'. This will prevent further optimization [C:/Users/Administrator/Desktop/K7325/DEMO/k715_vedio_sobel/k715_vedio_sobel.srcs/sources_1/new/image_sobel_process.v:115]
INFO: [Synth 8-6155] done synthesizing module 'image_sobel_process' (11#1) [C:/Users/Administrator/Desktop/K7325/DEMO/k715_vedio_sobel/k715_vedio_sobel.srcs/sources_1/new/image_sobel_process.v:1]
INFO: [Synth 8-6071] Mark debug on the nets applies keep_hierarchy on instance 'blk_mem_gen_0_inst1'. This will prevent further optimization [C:/Users/Administrator/Desktop/K7325/DEMO/k715_vedio_sobel/k715_vedio_sobel.srcs/sources_1/new/vedio_sobel.v:290]
INFO: [Synth 8-6071] Mark debug on the nets applies keep_hierarchy on instance 'vga_driver_inst'. This will prevent further optimization [C:/Users/Administrator/Desktop/K7325/DEMO/k715_vedio_sobel/k715_vedio_sobel.srcs/sources_1/new/vedio_sobel.v:240]
INFO: [Synth 8-6071] Mark debug on the nets applies keep_hierarchy on instance 'rgb2dvi_0_inst2'. This will prevent further optimization [C:/Users/Administrator/Desktop/K7325/DEMO/k715_vedio_sobel/k715_vedio_sobel.srcs/sources_1/new/vedio_sobel.v:199]
INFO: [Synth 8-6071] Mark debug on the nets applies keep_hierarchy on instance 'rgb2dvi_0_inst1'. This will prevent further optimization [C:/Users/Administrator/Desktop/K7325/DEMO/k715_vedio_sobel/k715_vedio_sobel.srcs/sources_1/new/vedio_sobel.v:180]
INFO: [Synth 8-6155] done synthesizing module 'vedio_sobel' (12#1) [C:/Users/Administrator/Desktop/K7325/DEMO/k715_vedio_sobel/k715_vedio_sobel.srcs/sources_1/new/vedio_sobel.v:1]
WARNING: [Synth 8-3917] design vedio_sobel has port HDMI_OUT_EN1 driven by constant 1
WARNING: [Synth 8-3917] design vedio_sobel has port HDMI_OUT_EN2 driven by constant 1
---------------------------------------------------------------------------------
Finished RTL Elaboration : Time (s): cpu = 00:00:06 ; elapsed = 00:00:06 . Memory (MB): peak = 1081.410 ; gain = 292.441
---------------------------------------------------------------------------------

Report Check Netlist: 
+------+------------------+-------+---------+-------+------------------+
|      |Item              |Errors |Warnings |Status |Description       |
+------+------------------+-------+---------+-------+------------------+
|1     |multi_driven_nets |      0|        0|Passed |Multi driven nets |
+------+------------------+-------+---------+-------+------------------+
---------------------------------------------------------------------------------
Start Handling Custom Attributes
---------------------------------------------------------------------------------
---------------------------------------------------------------------------------
Finished Handling Custom Attributes : Time (s): cpu = 00:00:07 ; elapsed = 00:00:07 . Memory (MB): peak = 1081.410 ; gain = 292.441
---------------------------------------------------------------------------------
---------------------------------------------------------------------------------
Finished RTL Optimization Phase 1 : Time (s): cpu = 00:00:07 ; elapsed = 00:00:07 . Memory (MB): peak = 1081.410 ; gain = 292.441
---------------------------------------------------------------------------------
Netlist sorting complete. Time (s): cpu = 00:00:00 ; elapsed = 00:00:00.019 . Memory (MB): peak = 1081.410 ; gain = 0.000
INFO: [Project 1-570] Preparing netlist for logic optimization

Processing XDC Constraints
Initializing timing engine
Parsing XDC File [c:/Users/Administrator/Desktop/K7325/DEMO/k715_vedio_sobel/k715_vedio_sobel.srcs/sources_1/ip/fifo_generator_0/fifo_generator_0/fifo_generator_0_in_context.xdc] for cell 'image_sobel_process_inst1/fifo_generator_0_inst1'
Finished Parsing XDC File [c:/Users/Administrator/Desktop/K7325/DEMO/k715_vedio_sobel/k715_vedio_sobel.srcs/sources_1/ip/fifo_generator_0/fifo_generator_0/fifo_generator_0_in_context.xdc] for cell 'image_sobel_process_inst1/fifo_generator_0_inst1'
Parsing XDC File [c:/Users/Administrator/Desktop/K7325/DEMO/k715_vedio_sobel/k715_vedio_sobel.srcs/sources_1/ip/fifo_generator_0/fifo_generator_0/fifo_generator_0_in_context.xdc] for cell 'image_sobel_process_inst1/fifo_generator_0_inst2'
Finished Parsing XDC File [c:/Users/Administrator/Desktop/K7325/DEMO/k715_vedio_sobel/k715_vedio_sobel.srcs/sources_1/ip/fifo_generator_0/fifo_generator_0/fifo_generator_0_in_context.xdc] for cell 'image_sobel_process_inst1/fifo_generator_0_inst2'
Parsing XDC File [c:/Users/Administrator/Desktop/K7325/DEMO/k715_vedio_sobel/k715_vedio_sobel.srcs/sources_1/ip/blk_mem_gen_0/blk_mem_gen_0/blk_mem_gen_0_in_context.xdc] for cell 'blk_mem_gen_0_inst1'
Finished Parsing XDC File [c:/Users/Administrator/Desktop/K7325/DEMO/k715_vedio_sobel/k715_vedio_sobel.srcs/sources_1/ip/blk_mem_gen_0/blk_mem_gen_0/blk_mem_gen_0_in_context.xdc] for cell 'blk_mem_gen_0_inst1'
Parsing XDC File [c:/Users/Administrator/Desktop/K7325/DEMO/k715_vedio_sobel/k715_vedio_sobel.srcs/sources_1/ip/rgb2dvi_0/rgb2dvi_0/rgb2dvi_0_in_context.xdc] for cell 'rgb2dvi_0_inst1'
Finished Parsing XDC File [c:/Users/Administrator/Desktop/K7325/DEMO/k715_vedio_sobel/k715_vedio_sobel.srcs/sources_1/ip/rgb2dvi_0/rgb2dvi_0/rgb2dvi_0_in_context.xdc] for cell 'rgb2dvi_0_inst1'
Parsing XDC File [c:/Users/Administrator/Desktop/K7325/DEMO/k715_vedio_sobel/k715_vedio_sobel.srcs/sources_1/ip/rgb2dvi_0/rgb2dvi_0/rgb2dvi_0_in_context.xdc] for cell 'rgb2dvi_0_inst2'
Finished Parsing XDC File [c:/Users/Administrator/Desktop/K7325/DEMO/k715_vedio_sobel/k715_vedio_sobel.srcs/sources_1/ip/rgb2dvi_0/rgb2dvi_0/rgb2dvi_0_in_context.xdc] for cell 'rgb2dvi_0_inst2'
Parsing XDC File [c:/Users/Administrator/Desktop/K7325/DEMO/k715_vedio_sobel/k715_vedio_sobel.srcs/sources_1/ip/clk_wiz_0/clk_wiz_0/clk_wiz_0_in_context.xdc] for cell 'clk_wiz_0_inst'
Finished Parsing XDC File [c:/Users/Administrator/Desktop/K7325/DEMO/k715_vedio_sobel/k715_vedio_sobel.srcs/sources_1/ip/clk_wiz_0/clk_wiz_0/clk_wiz_0_in_context.xdc] for cell 'clk_wiz_0_inst'
Parsing XDC File [C:/Users/Administrator/Desktop/K7325/DEMO/k715_vedio_sobel/k715_vedio_sobel.srcs/constrs_1/new/vedio_sobel.xdc]
WARNING: [Vivado 12-584] No ports matched 'clk'. [C:/Users/Administrator/Desktop/K7325/DEMO/k715_vedio_sobel/k715_vedio_sobel.srcs/constrs_1/new/vedio_sobel.xdc:42]
WARNING: [Vivado 12-584] No ports matched 'clk'. [C:/Users/Administrator/Desktop/K7325/DEMO/k715_vedio_sobel/k715_vedio_sobel.srcs/constrs_1/new/vedio_sobel.xdc:50]
WARNING: [Vivado 12-507] No nets matched 'cmos_pclk1_IBUF'. [C:/Users/Administrator/Desktop/K7325/DEMO/k715_vedio_sobel/k715_vedio_sobel.srcs/constrs_1/new/vedio_sobel.xdc:93]
WARNING: [Vivado 12-507] No nets matched 'cmos_pclk2_IBUF'. [C:/Users/Administrator/Desktop/K7325/DEMO/k715_vedio_sobel/k715_vedio_sobel.srcs/constrs_1/new/vedio_sobel.xdc:94]
Finished Parsing XDC File [C:/Users/Administrator/Desktop/K7325/DEMO/k715_vedio_sobel/k715_vedio_sobel.srcs/constrs_1/new/vedio_sobel.xdc]
WARNING: [Project 1-498] One or more constraints failed evaluation while reading constraint file [C:/Users/Administrator/Desktop/K7325/DEMO/k715_vedio_sobel/k715_vedio_sobel.srcs/constrs_1/new/vedio_sobel.xdc] and the design contains unresolved black boxes. These constraints will be read post-synthesis (as long as their source constraint file is marked as used_in_implementation) and should be applied correctly then. You should review the constraints listed in the file [.Xil/vedio_sobel_propImpl.xdc] and check the run log file to verify that these constraints were correctly applied.
INFO: [Project 1-236] Implementation specific constraints were found while reading constraint file [C:/Users/Administrator/Desktop/K7325/DEMO/k715_vedio_sobel/k715_vedio_sobel.srcs/constrs_1/new/vedio_sobel.xdc]. These constraints will be ignored for synthesis but will be used in implementation. Impacted constraints are listed in the file [.Xil/vedio_sobel_propImpl.xdc].
Resolution: To avoid this warning, move constraints listed in [.Xil/vedio_sobel_propImpl.xdc] to another XDC file and exclude this new file from synthesis with the used_in_synthesis property (File Properties dialog in GUI) and re-run elaboration/synthesis.
Parsing XDC File [C:/Users/Administrator/Desktop/K7325/DEMO/k715_vedio_sobel/k715_vedio_sobel.runs/synth_1/dont_touch.xdc]
Finished Parsing XDC File [C:/Users/Administrator/Desktop/K7325/DEMO/k715_vedio_sobel/k715_vedio_sobel.runs/synth_1/dont_touch.xdc]
Completed Processing XDC Constraints

Netlist sorting complete. Time (s): cpu = 00:00:00 ; elapsed = 00:00:00 . Memory (MB): peak = 1209.988 ; gain = 0.000
INFO: [Project 1-111] Unisim Transformation Summary:
No Unisim elements were transformed.

Constraint Validation Runtime : Time (s): cpu = 00:00:00 ; elapsed = 00:00:00.010 . Memory (MB): peak = 1209.988 ; gain = 0.000
WARNING: [Timing 38-316] Clock period '20.000' specified during out-of-context synthesis of instance 'blk_mem_gen_0_inst1' at clock pin 'clkb' is different from the actual clock period '13.483', this can lead to different synthesis results.
---------------------------------------------------------------------------------
Finished Constraint Validation : Time (s): cpu = 00:00:15 ; elapsed = 00:00:15 . Memory (MB): peak = 1213.559 ; gain = 424.590
---------------------------------------------------------------------------------
---------------------------------------------------------------------------------
Start Loading Part and Timing Information
---------------------------------------------------------------------------------
Loading part: xc7k325tffg676-2
---------------------------------------------------------------------------------
Finished Loading Part and Timing Information : Time (s): cpu = 00:00:15 ; elapsed = 00:00:15 . Memory (MB): peak = 1213.559 ; gain = 424.590
---------------------------------------------------------------------------------
---------------------------------------------------------------------------------
Start Applying 'set_property' XDC Constraints
---------------------------------------------------------------------------------
Applied set_property IO_BUFFER_TYPE = NONE for TMDS_CLK_N1. (constraint file  c:/Users/Administrator/Desktop/K7325/DEMO/k715_vedio_sobel/k715_vedio_sobel.srcs/sources_1/ip/rgb2dvi_0/rgb2dvi_0/rgb2dvi_0_in_context.xdc, line 1).
Applied set_property CLOCK_BUFFER_TYPE = NONE for TMDS_CLK_N1. (constraint file  c:/Users/Administrator/Desktop/K7325/DEMO/k715_vedio_sobel/k715_vedio_sobel.srcs/sources_1/ip/rgb2dvi_0/rgb2dvi_0/rgb2dvi_0_in_context.xdc, line 2).
Applied set_property IO_BUFFER_TYPE = NONE for TMDS_CLK_P1. (constraint file  c:/Users/Administrator/Desktop/K7325/DEMO/k715_vedio_sobel/k715_vedio_sobel.srcs/sources_1/ip/rgb2dvi_0/rgb2dvi_0/rgb2dvi_0_in_context.xdc, line 3).
Applied set_property CLOCK_BUFFER_TYPE = NONE for TMDS_CLK_P1. (constraint file  c:/Users/Administrator/Desktop/K7325/DEMO/k715_vedio_sobel/k715_vedio_sobel.srcs/sources_1/ip/rgb2dvi_0/rgb2dvi_0/rgb2dvi_0_in_context.xdc, line 4).
Applied set_property IO_BUFFER_TYPE = NONE for TMDS_DATA_N1[0]. (constraint file  c:/Users/Administrator/Desktop/K7325/DEMO/k715_vedio_sobel/k715_vedio_sobel.srcs/sources_1/ip/rgb2dvi_0/rgb2dvi_0/rgb2dvi_0_in_context.xdc, line 5).
Applied set_property CLOCK_BUFFER_TYPE = NONE for TMDS_DATA_N1[0]. (constraint file  c:/Users/Administrator/Desktop/K7325/DEMO/k715_vedio_sobel/k715_vedio_sobel.srcs/sources_1/ip/rgb2dvi_0/rgb2dvi_0/rgb2dvi_0_in_context.xdc, line 6).
Applied set_property IO_BUFFER_TYPE = NONE for TMDS_DATA_N1[1]. (constraint file  c:/Users/Administrator/Desktop/K7325/DEMO/k715_vedio_sobel/k715_vedio_sobel.srcs/sources_1/ip/rgb2dvi_0/rgb2dvi_0/rgb2dvi_0_in_context.xdc, line 7).
Applied set_property CLOCK_BUFFER_TYPE = NONE for TMDS_DATA_N1[1]. (constraint file  c:/Users/Administrator/Desktop/K7325/DEMO/k715_vedio_sobel/k715_vedio_sobel.srcs/sources_1/ip/rgb2dvi_0/rgb2dvi_0/rgb2dvi_0_in_context.xdc, line 8).
Applied set_property IO_BUFFER_TYPE = NONE for TMDS_DATA_N1[2]. (constraint file  c:/Users/Administrator/Desktop/K7325/DEMO/k715_vedio_sobel/k715_vedio_sobel.srcs/sources_1/ip/rgb2dvi_0/rgb2dvi_0/rgb2dvi_0_in_context.xdc, line 9).
Applied set_property CLOCK_BUFFER_TYPE = NONE for TMDS_DATA_N1[2]. (constraint file  c:/Users/Administrator/Desktop/K7325/DEMO/k715_vedio_sobel/k715_vedio_sobel.srcs/sources_1/ip/rgb2dvi_0/rgb2dvi_0/rgb2dvi_0_in_context.xdc, line 10).
Applied set_property IO_BUFFER_TYPE = NONE for TMDS_DATA_P1[0]. (constraint file  c:/Users/Administrator/Desktop/K7325/DEMO/k715_vedio_sobel/k715_vedio_sobel.srcs/sources_1/ip/rgb2dvi_0/rgb2dvi_0/rgb2dvi_0_in_context.xdc, line 11).
Applied set_property CLOCK_BUFFER_TYPE = NONE for TMDS_DATA_P1[0]. (constraint file  c:/Users/Administrator/Desktop/K7325/DEMO/k715_vedio_sobel/k715_vedio_sobel.srcs/sources_1/ip/rgb2dvi_0/rgb2dvi_0/rgb2dvi_0_in_context.xdc, line 12).
Applied set_property IO_BUFFER_TYPE = NONE for TMDS_DATA_P1[1]. (constraint file  c:/Users/Administrator/Desktop/K7325/DEMO/k715_vedio_sobel/k715_vedio_sobel.srcs/sources_1/ip/rgb2dvi_0/rgb2dvi_0/rgb2dvi_0_in_context.xdc, line 13).
Applied set_property CLOCK_BUFFER_TYPE = NONE for TMDS_DATA_P1[1]. (constraint file  c:/Users/Administrator/Desktop/K7325/DEMO/k715_vedio_sobel/k715_vedio_sobel.srcs/sources_1/ip/rgb2dvi_0/rgb2dvi_0/rgb2dvi_0_in_context.xdc, line 14).
Applied set_property IO_BUFFER_TYPE = NONE for TMDS_DATA_P1[2]. (constraint file  c:/Users/Administrator/Desktop/K7325/DEMO/k715_vedio_sobel/k715_vedio_sobel.srcs/sources_1/ip/rgb2dvi_0/rgb2dvi_0/rgb2dvi_0_in_context.xdc, line 15).
Applied set_property CLOCK_BUFFER_TYPE = NONE for TMDS_DATA_P1[2]. (constraint file  c:/Users/Administrator/Desktop/K7325/DEMO/k715_vedio_sobel/k715_vedio_sobel.srcs/sources_1/ip/rgb2dvi_0/rgb2dvi_0/rgb2dvi_0_in_context.xdc, line 16).
Applied set_property IO_BUFFER_TYPE = NONE for TMDS_CLK_N2. (constraint file  c:/Users/Administrator/Desktop/K7325/DEMO/k715_vedio_sobel/k715_vedio_sobel.srcs/sources_1/ip/rgb2dvi_0/rgb2dvi_0/rgb2dvi_0_in_context.xdc, line 1).
Applied set_property CLOCK_BUFFER_TYPE = NONE for TMDS_CLK_N2. (constraint file  c:/Users/Administrator/Desktop/K7325/DEMO/k715_vedio_sobel/k715_vedio_sobel.srcs/sources_1/ip/rgb2dvi_0/rgb2dvi_0/rgb2dvi_0_in_context.xdc, line 2).
Applied set_property IO_BUFFER_TYPE = NONE for TMDS_CLK_P2. (constraint file  c:/Users/Administrator/Desktop/K7325/DEMO/k715_vedio_sobel/k715_vedio_sobel.srcs/sources_1/ip/rgb2dvi_0/rgb2dvi_0/rgb2dvi_0_in_context.xdc, line 3).
Applied set_property CLOCK_BUFFER_TYPE = NONE for TMDS_CLK_P2. (constraint file  c:/Users/Administrator/Desktop/K7325/DEMO/k715_vedio_sobel/k715_vedio_sobel.srcs/sources_1/ip/rgb2dvi_0/rgb2dvi_0/rgb2dvi_0_in_context.xdc, line 4).
Applied set_property IO_BUFFER_TYPE = NONE for TMDS_DATA_N2[0]. (constraint file  c:/Users/Administrator/Desktop/K7325/DEMO/k715_vedio_sobel/k715_vedio_sobel.srcs/sources_1/ip/rgb2dvi_0/rgb2dvi_0/rgb2dvi_0_in_context.xdc, line 5).
Applied set_property CLOCK_BUFFER_TYPE = NONE for TMDS_DATA_N2[0]. (constraint file  c:/Users/Administrator/Desktop/K7325/DEMO/k715_vedio_sobel/k715_vedio_sobel.srcs/sources_1/ip/rgb2dvi_0/rgb2dvi_0/rgb2dvi_0_in_context.xdc, line 6).
Applied set_property IO_BUFFER_TYPE = NONE for TMDS_DATA_N2[1]. (constraint file  c:/Users/Administrator/Desktop/K7325/DEMO/k715_vedio_sobel/k715_vedio_sobel.srcs/sources_1/ip/rgb2dvi_0/rgb2dvi_0/rgb2dvi_0_in_context.xdc, line 7).
Applied set_property CLOCK_BUFFER_TYPE = NONE for TMDS_DATA_N2[1]. (constraint file  c:/Users/Administrator/Desktop/K7325/DEMO/k715_vedio_sobel/k715_vedio_sobel.srcs/sources_1/ip/rgb2dvi_0/rgb2dvi_0/rgb2dvi_0_in_context.xdc, line 8).
Applied set_property IO_BUFFER_TYPE = NONE for TMDS_DATA_N2[2]. (constraint file  c:/Users/Administrator/Desktop/K7325/DEMO/k715_vedio_sobel/k715_vedio_sobel.srcs/sources_1/ip/rgb2dvi_0/rgb2dvi_0/rgb2dvi_0_in_context.xdc, line 9).
Applied set_property CLOCK_BUFFER_TYPE = NONE for TMDS_DATA_N2[2]. (constraint file  c:/Users/Administrator/Desktop/K7325/DEMO/k715_vedio_sobel/k715_vedio_sobel.srcs/sources_1/ip/rgb2dvi_0/rgb2dvi_0/rgb2dvi_0_in_context.xdc, line 10).
Applied set_property IO_BUFFER_TYPE = NONE for TMDS_DATA_P2[0]. (constraint file  c:/Users/Administrator/Desktop/K7325/DEMO/k715_vedio_sobel/k715_vedio_sobel.srcs/sources_1/ip/rgb2dvi_0/rgb2dvi_0/rgb2dvi_0_in_context.xdc, line 11).
Applied set_property CLOCK_BUFFER_TYPE = NONE for TMDS_DATA_P2[0]. (constraint file  c:/Users/Administrator/Desktop/K7325/DEMO/k715_vedio_sobel/k715_vedio_sobel.srcs/sources_1/ip/rgb2dvi_0/rgb2dvi_0/rgb2dvi_0_in_context.xdc, line 12).
Applied set_property IO_BUFFER_TYPE = NONE for TMDS_DATA_P2[1]. (constraint file  c:/Users/Administrator/Desktop/K7325/DEMO/k715_vedio_sobel/k715_vedio_sobel.srcs/sources_1/ip/rgb2dvi_0/rgb2dvi_0/rgb2dvi_0_in_context.xdc, line 13).
Applied set_property CLOCK_BUFFER_TYPE = NONE for TMDS_DATA_P2[1]. (constraint file  c:/Users/Administrator/Desktop/K7325/DEMO/k715_vedio_sobel/k715_vedio_sobel.srcs/sources_1/ip/rgb2dvi_0/rgb2dvi_0/rgb2dvi_0_in_context.xdc, line 14).
Applied set_property IO_BUFFER_TYPE = NONE for TMDS_DATA_P2[2]. (constraint file  c:/Users/Administrator/Desktop/K7325/DEMO/k715_vedio_sobel/k715_vedio_sobel.srcs/sources_1/ip/rgb2dvi_0/rgb2dvi_0/rgb2dvi_0_in_context.xdc, line 15).
Applied set_property CLOCK_BUFFER_TYPE = NONE for TMDS_DATA_P2[2]. (constraint file  c:/Users/Administrator/Desktop/K7325/DEMO/k715_vedio_sobel/k715_vedio_sobel.srcs/sources_1/ip/rgb2dvi_0/rgb2dvi_0/rgb2dvi_0_in_context.xdc, line 16).
Applied set_property IO_BUFFER_TYPE = NONE for clk50m. (constraint file  c:/Users/Administrator/Desktop/K7325/DEMO/k715_vedio_sobel/k715_vedio_sobel.srcs/sources_1/ip/clk_wiz_0/clk_wiz_0/clk_wiz_0_in_context.xdc, line 4).
Applied set_property CLOCK_BUFFER_TYPE = NONE for clk50m. (constraint file  c:/Users/Administrator/Desktop/K7325/DEMO/k715_vedio_sobel/k715_vedio_sobel.srcs/sources_1/ip/clk_wiz_0/clk_wiz_0/clk_wiz_0_in_context.xdc, line 5).
Applied set_property DONT_TOUCH = true for image_sobel_process_inst1/fifo_generator_0_inst1. (constraint file  auto generated constraint, line ).
Applied set_property DONT_TOUCH = true for image_sobel_process_inst1/fifo_generator_0_inst2. (constraint file  auto generated constraint, line ).
Applied set_property DONT_TOUCH = true for blk_mem_gen_0_inst1. (constraint file  auto generated constraint, line ).
Applied set_property DONT_TOUCH = true for rgb2dvi_0_inst1. (constraint file  auto generated constraint, line ).
Applied set_property DONT_TOUCH = true for rgb2dvi_0_inst2. (constraint file  auto generated constraint, line ).
Applied set_property DONT_TOUCH = true for clk_wiz_0_inst. (constraint file  auto generated constraint, line ).
---------------------------------------------------------------------------------
Finished applying 'set_property' XDC Constraints : Time (s): cpu = 00:00:15 ; elapsed = 00:00:16 . Memory (MB): peak = 1213.559 ; gain = 424.590
---------------------------------------------------------------------------------
INFO: [Synth 8-802] inferred FSM for state register 'config_step_reg' in module 'ov5640_reg_config'
---------------------------------------------------------------------------------------------------
                   State |                     New Encoding |                Previous Encoding 
---------------------------------------------------------------------------------------------------
                  iSTATE |                              001 |                               00
                 iSTATE0 |                              010 |                               01
                 iSTATE1 |                              100 |                               10
---------------------------------------------------------------------------------------------------
INFO: [Synth 8-3354] encoded FSM with state register 'config_step_reg' using encoding 'one-hot' in module 'ov5640_reg_config'
---------------------------------------------------------------------------------
Finished RTL Optimization Phase 2 : Time (s): cpu = 00:00:16 ; elapsed = 00:00:16 . Memory (MB): peak = 1213.559 ; gain = 424.590
---------------------------------------------------------------------------------
INFO: [Synth 8-223] decloning instance 'power_on_reset_inst1' (power_on_reset) to 'power_on_reset_inst2'

Report RTL Partitions: 
+-+--------------+------------+----------+
| |RTL Partition |Replication |Instances |
+-+--------------+------------+----------+
+-+--------------+------------+----------+
---------------------------------------------------------------------------------
Start RTL Component Statistics 
---------------------------------------------------------------------------------
Detailed RTL Component Info : 
+---Adders : 
	   2 Input     26 Bit       Adders := 2     
	   2 Input     24 Bit       Adders := 1     
	   2 Input     13 Bit       Adders := 4     
	   9 Input     13 Bit       Adders := 2     
	   2 Input     12 Bit       Adders := 2     
	   2 Input     11 Bit       Adders := 3     
	   2 Input      9 Bit       Adders := 4     
	   3 Input      8 Bit       Adders := 1     
	   2 Input      6 Bit       Adders := 2     
	   2 Input      4 Bit       Adders := 2     
	   2 Input      1 Bit       Adders := 2     
+---Registers : 
	               32 Bit    Registers := 4     
	               24 Bit    Registers := 1     
	               16 Bit    Registers := 4     
	               13 Bit    Registers := 4     
	               11 Bit    Registers := 2     
	                9 Bit    Registers := 4     
	                8 Bit    Registers := 11    
	                6 Bit    Registers := 2     
	                4 Bit    Registers := 2     
	                1 Bit    Registers := 29    
+---Muxes : 
	   2 Input     26 Bit        Muxes := 2     
	   2 Input     24 Bit        Muxes := 2     
	   2 Input     21 Bit        Muxes := 1     
	   2 Input     16 Bit        Muxes := 4     
	   2 Input     13 Bit        Muxes := 4     
	   2 Input     12 Bit        Muxes := 2     
	   2 Input     11 Bit        Muxes := 8     
	   2 Input      8 Bit        Muxes := 2     
	   2 Input      6 Bit        Muxes := 4     
	   2 Input      1 Bit        Muxes := 19    
	  43 Input      1 Bit        Muxes := 10    
	   3 Input      1 Bit        Muxes := 4     
---------------------------------------------------------------------------------
Finished RTL Component Statistics 
---------------------------------------------------------------------------------
---------------------------------------------------------------------------------
Start RTL Hierarchical Component Statistics 
---------------------------------------------------------------------------------
Hierarchical RTL Component report 
Module vedio_sobel 
Detailed RTL Component Info : 
+---Adders : 
	   2 Input     26 Bit       Adders := 2     
	   2 Input     11 Bit       Adders := 1     
+---Registers : 
	               32 Bit    Registers := 2     
	               11 Bit    Registers := 2     
	                1 Bit    Registers := 2     
+---Muxes : 
	   2 Input     26 Bit        Muxes := 2     
	   2 Input     21 Bit        Muxes := 1     
	   2 Input     16 Bit        Muxes := 2     
	   2 Input     11 Bit        Muxes := 6     
	   2 Input      1 Bit        Muxes := 9     
Module power_on_reset 
Detailed RTL Component Info : 
+---Registers : 
	                1 Bit    Registers := 2     
+---Muxes : 
	   2 Input      1 Bit        Muxes := 1     
Module i2c_driver 
Detailed RTL Component Info : 
+---Adders : 
	   2 Input      6 Bit       Adders := 1     
+---Registers : 
	                6 Bit    Registers := 1     
	                1 Bit    Registers := 4     
+---Muxes : 
	   2 Input      6 Bit        Muxes := 2     
	  43 Input      1 Bit        Muxes := 5     
Module ov5640_reg_config 
Detailed RTL Component Info : 
+---Adders : 
	   2 Input     12 Bit       Adders := 1     
	   2 Input      9 Bit       Adders := 2     
+---Registers : 
	               32 Bit    Registers := 1     
	               16 Bit    Registers := 1     
	                9 Bit    Registers := 2     
	                1 Bit    Registers := 3     
+---Muxes : 
	   2 Input     12 Bit        Muxes := 1     
	   3 Input      1 Bit        Muxes := 2     
Module ov5640_capture 
Detailed RTL Component Info : 
+---Adders : 
	   2 Input      4 Bit       Adders := 1     
	   2 Input      1 Bit       Adders := 1     
+---Registers : 
	               16 Bit    Registers := 1     
	                8 Bit    Registers := 1     
	                4 Bit    Registers := 1     
	                1 Bit    Registers := 5     
+---Muxes : 
	   2 Input     16 Bit        Muxes := 1     
	   2 Input      8 Bit        Muxes := 1     
	   2 Input      1 Bit        Muxes := 4     
Module vga_sync 
Detailed RTL Component Info : 
+---Adders : 
	   2 Input     13 Bit       Adders := 2     
	   2 Input     11 Bit       Adders := 2     
+---Registers : 
	               13 Bit    Registers := 2     
	                1 Bit    Registers := 1     
+---Muxes : 
	   2 Input     13 Bit        Muxes := 2     
	   2 Input     11 Bit        Muxes := 2     
	   2 Input      1 Bit        Muxes := 1     
Module image_sobel_process 
Detailed RTL Component Info : 
+---Adders : 
	   2 Input     24 Bit       Adders := 1     
	   9 Input     13 Bit       Adders := 2     
	   2 Input     13 Bit       Adders := 2     
	   3 Input      8 Bit       Adders := 1     
+---Registers : 
	               24 Bit    Registers := 1     
	               13 Bit    Registers := 2     
	                8 Bit    Registers := 9     
+---Muxes : 
	   2 Input     24 Bit        Muxes := 2     
	   2 Input     13 Bit        Muxes := 2     
---------------------------------------------------------------------------------
Finished RTL Hierarchical Component Statistics
---------------------------------------------------------------------------------
---------------------------------------------------------------------------------
Start Part Resource Summary
---------------------------------------------------------------------------------
Part Resources:
DSPs: 840 (col length:140)
BRAMs: 890 (col length: RAMB18 140 RAMB36 70)
---------------------------------------------------------------------------------
Finished Part Resource Summary
---------------------------------------------------------------------------------
---------------------------------------------------------------------------------
Start Cross Boundary and Area Optimization
---------------------------------------------------------------------------------
Warning: Parallel synthesis criteria is not met 
DSP Report: Generating DSP ycbcr_y_tmp0, operation Mode is: A*(B:0x74).
DSP Report: operator ycbcr_y_tmp0 is absorbed into DSP ycbcr_y_tmp0.
DSP Report: Generating DSP ycbcr_y_tmp, operation Mode is: PCIN+(A:0x132)*B.
DSP Report: operator ycbcr_y_tmp is absorbed into DSP ycbcr_y_tmp.
DSP Report: operator ycbcr_y_tmp1 is absorbed into DSP ycbcr_y_tmp.
DSP Report: Generating DSP ycbcr_y_tmp, operation Mode is: PCIN+(A:0x259)*B.
DSP Report: operator ycbcr_y_tmp is absorbed into DSP ycbcr_y_tmp.
DSP Report: operator ycbcr_y_tmp1 is absorbed into DSP ycbcr_y_tmp.
Why this net has no driver: _order_recur <const0>
WARNING: [Synth 8-3917] design vedio_sobel has port HDMI_OUT_EN1 driven by constant 1
WARNING: [Synth 8-3917] design vedio_sobel has port HDMI_OUT_EN2 driven by constant 1
INFO: [Synth 8-3886] merging instance 'ov5640_reg_config_inst2/i2c_data_reg[14]' (FDE) to 'ov5640_reg_config_inst2/i2c_data_reg[31]'
INFO: [Synth 8-3886] merging instance 'ov5640_reg_config_inst2/i2c_data_reg[27]' (FDE) to 'ov5640_reg_config_inst2/i2c_data_reg[30]'
INFO: [Synth 8-3886] merging instance 'ov5640_reg_config_inst2/i2c_data_reg[28]' (FDE) to 'ov5640_reg_config_inst2/i2c_data_reg[30]'
INFO: [Synth 8-3886] merging instance 'ov5640_reg_config_inst2/i2c_data_reg[29]' (FDE) to 'ov5640_reg_config_inst2/i2c_data_reg[30]'
INFO: [Synth 8-3333] propagating constant 1 across sequential element (\ov5640_reg_config_inst2/i2c_data_reg[30] )
INFO: [Synth 8-3886] merging instance 'ov5640_reg_config_inst2/i2c_data_reg[31]' (FDE) to 'ov5640_reg_config_inst2/i2c_data_reg[26]'
INFO: [Synth 8-3886] merging instance 'ov5640_reg_config_inst2/i2c_data_reg[23]' (FDE) to 'ov5640_reg_config_inst2/i2c_data_reg[26]'
INFO: [Synth 8-3886] merging instance 'ov5640_reg_config_inst2/i2c_data_reg[24]' (FDE) to 'ov5640_reg_config_inst2/i2c_data_reg[26]'
INFO: [Synth 8-3886] merging instance 'ov5640_reg_config_inst2/i2c_data_reg[25]' (FDE) to 'ov5640_reg_config_inst2/i2c_data_reg[26]'
INFO: [Synth 8-3333] propagating constant 0 across sequential element (\ov5640_reg_config_inst2/i2c_data_reg[26] )
INFO: [Synth 8-3886] merging instance 'ov5640_reg_config_inst1/i2c_data_reg[14]' (FDE) to 'ov5640_reg_config_inst1/i2c_data_reg[23]'
INFO: [Synth 8-3886] merging instance 'ov5640_reg_config_inst1/i2c_data_reg[27]' (FDE) to 'ov5640_reg_config_inst1/i2c_data_reg[28]'
INFO: [Synth 8-3886] merging instance 'ov5640_reg_config_inst1/i2c_data_reg[28]' (FDE) to 'ov5640_reg_config_inst1/i2c_data_reg[29]'
INFO: [Synth 8-3886] merging instance 'ov5640_reg_config_inst1/i2c_data_reg[29]' (FDE) to 'ov5640_reg_config_inst1/i2c_data_reg[30]'
INFO: [Synth 8-3333] propagating constant 1 across sequential element (\ov5640_reg_config_inst1/i2c_data_reg[30] )
INFO: [Synth 8-3886] merging instance 'ov5640_reg_config_inst1/i2c_data_reg[31]' (FDE) to 'ov5640_reg_config_inst1/i2c_data_reg[23]'
INFO: [Synth 8-3886] merging instance 'ov5640_reg_config_inst1/i2c_data_reg[23]' (FDE) to 'ov5640_reg_config_inst1/i2c_data_reg[24]'
INFO: [Synth 8-3886] merging instance 'ov5640_reg_config_inst1/i2c_data_reg[24]' (FDE) to 'ov5640_reg_config_inst1/i2c_data_reg[25]'
INFO: [Synth 8-3886] merging instance 'ov5640_reg_config_inst1/i2c_data_reg[25]' (FDE) to 'ov5640_reg_config_inst1/i2c_data_reg[26]'
INFO: [Synth 8-3333] propagating constant 0 across sequential element (\ov5640_reg_config_inst1/i2c_data_reg[26] )
INFO: [Synth 8-3886] merging instance 'cnt_key2_detect_reg_reg[26]' (FDCE) to 'cnt_key2_detect_reg_reg[27]'
INFO: [Synth 8-3886] merging instance 'cnt_key2_detect_reg_reg[27]' (FDCE) to 'cnt_key2_detect_reg_reg[28]'
INFO: [Synth 8-3886] merging instance 'cnt_key2_detect_reg_reg[28]' (FDCE) to 'cnt_key2_detect_reg_reg[29]'
INFO: [Synth 8-3886] merging instance 'cnt_key2_detect_reg_reg[29]' (FDCE) to 'cnt_key2_detect_reg_reg[30]'
INFO: [Synth 8-3886] merging instance 'cnt_key2_detect_reg_reg[30]' (FDCE) to 'cnt_key2_detect_reg_reg[31]'
INFO: [Synth 8-3333] propagating constant 0 across sequential element (\cnt_key2_detect_reg_reg[31] )
INFO: [Synth 8-3886] merging instance 'cnt_key1_detect_reg_reg[30]' (FDCE) to 'cnt_key1_detect_reg_reg[31]'
INFO: [Synth 8-3886] merging instance 'cnt_key1_detect_reg_reg[31]' (FDCE) to 'cnt_key1_detect_reg_reg[29]'
INFO: [Synth 8-3886] merging instance 'cnt_key1_detect_reg_reg[29]' (FDCE) to 'cnt_key1_detect_reg_reg[28]'
INFO: [Synth 8-3886] merging instance 'cnt_key1_detect_reg_reg[28]' (FDCE) to 'cnt_key1_detect_reg_reg[27]'
INFO: [Synth 8-3886] merging instance 'cnt_key1_detect_reg_reg[27]' (FDCE) to 'cnt_key1_detect_reg_reg[26]'
INFO: [Synth 8-3333] propagating constant 0 across sequential element (\cnt_key1_detect_reg_reg[26] )
INFO: [Synth 8-3886] merging instance 'ov5640_reg_config_inst2/clock_iic_ref_cnt_reg[12]' (FDC) to 'ov5640_reg_config_inst1/clock_iic_ref_cnt_reg[12]'
INFO: [Synth 8-3886] merging instance 'ov5640_reg_config_inst2/clock_iic_ref_cnt_reg[13]' (FDC) to 'ov5640_reg_config_inst1/clock_iic_ref_cnt_reg[12]'
INFO: [Synth 8-3886] merging instance 'ov5640_reg_config_inst2/clock_iic_ref_cnt_reg[14]' (FDC) to 'ov5640_reg_config_inst1/clock_iic_ref_cnt_reg[12]'
INFO: [Synth 8-3886] merging instance 'ov5640_reg_config_inst2/clock_iic_ref_cnt_reg[15]' (FDC) to 'ov5640_reg_config_inst1/clock_iic_ref_cnt_reg[12]'
INFO: [Synth 8-3886] merging instance 'ov5640_reg_config_inst1/clock_iic_ref_cnt_reg[12]' (FDC) to 'ov5640_reg_config_inst1/clock_iic_ref_cnt_reg[13]'
INFO: [Synth 8-3886] merging instance 'ov5640_reg_config_inst1/clock_iic_ref_cnt_reg[13]' (FDC) to 'ov5640_reg_config_inst1/clock_iic_ref_cnt_reg[14]'
INFO: [Synth 8-3886] merging instance 'ov5640_reg_config_inst1/clock_iic_ref_cnt_reg[14]' (FDC) to 'ov5640_reg_config_inst1/clock_iic_ref_cnt_reg[15]'
INFO: [Synth 8-3333] propagating constant 0 across sequential element (\ov5640_reg_config_inst1/clock_iic_ref_cnt_reg[15] )
---------------------------------------------------------------------------------
Finished Cross Boundary and Area Optimization : Time (s): cpu = 00:00:26 ; elapsed = 00:00:28 . Memory (MB): peak = 1213.559 ; gain = 424.590
---------------------------------------------------------------------------------
---------------------------------------------------------------------------------
Start ROM, RAM, DSP and Shift Register Reporting
---------------------------------------------------------------------------------

ROM:
+------------------+----------------------------------+---------------+----------------+
|Module Name       | RTL Object                       | Depth x Width | Implemented As | 
+------------------+----------------------------------+---------------+----------------+
|ov5640_reg_config | reg_data                         | 512x23        | LUT            | 
|vedio_sobel       | ov5640_reg_config_inst1/reg_data | 512x23        | LUT            | 
|vedio_sobel       | ov5640_reg_config_inst2/reg_data | 512x23        | LUT            | 
+------------------+----------------------------------+---------------+----------------+


DSP: Preliminary Mapping	Report (see note below)
+--------------------+------------------+--------+--------+--------+--------+--------+------+------+------+------+-------+------+------+
|Module Name         | DSP Mapping      | A Size | B Size | C Size | D Size | P Size | AREG | BREG | CREG | DREG | ADREG | MREG | PREG | 
+--------------------+------------------+--------+--------+--------+--------+--------+------+------+------+------+-------+------+------+
|image_sobel_process | A*(B:0x74)       | 8      | 7      | -      | -      | 15     | 0    | 0    | -    | -    | -     | 0    | 0    | 
|image_sobel_process | PCIN+(A:0x132)*B | 9      | 8      | -      | -      | 18     | 0    | 0    | -    | -    | -     | 0    | 0    | 
|image_sobel_process | PCIN+(A:0x259)*B | 10     | 8      | -      | -      | 18     | 0    | 0    | -    | -    | -     | 0    | 0    | 
+--------------------+------------------+--------+--------+--------+--------+--------+------+------+------+------+-------+------+------+

Note: The table above is a preliminary report that shows the DSPs inferred at the current stage of the synthesis flow. Some DSP may be reimplemented as non DSP primitives later in the synthesis flow. Multiple instantiated DSPs are reported only once.
---------------------------------------------------------------------------------
Finished ROM, RAM, DSP and Shift Register Reporting
---------------------------------------------------------------------------------

Report RTL Partitions: 
+-+--------------+------------+----------+
| |RTL Partition |Replication |Instances |
+-+--------------+------------+----------+
+-+--------------+------------+----------+
---------------------------------------------------------------------------------
Start Applying XDC Timing Constraints
---------------------------------------------------------------------------------
---------------------------------------------------------------------------------
Finished Applying XDC Timing Constraints : Time (s): cpu = 00:00:40 ; elapsed = 00:00:42 . Memory (MB): peak = 1227.559 ; gain = 438.590
---------------------------------------------------------------------------------
---------------------------------------------------------------------------------
Start Timing Optimization
---------------------------------------------------------------------------------
---------------------------------------------------------------------------------
Finished Timing Optimization : Time (s): cpu = 00:00:41 ; elapsed = 00:00:42 . Memory (MB): peak = 1238.645 ; gain = 449.676
---------------------------------------------------------------------------------

Report RTL Partitions: 
+-+--------------+------------+----------+
| |RTL Partition |Replication |Instances |
+-+--------------+------------+----------+
+-+--------------+------------+----------+
---------------------------------------------------------------------------------
Start Technology Mapping
---------------------------------------------------------------------------------
---------------------------------------------------------------------------------
Finished Technology Mapping : Time (s): cpu = 00:00:41 ; elapsed = 00:00:43 . Memory (MB): peak = 1255.750 ; gain = 466.781
---------------------------------------------------------------------------------

Report RTL Partitions: 
+-+--------------+------------+----------+
| |RTL Partition |Replication |Instances |
+-+--------------+------------+----------+
+-+--------------+------------+----------+
---------------------------------------------------------------------------------
Start IO Insertion
---------------------------------------------------------------------------------
---------------------------------------------------------------------------------
Start Flattening Before IO Insertion
---------------------------------------------------------------------------------
---------------------------------------------------------------------------------
Finished Flattening Before IO Insertion
---------------------------------------------------------------------------------
---------------------------------------------------------------------------------
Start Final Netlist Cleanup
---------------------------------------------------------------------------------
INFO: [Synth 8-5365] Flop ov5640_reg_config_inst1/i2c_driver_inst1/ack_state_reg_reg is being inverted and renamed to ov5640_reg_config_inst1/i2c_driver_inst1/ack_state_reg_reg_inv.
INFO: [Synth 8-5365] Flop ov5640_reg_config_inst2/i2c_driver_inst1/ack_state_reg_reg is being inverted and renamed to ov5640_reg_config_inst2/i2c_driver_inst1/ack_state_reg_reg_inv.
---------------------------------------------------------------------------------
Finished Final Netlist Cleanup
---------------------------------------------------------------------------------
---------------------------------------------------------------------------------
Finished IO Insertion : Time (s): cpu = 00:00:46 ; elapsed = 00:00:48 . Memory (MB): peak = 1260.438 ; gain = 471.469
---------------------------------------------------------------------------------
---------------------------------------------------------------------------------
Start Renaming Generated Instances
---------------------------------------------------------------------------------
---------------------------------------------------------------------------------
Finished Renaming Generated Instances : Time (s): cpu = 00:00:46 ; elapsed = 00:00:48 . Memory (MB): peak = 1260.438 ; gain = 471.469
---------------------------------------------------------------------------------

Report RTL Partitions: 
+-+--------------+------------+----------+
| |RTL Partition |Replication |Instances |
+-+--------------+------------+----------+
+-+--------------+------------+----------+

Report Check Netlist: 
+------+------------------+-------+---------+-------+------------------+
|      |Item              |Errors |Warnings |Status |Description       |
+------+------------------+-------+---------+-------+------------------+
|1     |multi_driven_nets |      0|        0|Passed |Multi driven nets |
+------+------------------+-------+---------+-------+------------------+
---------------------------------------------------------------------------------
Start Rebuilding User Hierarchy
---------------------------------------------------------------------------------
---------------------------------------------------------------------------------
Finished Rebuilding User Hierarchy : Time (s): cpu = 00:00:46 ; elapsed = 00:00:48 . Memory (MB): peak = 1260.438 ; gain = 471.469
---------------------------------------------------------------------------------
---------------------------------------------------------------------------------
Start Renaming Generated Ports
---------------------------------------------------------------------------------
---------------------------------------------------------------------------------
Finished Renaming Generated Ports : Time (s): cpu = 00:00:46 ; elapsed = 00:00:48 . Memory (MB): peak = 1260.438 ; gain = 471.469
---------------------------------------------------------------------------------
---------------------------------------------------------------------------------
Start Handling Custom Attributes
---------------------------------------------------------------------------------
---------------------------------------------------------------------------------
Finished Handling Custom Attributes : Time (s): cpu = 00:00:47 ; elapsed = 00:00:48 . Memory (MB): peak = 1260.438 ; gain = 471.469
---------------------------------------------------------------------------------
---------------------------------------------------------------------------------
Start Renaming Generated Nets
---------------------------------------------------------------------------------
---------------------------------------------------------------------------------
Finished Renaming Generated Nets : Time (s): cpu = 00:00:47 ; elapsed = 00:00:48 . Memory (MB): peak = 1260.438 ; gain = 471.469
---------------------------------------------------------------------------------
---------------------------------------------------------------------------------
Start Writing Synthesis Report
---------------------------------------------------------------------------------

Report BlackBoxes: 
+------+-----------------+----------+
|      |BlackBox name    |Instances |
+------+-----------------+----------+
|1     |fifo_generator_0 |         2|
|2     |clk_wiz_0        |         1|
|3     |rgb2dvi_0        |         2|
|4     |blk_mem_gen_0    |         1|
+------+-----------------+----------+

Report Cell Usage: 
+------+--------------------+------+
|      |Cell                |Count |
+------+--------------------+------+
|1     |blk_mem_gen_0       |     1|
|2     |clk_wiz_0           |     1|
|3     |fifo_generator_0    |     1|
|4     |fifo_generator_0__2 |     1|
|5     |rgb2dvi_0           |     1|
|6     |rgb2dvi_0__2        |     1|
|7     |BUFG                |     4|
|8     |CARRY4              |    74|
|9     |DSP48E1             |     3|
|10    |LUT1                |    75|
|11    |LUT2                |   214|
|12    |LUT3                |   150|
|13    |LUT4                |    76|
|14    |LUT5                |    78|
|15    |LUT6                |   334|
|16    |MUXF7               |    64|
|17    |FDCE                |   403|
|18    |FDPE                |    20|
|19    |FDRE                |    62|
|20    |IBUF                |    25|
|21    |OBUF                |    10|
|22    |OBUFT               |     2|
+------+--------------------+------+

Report Instance Areas: 
+------+----------------------------+--------------------+------+
|      |Instance                    |Module              |Cells |
+------+----------------------------+--------------------+------+
|1     |top                         |                    |  1649|
|2     |  vga_driver_inst           |vga_driver          |   103|
|3     |    vga_sync_inst           |vga_sync            |   103|
|4     |  image_sobel_process_inst1 |image_sobel_process |   382|
|5     |  ov5640_capture_inst1      |ov5640_capture      |    70|
|6     |  ov5640_capture_inst2      |ov5640_capture_0    |    53|
|7     |  ov5640_reg_config_inst1   |ov5640_reg_config   |   287|
|8     |    i2c_driver_inst1        |i2c_driver_2        |    43|
|9     |  ov5640_reg_config_inst2   |ov5640_reg_config_1 |   286|
|10    |    i2c_driver_inst1        |i2c_driver          |    43|
|11    |  power_on_reset_inst1      |power_on_reset      |    32|
+------+----------------------------+--------------------+------+
---------------------------------------------------------------------------------
Finished Writing Synthesis Report : Time (s): cpu = 00:00:47 ; elapsed = 00:00:48 . Memory (MB): peak = 1260.438 ; gain = 471.469
---------------------------------------------------------------------------------
Synthesis finished with 0 errors, 0 critical warnings and 2 warnings.
Synthesis Optimization Runtime : Time (s): cpu = 00:00:37 ; elapsed = 00:00:45 . Memory (MB): peak = 1260.438 ; gain = 339.320
Synthesis Optimization Complete : Time (s): cpu = 00:00:47 ; elapsed = 00:00:48 . Memory (MB): peak = 1260.438 ; gain = 471.469
INFO: [Project 1-571] Translating synthesized netlist
Netlist sorting complete. Time (s): cpu = 00:00:00 ; elapsed = 00:00:00.026 . Memory (MB): peak = 1260.438 ; gain = 0.000
INFO: [Netlist 29-17] Analyzing 141 Unisim elements for replacement
INFO: [Netlist 29-28] Unisim Transformation completed in 0 CPU seconds
INFO: [Project 1-570] Preparing netlist for logic optimization
INFO: [Opt 31-140] Inserted 1 IBUFs to IO ports without IO buffers.
INFO: [Opt 31-138] Pushed 0 inverter(s) to 0 load pin(s).
Netlist sorting complete. Time (s): cpu = 00:00:00 ; elapsed = 00:00:00.001 . Memory (MB): peak = 1272.480 ; gain = 0.000
INFO: [Project 1-111] Unisim Transformation Summary:
No Unisim elements were transformed.

INFO: [Common 17-83] Releasing license: Synthesis
116 Infos, 19 Warnings, 0 Critical Warnings and 0 Errors encountered.
synth_design completed successfully
synth_design: Time (s): cpu = 00:00:53 ; elapsed = 00:00:56 . Memory (MB): peak = 1272.480 ; gain = 814.832
Netlist sorting complete. Time (s): cpu = 00:00:00 ; elapsed = 00:00:00 . Memory (MB): peak = 1272.480 ; gain = 0.000
WARNING: [Constraints 18-5210] No constraints selected for write.
Resolution: This message can indicate that there are no constraints for the design, or it can indicate that the used_in flags are set such that the constraints are ignored. This later case is used when running synth_design to not write synthesis constraints to the resulting checkpoint. Instead, project constraints are read when the synthesized design is opened.
INFO: [Common 17-1381] The checkpoint 'C:/Users/Administrator/Desktop/K7325/DEMO/k715_vedio_sobel/k715_vedio_sobel.runs/synth_1/vedio_sobel.dcp' has been generated.
INFO: [runtcl-4] Executing : report_utilization -file vedio_sobel_utilization_synth.rpt -pb vedio_sobel_utilization_synth.pb
INFO: [Common 17-206] Exiting Vivado at Sat Dec 12 16:37:16 2020...
