#-----------------------------------------------------------
# Vivado v2019.2 (64-bit)
# SW Build 2708876 on Wed Nov  6 21:40:23 MST 2019
# IP Build 2700528 on Thu Nov  7 00:09:20 MST 2019
# Start of session at: Fri May 28 19:49:30 2021
# Process ID: 9328
# Current directory: C:/Users/Administrator/Desktop/K7325/R5/SFP/k727_sfp12_gtx_10g
# Command line: vivado.exe -gui_launcher_event rodinguilauncherevent14964 C:\Users\Administrator\Desktop\K7325\R5\SFP\k727_sfp12_gtx_10g\gtwizard_0_ex.xpr
# Log file: C:/Users/Administrator/Desktop/K7325/R5/SFP/k727_sfp12_gtx_10g/vivado.log
# Journal file: C:/Users/Administrator/Desktop/K7325/R5/SFP/k727_sfp12_gtx_10g\vivado.jou
#-----------------------------------------------------------
start_gui
open_project C:/Users/Administrator/Desktop/K7325/R5/SFP/k727_sfp12_gtx_10g/gtwizard_0_ex.xpr
INFO: [Project 1-313] Project file moved from 'C:/Users/Administrator/Desktop/gtwizard_0_ex' since last save.
Scanning sources...
Finished scanning sources
INFO: [IP_Flow 19-234] Refreshing IP repositories
INFO: [IP_Flow 19-1704] No user IP repositories specified
INFO: [IP_Flow 19-2313] Loaded Vivado IP repository 'C:/Xilinx/Vivado/2019.2/data/ip'.
open_project: Time (s): cpu = 00:00:26 ; elapsed = 00:00:13 . Memory (MB): peak = 908.203 ; gain = 258.199
update_compile_order -fileset sources_1
set_property -dict [list CONFIG.identical_val_tx_reference_clock {156.250} CONFIG.identical_val_rx_reference_clock {156.250} CONFIG.gt0_val_tx_line_rate {10} CONFIG.gt0_val_tx_data_width {32} CONFIG.gt0_val_tx_int_datawidth {40} CONFIG.gt0_val_tx_reference_clock {156.250} CONFIG.gt0_val_rx_line_rate {10} CONFIG.gt0_val_rx_data_width {32} CONFIG.gt0_val_rx_int_datawidth {40} CONFIG.gt0_val_rx_reference_clock {156.250} CONFIG.gt0_val_qpll_fbdiv {64}] [get_ips gtwizard_0]
generate_target all [get_files  C:/Users/Administrator/Desktop/K7325/R5/SFP/k727_sfp12_gtx_10g/gtwizard_0_ex.srcs/sources_1/ip/gtwizard_0/gtwizard_0.xci]
INFO: [IP_Flow 19-1686] Generating 'Instantiation Template' target for IP 'gtwizard_0'...
INFO: [IP_Flow 19-1686] Generating 'Synthesis' target for IP 'gtwizard_0'...
INFO: [IP_Flow 19-1686] Generating 'Simulation' target for IP 'gtwizard_0'...
INFO: [IP_Flow 19-1686] Generating 'Implementation' target for IP 'gtwizard_0'...
INFO: [IP_Flow 19-1686] Generating 'Change Log' target for IP 'gtwizard_0'...
generate_target: Time (s): cpu = 00:00:11 ; elapsed = 00:00:10 . Memory (MB): peak = 1057.398 ; gain = 16.465
catch { config_ip_cache -export [get_ips -all gtwizard_0] }
export_ip_user_files -of_objects [get_files C:/Users/Administrator/Desktop/K7325/R5/SFP/k727_sfp12_gtx_10g/gtwizard_0_ex.srcs/sources_1/ip/gtwizard_0/gtwizard_0.xci] -no_script -sync -force -quiet
create_ip_run [get_files -of_objects [get_fileset sources_1] C:/Users/Administrator/Desktop/K7325/R5/SFP/k727_sfp12_gtx_10g/gtwizard_0_ex.srcs/sources_1/ip/gtwizard_0/gtwizard_0.xci]
launch_runs -jobs 8 gtwizard_0_synth_1
[Fri May 28 19:51:01 2021] Launched gtwizard_0_synth_1...
Run output will be captured here: C:/Users/Administrator/Desktop/K7325/R5/SFP/k727_sfp12_gtx_10g/gtwizard_0_ex.runs/gtwizard_0_synth_1/runme.log
export_simulation -of_objects [get_files C:/Users/Administrator/Desktop/K7325/R5/SFP/k727_sfp12_gtx_10g/gtwizard_0_ex.srcs/sources_1/ip/gtwizard_0/gtwizard_0.xci] -directory C:/Users/Administrator/Desktop/K7325/R5/SFP/k727_sfp12_gtx_10g/gtwizard_0_ex.ip_user_files/sim_scripts -ip_user_files_dir C:/Users/Administrator/Desktop/K7325/R5/SFP/k727_sfp12_gtx_10g/gtwizard_0_ex.ip_user_files -ipstatic_source_dir C:/Users/Administrator/Desktop/K7325/R5/SFP/k727_sfp12_gtx_10g/gtwizard_0_ex.ip_user_files/ipstatic -lib_map_path [list {modelsim=C:/Users/Administrator/Desktop/K7325/R5/SFP/k727_sfp12_gtx_10g/gtwizard_0_ex.cache/compile_simlib/modelsim} {questa=C:/Users/Administrator/Desktop/K7325/R5/SFP/k727_sfp12_gtx_10g/gtwizard_0_ex.cache/compile_simlib/questa} {riviera=C:/Users/Administrator/Desktop/K7325/R5/SFP/k727_sfp12_gtx_10g/gtwizard_0_ex.cache/compile_simlib/riviera} {activehdl=C:/Users/Administrator/Desktop/K7325/R5/SFP/k727_sfp12_gtx_10g/gtwizard_0_ex.cache/compile_simlib/activehdl}] -use_ip_compiled_libs -force -quiet
reset_run synth_1
WARNING: [Vivado 12-1017] Problems encountered:
1. Failed to delete one or more files in run directory C:/Users/Administrator/Desktop/K7325/R5/SFP/k727_sfp12_gtx_10g/gtwizard_0_ex.runs/synth_1

launch_runs impl_1 -to_step write_bitstream -jobs 8
[Fri May 28 19:51:27 2021] Launched gtwizard_0_synth_1, synth_1...
Run output will be captured here:
gtwizard_0_synth_1: C:/Users/Administrator/Desktop/K7325/R5/SFP/k727_sfp12_gtx_10g/gtwizard_0_ex.runs/gtwizard_0_synth_1/runme.log
synth_1: C:/Users/Administrator/Desktop/K7325/R5/SFP/k727_sfp12_gtx_10g/gtwizard_0_ex.runs/synth_1/runme.log
[Fri May 28 19:51:27 2021] Launched impl_1...
Run output will be captured here: C:/Users/Administrator/Desktop/K7325/R5/SFP/k727_sfp12_gtx_10g/gtwizard_0_ex.runs/impl_1/runme.log
open_hw_manager
connect_hw_server -allow_non_jtag
INFO: [Labtools 27-2285] Connecting to hw_server url TCP:localhost:3121
INFO: [Labtools 27-3415] Connecting to cs_server url TCP:localhost:3042
INFO: [Labtools 27-3414] Connected to existing cs_server.
open_hw_target
INFO: [Labtoolstcl 44-466] Opening hw_target localhost:3121/xilinx_tcf/Digilent/210251A08870
set_property PROGRAM.FILE {C:/Users/Administrator/Desktop/K7325/R5/SFP/k727_sfp12_gtx_10g/gtwizard_0_ex.runs/impl_1/gtwizard_0_exdes.bit} [get_hw_devices xc7k325t_0]
set_property PROBES.FILE {C:/Users/Administrator/Desktop/K7325/R5/SFP/k727_sfp12_gtx_10g/gtwizard_0_ex.runs/impl_1/gtwizard_0_exdes.ltx} [get_hw_devices xc7k325t_0]
set_property FULL_PROBES.FILE {C:/Users/Administrator/Desktop/K7325/R5/SFP/k727_sfp12_gtx_10g/gtwizard_0_ex.runs/impl_1/gtwizard_0_exdes.ltx} [get_hw_devices xc7k325t_0]
current_hw_device [get_hw_devices xc7k325t_0]
refresh_hw_device [lindex [get_hw_devices xc7k325t_0] 0]
INFO: [Labtools 27-2302] Device xc7k325t (JTAG device index = 0) is programmed with a design that has 1 IBERT core(s).
WARNING: [Labtools 27-3413] Dropping logic core with cellname:'u_ila_0' at location 'uuid_23E7D65A79BC59F7BC47406C1714DFAE' from probes file, since it cannot be found on the programmed device.
refresh_hw_device: Time (s): cpu = 00:00:04 ; elapsed = 00:00:08 . Memory (MB): peak = 2366.563 ; gain = 39.414
ERROR: [Xicom 50-38] xicom: Unable to connect to debug core(s) on the target device. Check cable connectivity and that the target board is powered up then use the disconnect_hw_server and connect_hw_server to re-initialize the hardware target. Use open_hw_target to re-register the hardware device.
ERROR: [Xicom 50-38] xicom: Unable to connect to debug core(s) on the target device. Check cable connectivity and that the target board is powered up then use the disconnect_hw_server and connect_hw_server to re-initialize the hardware target. Use open_hw_target to re-register the hardware device.
set_property PROBES.FILE {C:/Users/Administrator/Desktop/K7325/R5/SFP/k727_sfp12_gtx_10g/gtwizard_0_ex.runs/impl_1/gtwizard_0_exdes.ltx} [get_hw_devices xc7k325t_0]
set_property FULL_PROBES.FILE {C:/Users/Administrator/Desktop/K7325/R5/SFP/k727_sfp12_gtx_10g/gtwizard_0_ex.runs/impl_1/gtwizard_0_exdes.ltx} [get_hw_devices xc7k325t_0]
set_property PROGRAM.FILE {C:/Users/Administrator/Desktop/K7325/R5/SFP/k727_sfp12_gtx_10g/gtwizard_0_ex.runs/impl_1/gtwizard_0_exdes.bit} [get_hw_devices xc7k325t_0]
program_hw_devices [get_hw_devices xc7k325t_0]
INFO: [Labtools 27-3164] End of startup status: HIGH
program_hw_devices: Time (s): cpu = 00:00:07 ; elapsed = 00:00:07 . Memory (MB): peak = 2384.422 ; gain = 0.000
refresh_hw_device [lindex [get_hw_devices xc7k325t_0] 0]
INFO: [Labtools 27-2302] Device xc7k325t (JTAG device index = 0) is programmed with a design that has 1 ILA core(s).
display_hw_ila_data [ get_hw_ila_data hw_ila_data_1 -of_objects [get_hw_ilas -of_objects [get_hw_devices xc7k325t_0] -filter {CELL_NAME=~"u_ila_0"}]]
run_hw_ila [get_hw_ilas -of_objects [get_hw_devices xc7k325t_0] -filter {CELL_NAME=~"u_ila_0"}]
INFO: [Labtools 27-1964] The ILA core 'hw_ila_1' trigger was armed at 2021-May-28 20:08:06
wait_on_hw_ila [get_hw_ilas -of_objects [get_hw_devices xc7k325t_0] -filter {CELL_NAME=~"u_ila_0"}]
display_hw_ila_data [upload_hw_ila_data [get_hw_ilas -of_objects [get_hw_devices xc7k325t_0] -filter {CELL_NAME=~"u_ila_0"}]]
INFO: [Labtools 27-1966] The ILA core 'hw_ila_1' triggered at 2021-May-28 20:08:06
INFO: [Labtools 27-3304] ILA Waveform data saved to file C:/Users/Administrator/Desktop/K7325/R5/SFP/k727_sfp12_gtx_10g/gtwizard_0_ex.hw/backup/hw_ila_data_1.ila. Use Tcl command 'read_hw_ila_data' or Vivado File->Import->Import ILA Data menu item to import the previously saved data.
run_hw_ila [get_hw_ilas -of_objects [get_hw_devices xc7k325t_0] -filter {CELL_NAME=~"u_ila_0"}]
INFO: [Labtools 27-1964] The ILA core 'hw_ila_1' trigger was armed at 2021-May-28 20:08:27
wait_on_hw_ila [get_hw_ilas -of_objects [get_hw_devices xc7k325t_0] -filter {CELL_NAME=~"u_ila_0"}]
display_hw_ila_data [upload_hw_ila_data [get_hw_ilas -of_objects [get_hw_devices xc7k325t_0] -filter {CELL_NAME=~"u_ila_0"}]]
INFO: [Labtools 27-1966] The ILA core 'hw_ila_1' triggered at 2021-May-28 20:08:27
INFO: [Labtools 27-3304] ILA Waveform data saved to file C:/Users/Administrator/Desktop/K7325/R5/SFP/k727_sfp12_gtx_10g/gtwizard_0_ex.hw/backup/hw_ila_data_1.ila. Use Tcl command 'read_hw_ila_data' or Vivado File->Import->Import ILA Data menu item to import the previously saved data.
run_hw_ila [get_hw_ilas -of_objects [get_hw_devices xc7k325t_0] -filter {CELL_NAME=~"u_ila_0"}]
INFO: [Labtools 27-1964] The ILA core 'hw_ila_1' trigger was armed at 2021-May-28 20:08:34
wait_on_hw_ila [get_hw_ilas -of_objects [get_hw_devices xc7k325t_0] -filter {CELL_NAME=~"u_ila_0"}]
display_hw_ila_data [upload_hw_ila_data [get_hw_ilas -of_objects [get_hw_devices xc7k325t_0] -filter {CELL_NAME=~"u_ila_0"}]]
INFO: [Labtools 27-1966] The ILA core 'hw_ila_1' triggered at 2021-May-28 20:08:34
INFO: [Labtools 27-3304] ILA Waveform data saved to file C:/Users/Administrator/Desktop/K7325/R5/SFP/k727_sfp12_gtx_10g/gtwizard_0_ex.hw/backup/hw_ila_data_1.ila. Use Tcl command 'read_hw_ila_data' or Vivado File->Import->Import ILA Data menu item to import the previously saved data.
save_wave_config {C:/Users/Administrator/Desktop/K7325/R5/SFP/k727_sfp12_gtx_10g/gtwizard_0_ex.hw/hw_1/wave/hw_ila_data_1/hw_ila_data_1.wcfg}
exit
INFO: [Common 17-206] Exiting Vivado at Fri May 28 20:08:53 2021...
