#-----------------------------------------------------------
# Vivado v2019.2 (64-bit)
# SW Build 2708876 on Wed Nov  6 21:40:23 MST 2019
# IP Build 2700528 on Thu Nov  7 00:09:20 MST 2019
# Start of session at: Wed Jul  8 13:45:28 2020
# Process ID: 11256
# Current directory: C:/Users/Administrator/Desktop/K7325/K727_PCIE_XDMA
# Command line: vivado.exe -gui_launcher_event rodinguilauncherevent10872 C:\Users\Administrator\Desktop\K7325\K727_PCIE_XDMA\K727_PCIE_XDMA.xpr
# Log file: C:/Users/Administrator/Desktop/K7325/K727_PCIE_XDMA/vivado.log
# Journal file: C:/Users/Administrator/Desktop/K7325/K727_PCIE_XDMA\vivado.jou
#-----------------------------------------------------------
start_gui
open_project C:/Users/Administrator/Desktop/K7325/K727_PCIE_XDMA/K727_PCIE_XDMA.xpr
CRITICAL WARNING: [Project 1-19] Could not find the file 'C:/Users/Administrator/Desktop/K7325/K727_PCIE_XDMA/K727_PCIE_XDMA.srcs/sources_1/bd/design_1/ip/design_1_mig_7series_0_0/mig_a.prj'.
Scanning sources...
Finished scanning sources
INFO: [IP_Flow 19-234] Refreshing IP repositories
INFO: [IP_Flow 19-1704] No user IP repositories specified
INFO: [IP_Flow 19-2313] Loaded Vivado IP repository 'C:/Xilinx/Vivado/2019.2/data/ip'.
open_project: Time (s): cpu = 00:00:19 ; elapsed = 00:00:10 . Memory (MB): peak = 1023.113 ; gain = 366.852
update_compile_order -fileset sources_1
reset_run impl_1 -prev_step 
launch_runs impl_1 -to_step write_bitstream -jobs 8
[Wed Jul  8 13:46:31 2020] Launched impl_1...
Run output will be captured here: C:/Users/Administrator/Desktop/K7325/K727_PCIE_XDMA/K727_PCIE_XDMA.runs/impl_1/runme.log
reset_run impl_1 -prev_step 
reset_run synth_1
launch_runs impl_1 -to_step write_bitstream -jobs 8
[Wed Jul  8 13:48:33 2020] Launched synth_1...
Run output will be captured here: C:/Users/Administrator/Desktop/K7325/K727_PCIE_XDMA/K727_PCIE_XDMA.runs/synth_1/runme.log
[Wed Jul  8 13:48:33 2020] Launched impl_1...
Run output will be captured here: C:/Users/Administrator/Desktop/K7325/K727_PCIE_XDMA/K727_PCIE_XDMA.runs/impl_1/runme.log
write_cfgmem  -format mcs -size 32 -interface SPIx4 -loadbit {up 0x00000000 "C:/Users/Administrator/Desktop/K7325/K727_PCIE_XDMA/K727_PCIE_XDMA.runs/impl_1/design_1_wrapper.bit" } -file "C:/Users/Administrator/Desktop/K7325/K727_PCIE_XDMA/pcie_xmda.mcs"
Command: write_cfgmem -format mcs -size 32 -interface SPIx4 -loadbit {up 0x00000000 "C:/Users/Administrator/Desktop/K7325/K727_PCIE_XDMA/K727_PCIE_XDMA.runs/impl_1/design_1_wrapper.bit" } -file C:/Users/Administrator/Desktop/K7325/K727_PCIE_XDMA/pcie_xmda.mcs
Creating config memory files...
Creating bitstream load up from address 0x00000000
Loading bitfile C:/Users/Administrator/Desktop/K7325/K727_PCIE_XDMA/K727_PCIE_XDMA.runs/impl_1/design_1_wrapper.bit
Writing file C:/Users/Administrator/Desktop/K7325/K727_PCIE_XDMA/pcie_xmda.mcs
Writing log file C:/Users/Administrator/Desktop/K7325/K727_PCIE_XDMA/pcie_xmda.prm
===================================
Configuration Memory information
===================================
File Format        MCS
Interface          SPIX4
Size               32M
Start Address      0x00000000
End Address        0x01FFFFFF

Addr1         Addr2         Date                    File(s)
0x00000000    0x003440E3    Jul  8 13:57:20 2020    C:/Users/Administrator/Desktop/K7325/K727_PCIE_XDMA/K727_PCIE_XDMA.runs/impl_1/design_1_wrapper.bit
0 Infos, 0 Warnings, 0 Critical Warnings and 0 Errors encountered.
write_cfgmem completed successfully
open_hw_manager
connect_hw_server -allow_non_jtag
INFO: [Labtools 27-2285] Connecting to hw_server url TCP:localhost:3121
INFO: [Labtools 27-2222] Launching hw_server...
INFO: [Labtools 27-2221] Launch Output:

****** Xilinx hw_server v2019.2
  **** Build date : Nov  6 2019 at 22:12:23
    ** Copyright 1986-2019 Xilinx, Inc. All Rights Reserved.


INFO: [Labtools 27-3415] Connecting to cs_server url TCP:localhost:3042
INFO: [Labtools 27-3417] Launching cs_server...
INFO: [Labtools 27-2221] Launch Output:


****** Xilinx cs_server v2019.2.0
  **** Build date : Nov 07 2019-13:28:22
    ** Copyright 2017-2019 Xilinx, Inc. All Rights Reserved.



connect_hw_server: Time (s): cpu = 00:00:01 ; elapsed = 00:00:07 . Memory (MB): peak = 3151.234 ; gain = 0.000
open_hw_target
INFO: [Labtoolstcl 44-466] Opening hw_target localhost:3121/xilinx_tcf/Digilent/210251A08870
set_property PROGRAM.FILE {C:/Users/Administrator/Desktop/K7325/K727_PCIE_XDMA/K727_PCIE_XDMA.runs/impl_1/design_1_wrapper.bit} [get_hw_devices xc7k325t_0]
current_hw_device [get_hw_devices xc7k325t_0]
refresh_hw_device -update_hw_probes false [lindex [get_hw_devices xc7k325t_0] 0]
INFO: [Labtools 27-1434] Device xc7k325t (JTAG device index = 0) is programmed with a design that has no supported debug core(s) in it.
create_hw_cfgmem -hw_device [get_hw_devices xc7k325t_0] -mem_dev [lindex [get_cfgmem_parts {mt25ql256-spi-x1_x2_x4}] 0]
set_property PROGRAM.ADDRESS_RANGE  {use_file} [ get_property PROGRAM.HW_CFGMEM [lindex [get_hw_devices xc7k325t_0] 0]]
set_property PROGRAM.FILES [list "C:/Users/Administrator/Desktop/K7325/K727_PCIE_XDMA/PCIE_XDMA.mcs" ] [ get_property PROGRAM.HW_CFGMEM [lindex [get_hw_devices xc7k325t_0] 0]]
set_property PROGRAM.PRM_FILE {C:/Users/Administrator/Desktop/K7325/K727_PCIE_XDMA/pcie_xmda.prm} [ get_property PROGRAM.HW_CFGMEM [lindex [get_hw_devices xc7k325t_0] 0]]
set_property PROGRAM.UNUSED_PIN_TERMINATION {pull-none} [ get_property PROGRAM.HW_CFGMEM [lindex [get_hw_devices xc7k325t_0] 0]]
set_property PROGRAM.BLANK_CHECK  0 [ get_property PROGRAM.HW_CFGMEM [lindex [get_hw_devices xc7k325t_0] 0]]
set_property PROGRAM.ERASE  1 [ get_property PROGRAM.HW_CFGMEM [lindex [get_hw_devices xc7k325t_0] 0]]
set_property PROGRAM.CFG_PROGRAM  1 [ get_property PROGRAM.HW_CFGMEM [lindex [get_hw_devices xc7k325t_0] 0]]
set_property PROGRAM.VERIFY  1 [ get_property PROGRAM.HW_CFGMEM [lindex [get_hw_devices xc7k325t_0] 0]]
set_property PROGRAM.CHECKSUM  0 [ get_property PROGRAM.HW_CFGMEM [lindex [get_hw_devices xc7k325t_0] 0]]
startgroup 
create_hw_bitstream -hw_device [lindex [get_hw_devices xc7k325t_0] 0] [get_property PROGRAM.HW_CFGMEM_BITFILE [ lindex [get_hw_devices xc7k325t_0] 0]]; program_hw_devices [lindex [get_hw_devices xc7k325t_0] 0]; refresh_hw_device [lindex [get_hw_devices xc7k325t_0] 0];
INFO: [Labtools 27-3164] End of startup status: HIGH
INFO: [Labtools 27-2302] Device xc7k325t (JTAG device index = 0) is programmed with a design that has 1 SPI core(s).
program_hw_cfgmem -hw_cfgmem [ get_property PROGRAM.HW_CFGMEM [lindex [get_hw_devices xc7k325t_0] 0]]
Mfg ID : 20   Memory Type : ba   Memory Capacity : 19   Device ID 1 : 0   Device ID 2 : 0
Performing Erase Operation...
Erase Operation successful.
Performing Program and Verify Operations...
Program/Verify Operation successful.
INFO: [Labtoolstcl 44-377] Flash programming completed successfully
program_hw_cfgmem: Time (s): cpu = 00:00:03 ; elapsed = 00:01:19 . Memory (MB): peak = 3151.234 ; gain = 0.000
endgroup
ERROR: [Labtoolstcl 44-513] HW Target shutdown. Closing target: localhost:3121/xilinx_tcf/Digilent/210251A08870
INFO: [Labtoolstcl 44-466] Opening hw_target localhost:3121/xilinx_tcf/Digilent/210251A08870
INFO: [Labtools 27-1434] Device xc7k325t (JTAG device index = 0) is programmed with a design that has no supported debug core(s) in it.
WARNING: [Labtoolstcl 44-129] No matching hw_ila_data was found.
ERROR: [Labtoolstcl 44-513] HW Target shutdown. Closing target: localhost:3121/xilinx_tcf/Digilent/210251A08870
exit
INFO: [Common 17-206] Exiting Vivado at Wed Jul  8 15:21:14 2020...
