#-----------------------------------------------------------
# Vivado v2019.2 (64-bit)
# SW Build 2708876 on Wed Nov  6 21:40:23 MST 2019
# IP Build 2700528 on Thu Nov  7 00:09:20 MST 2019
# Start of session at: Mon Mar  8 19:36:42 2021
# Process ID: 4780
# Current directory: C:/Users/Administrator/Desktop/K7325/DEMO/k727_sfp12_gtx_10g
# Command line: vivado.exe -gui_launcher_event rodinguilauncherevent10320 C:\Users\Administrator\Desktop\K7325\DEMO\k727_sfp12_gtx_10g\gtwizard_0_ex.xpr
# Log file: C:/Users/Administrator/Desktop/K7325/DEMO/k727_sfp12_gtx_10g/vivado.log
# Journal file: C:/Users/Administrator/Desktop/K7325/DEMO/k727_sfp12_gtx_10g\vivado.jou
#-----------------------------------------------------------
start_gui
open_project C:/Users/Administrator/Desktop/K7325/DEMO/k727_sfp12_gtx_10g/gtwizard_0_ex.xpr
INFO: [Project 1-313] Project file moved from 'C:/Users/Administrator/Desktop/gtwizard_0_ex' since last save.
Scanning sources...
Finished scanning sources
INFO: [IP_Flow 19-234] Refreshing IP repositories
INFO: [IP_Flow 19-1704] No user IP repositories specified
INFO: [IP_Flow 19-2313] Loaded Vivado IP repository 'C:/Xilinx/Vivado/2019.2/data/ip'.
open_project: Time (s): cpu = 00:00:28 ; elapsed = 00:00:14 . Memory (MB): peak = 908.516 ; gain = 264.121
update_compile_order -fileset sources_1
exit
INFO: [Common 17-206] Exiting Vivado at Mon Mar  8 19:37:46 2021...
