#-----------------------------------------------------------
# Vivado v2019.2 (64-bit)
# SW Build 2708876 on Wed Nov  6 21:40:23 MST 2019
# IP Build 2700528 on Thu Nov  7 00:09:20 MST 2019
# Start of session at: Sat Dec 12 16:27:58 2020
# Process ID: 14540
# Current directory: C:/Users/Administrator/Desktop/K7325/DEMO/k714_ov5640_rgb_to_ycbcr
# Command line: vivado.exe -gui_launcher_event rodinguilauncherevent5372 C:\Users\Administrator\Desktop\K7325\DEMO\k714_ov5640_rgb_to_ycbcr\k714_ov5640_rgb_to_ycbcr.xpr
# Log file: C:/Users/Administrator/Desktop/K7325/DEMO/k714_ov5640_rgb_to_ycbcr/vivado.log
# Journal file: C:/Users/Administrator/Desktop/K7325/DEMO/k714_ov5640_rgb_to_ycbcr\vivado.jou
#-----------------------------------------------------------
start_gui
open_project C:/Users/Administrator/Desktop/K7325/DEMO/k714_ov5640_rgb_to_ycbcr/k714_ov5640_rgb_to_ycbcr.xpr
Scanning sources...
Finished scanning sources
INFO: [IP_Flow 19-234] Refreshing IP repositories
INFO: [IP_Flow 19-1700] Loaded user IP repository 'c:/Users/Administrator/Desktop/K7325/DEMO/k714_ov5640_rgb_to_ycbcr/tmds_ip'.
INFO: [IP_Flow 19-2313] Loaded Vivado IP repository 'C:/Xilinx/Vivado/2019.2/data/ip'.
open_project: Time (s): cpu = 00:00:21 ; elapsed = 00:00:17 . Memory (MB): peak = 905.332 ; gain = 237.492
update_compile_order -fileset sources_1
reset_run synth_1
launch_runs impl_1 -to_step write_bitstream -jobs 8
INFO: [Vivado 12-4149] The synthesis checkpoint for IP 'C:/Users/Administrator/Desktop/K7325/DEMO/k714_ov5640_rgb_to_ycbcr/k714_ov5640_rgb_to_ycbcr.srcs/sources_1/ip/blk_mem_gen_0/blk_mem_gen_0.xci' is already up-to-date
INFO: [Vivado 12-4149] The synthesis checkpoint for IP 'C:/Users/Administrator/Desktop/K7325/DEMO/k714_ov5640_rgb_to_ycbcr/k714_ov5640_rgb_to_ycbcr.srcs/sources_1/ip/rgb2dvi_0/rgb2dvi_0.xci' is already up-to-date
INFO: [Vivado 12-4149] The synthesis checkpoint for IP 'C:/Users/Administrator/Desktop/K7325/DEMO/k714_ov5640_rgb_to_ycbcr/k714_ov5640_rgb_to_ycbcr.srcs/sources_1/ip/clk_wiz_0/clk_wiz_0.xci' is already up-to-date
[Sat Dec 12 16:35:38 2020] Launched synth_1...
Run output will be captured here: C:/Users/Administrator/Desktop/K7325/DEMO/k714_ov5640_rgb_to_ycbcr/k714_ov5640_rgb_to_ycbcr.runs/synth_1/runme.log
[Sat Dec 12 16:35:38 2020] Launched impl_1...
Run output will be captured here: C:/Users/Administrator/Desktop/K7325/DEMO/k714_ov5640_rgb_to_ycbcr/k714_ov5640_rgb_to_ycbcr.runs/impl_1/runme.log
open_hw_manager
connect_hw_server -allow_non_jtag
INFO: [Labtools 27-2285] Connecting to hw_server url TCP:localhost:3121
INFO: [Labtools 27-2222] Launching hw_server...
INFO: [Labtools 27-2221] Launch Output:

****** Xilinx hw_server v2019.2
  **** Build date : Nov  6 2019 at 22:12:23
    ** Copyright 1986-2019 Xilinx, Inc. All Rights Reserved.


INFO: [Labtools 27-3415] Connecting to cs_server url TCP:localhost:3042
INFO: [Labtools 27-3417] Launching cs_server...
INFO: [Labtools 27-2221] Launch Output:


****** Xilinx cs_server v2019.2.0
  **** Build date : Nov 07 2019-13:28:22
    ** Copyright 2017-2019 Xilinx, Inc. All Rights Reserved.



connect_hw_server: Time (s): cpu = 00:00:01 ; elapsed = 00:00:07 . Memory (MB): peak = 1039.977 ; gain = 0.000
open_hw_target
INFO: [Labtoolstcl 44-466] Opening hw_target localhost:3121/xilinx_tcf/Digilent/210251A08870
set_property PROGRAM.FILE {C:/Users/Administrator/Desktop/K7325/DEMO/k714_ov5640_rgb_to_ycbcr/k714_ov5640_rgb_to_ycbcr.runs/impl_1/rgb_to_ycbcr.bit} [get_hw_devices xc7k325t_0]
current_hw_device [get_hw_devices xc7k325t_0]
refresh_hw_device -update_hw_probes false [lindex [get_hw_devices xc7k325t_0] 0]
INFO: [Labtools 27-1434] Device xc7k325t (JTAG device index = 0) is programmed with a design that has no supported debug core(s) in it.
set_property PROBES.FILE {} [get_hw_devices xc7k325t_0]
set_property FULL_PROBES.FILE {} [get_hw_devices xc7k325t_0]
set_property PROGRAM.FILE {C:/Users/Administrator/Desktop/K7325/DEMO/k714_ov5640_rgb_to_ycbcr/k714_ov5640_rgb_to_ycbcr.runs/impl_1/rgb_to_ycbcr.bit} [get_hw_devices xc7k325t_0]
program_hw_devices [get_hw_devices xc7k325t_0]
INFO: [Labtools 27-3164] End of startup status: HIGH
program_hw_devices: Time (s): cpu = 00:00:07 ; elapsed = 00:00:07 . Memory (MB): peak = 2257.594 ; gain = 0.000
refresh_hw_device [lindex [get_hw_devices xc7k325t_0] 0]
INFO: [Labtools 27-1434] Device xc7k325t (JTAG device index = 0) is programmed with a design that has no supported debug core(s) in it.
exit
INFO: [Common 17-206] Exiting Vivado at Sat Dec 12 16:54:37 2020...
